{"name": "Search Automation in Home Page", "status": "broken", "statusDetails": {"message": "selenium.common.exceptions.ElementNotInteractableException: Message: element not interactable\n  (Session info: MicrosoftEdge=101.0.1210.32)\nStacktrace:\nBacktrace:\n\tMicrosoft::Applications::Events::EventProperties::unpack [0x00007FF77476CC22+24658]\n\tMicrosoft::Applications::Events::time_ticks_t::time_ticks_t [0x00007FF7746AD312+539986]\n\tOrdinal0 [0x00007FF7741B0DBB+658875]\n\tOrdinal0 [0x00007FF7741E63BC+877500]\n\tOrdinal0 [0x00007FF7741E577B+874363]\n\tOrdinal0 [0x00007FF77420769A+1013402]\n\tOrdinal0 [0x00007FF7741DFF34+851764]\n\tOrdinal0 [0x00007FF7742079B0+1014192]\n\tOrdinal0 [0x00007FF77421B9E7+1096167]\n\tOrdinal0 [0x00007FF7742074B3+1012915]\n\tOrdinal0 [0x00007FF7741DE440+844864]\n\tOrdinal0 [0x00007FF7741DF848+849992]\n\tMicrosoft::Applications::Events::EventProperty::EventProperty [0x00007FF7744717D8+120584]\n\tMicrosoft::Applications::Events::EventProperty::EventProperty [0x00007FF77445CE1E+36174]\n\tMicrosoft::Applications::Events::EventProperty::EventProperty [0x00007FF77446001C+48972]\n\tMicrosoft::Applications::Events::EventProperty::to_string [0x00007FF7742B0716+30806]\n\tMicrosoft::Applications::Events::time_ticks_t::time_ticks_t [0x00007FF7746B45E1+569377]\n\tMicrosoft::Applications::Events::time_ticks_t::time_ticks_t [0x00007FF7746B9014+588372]\n\tMicrosoft::Applications::Events::time_ticks_t::time_ticks_t [0x00007FF7746B916D+588717]\n\tMicrosoft::Applications::Events::time_ticks_t::time_ticks_t [0x00007FF7746C28FE+627518]\n\tBaseThreadInitThunk [0x00007FFE34017034+20]\n\tRtlUserThreadStart [0x00007FFE351A2651+33]\n\n", "trace": "  File \"C:\\Users\\Admin\\AppData\\Local\\Programs\\Python\\Python310\\lib\\site-packages\\behave\\model.py\", line 1329, in run\n    match.run(runner.context)\n  File \"C:\\Users\\Admin\\AppData\\Local\\Programs\\Python\\Python310\\lib\\site-packages\\behave\\matchers.py\", line 98, in run\n    self.func(context, *args, **kwargs)\n  File \"features\\steps\\SearchPageSteps.py\", line 43, in step_impl\n    hpage.setInputSearchText(keysSearch)\n  File \"C:\\Users\\Admin\\PycharmProjects\\pythonProject\\pages\\homePage.py\", line 24, in setInputSearchText\n    self.driver.find_element_by_id(self.txt_input_search_id).send_keys(character)\n  File \"C:\\Users\\Admin\\AppData\\Local\\Programs\\Python\\Python310\\lib\\site-packages\\selenium\\webdriver\\remote\\webelement.py\", line 540, in send_keys\n    self._execute(Command.SEND_KEYS_TO_ELEMENT,\n  File \"C:\\Users\\Admin\\AppData\\Local\\Programs\\Python\\Python310\\lib\\site-packages\\selenium\\webdriver\\remote\\webelement.py\", line 710, in _execute\n    return self._parent.execute(command, params)\n  File \"C:\\Users\\Admin\\AppData\\Local\\Programs\\Python\\Python310\\lib\\site-packages\\selenium\\webdriver\\remote\\webdriver.py\", line 425, in execute\n    self.error_handler.check_response(response)\n  File \"C:\\Users\\Admin\\AppData\\Local\\Programs\\Python\\Python310\\lib\\site-packages\\selenium\\webdriver\\remote\\errorhandler.py\", line 247, in check_response\n    raise exception_class(message, screen, stacktrace)\n"}, "steps": [{"name": "Given Launch the browser search", "status": "passed", "start": 1651742917331, "stop": 1651742923206}, {"name": "When identify search box & enter search text", "status": "broken", "statusDetails": {"message": "selenium.common.exceptions.ElementNotInteractableException: Message: element not interactable\n  (Session info: MicrosoftEdge=101.0.1210.32)\nStacktrace:\nBacktrace:\n\tMicrosoft::Applications::Events::EventProperties::unpack [0x00007FF77476CC22+24658]\n\tMicrosoft::Applications::Events::time_ticks_t::time_ticks_t [0x00007FF7746AD312+539986]\n\tOrdinal0 [0x00007FF7741B0DBB+658875]\n\tOrdinal0 [0x00007FF7741E63BC+877500]\n\tOrdinal0 [0x00007FF7741E577B+874363]\n\tOrdinal0 [0x00007FF77420769A+1013402]\n\tOrdinal0 [0x00007FF7741DFF34+851764]\n\tOrdinal0 [0x00007FF7742079B0+1014192]\n\tOrdinal0 [0x00007FF77421B9E7+1096167]\n\tOrdinal0 [0x00007FF7742074B3+1012915]\n\tOrdinal0 [0x00007FF7741DE440+844864]\n\tOrdinal0 [0x00007FF7741DF848+849992]\n\tMicrosoft::Applications::Events::EventProperty::EventProperty [0x00007FF7744717D8+120584]\n\tMicrosoft::Applications::Events::EventProperty::EventProperty [0x00007FF77445CE1E+36174]\n\tMicrosoft::Applications::Events::EventProperty::EventProperty [0x00007FF77446001C+48972]\n\tMicrosoft::Applications::Events::EventProperty::to_string [0x00007FF7742B0716+30806]\n\tMicrosoft::Applications::Events::time_ticks_t::time_ticks_t [0x00007FF7746B45E1+569377]\n\tMicrosoft::Applications::Events::time_ticks_t::time_ticks_t [0x00007FF7746B9014+588372]\n\tMicrosoft::Applications::Events::time_ticks_t::time_ticks_t [0x00007FF7746B916D+588717]\n\tMicrosoft::Applications::Events::time_ticks_t::time_ticks_t [0x00007FF7746C28FE+627518]\n\tBaseThreadInitThunk [0x00007FFE34017034+20]\n\tRtlUserThreadStart [0x00007FFE351A2651+33]\n\n", "trace": "  File \"C:\\Users\\Admin\\AppData\\Local\\Programs\\Python\\Python310\\lib\\site-packages\\behave\\model.py\", line 1329, in run\n    match.run(runner.context)\n  File \"C:\\Users\\Admin\\AppData\\Local\\Programs\\Python\\Python310\\lib\\site-packages\\behave\\matchers.py\", line 98, in run\n    self.func(context, *args, **kwargs)\n  File \"features\\steps\\SearchPageSteps.py\", line 43, in step_impl\n    hpage.setInputSearchText(keysSearch)\n  File \"C:\\Users\\Admin\\PycharmProjects\\pythonProject\\pages\\homePage.py\", line 24, in setInputSearchText\n    self.driver.find_element_by_id(self.txt_input_search_id).send_keys(character)\n  File \"C:\\Users\\Admin\\AppData\\Local\\Programs\\Python\\Python310\\lib\\site-packages\\selenium\\webdriver\\remote\\webelement.py\", line 540, in send_keys\n    self._execute(Command.SEND_KEYS_TO_ELEMENT,\n  File \"C:\\Users\\Admin\\AppData\\Local\\Programs\\Python\\Python310\\lib\\site-packages\\selenium\\webdriver\\remote\\webelement.py\", line 710, in _execute\n    return self._parent.execute(command, params)\n  File \"C:\\Users\\Admin\\AppData\\Local\\Programs\\Python\\Python310\\lib\\site-packages\\selenium\\webdriver\\remote\\webdriver.py\", line 425, in execute\n    self.error_handler.check_response(response)\n  File \"C:\\Users\\Admin\\AppData\\Local\\Programs\\Python\\Python310\\lib\\site-packages\\selenium\\webdriver\\remote\\errorhandler.py\", line 247, in check_response\n    raise exception_class(message, screen, stacktrace)\n"}, "start": 1651742923206, "stop": 1651742930510}], "start": 1651742917331, "stop": 1651742930510, "uuid": "b2c7d749-7d09-420a-a021-32e945f11020", "historyId": "a19b099830267cd482319767c78a8669", "fullName": "Test the browserstack application Home Page: Search Automation in Home Page", "labels": [{"name": "severity", "value": "normal"}, {"name": "feature", "value": "Test the browserstack application Home Page"}, {"name": "framework", "value": "behave"}, {"name": "language", "value": "cpython3"}]}