{"name": "Verify login functionality", "status": "broken", "statusDetails": {"message": "selenium.common.exceptions.WebDriverException: Message: chrome not reachable\n  (Session info: MicrosoftEdge=101.0.1210.47)\nStacktrace:\nBacktrace:\n\tMicrosoft::Applications::Events::EventProperties::unpack [0x00007FF6EBEDCC52+24658]\n\tMicrosoft::Applications::Events::time_ticks_t::time_ticks_t [0x00007FF6EBE1D342+539922]\n\tOrdinal0 [0x00007FF6EB920DBB+658875]\n\tOrdinal0 [0x00007FF6EB910052+589906]\n\tOrdinal0 [0x00007FF6EB91122D+594477]\n\tOrdinal0 [0x00007FF6EB9128DD+600285]\n\tOrdinal0 [0x00007FF6EB90B08F+569487]\n\tOrdinal0 [0x00007FF6EB9222C1+664257]\n\tOrdinal0 [0x00007FF6EB98B04D+1093709]\n\tOrdinal0 [0x00007FF6EB9774B3+1012915]\n\tOrdinal0 [0x00007FF6EB94E440+844864]\n\tOrdinal0 [0x00007FF6EB94F848+849992]\n\tMicrosoft::Applications::Events::EventProperty::EventProperty [0x00007FF6EBBE17D8+120584]\n\tMicrosoft::Applications::Events::EventProperty::EventProperty [0x00007FF6EBBCCE1E+36174]\n\tMicrosoft::Applications::Events::EventProperty::EventProperty [0x00007FF6EBBD001C+48972]\n\tMicrosoft::Applications::Events::EventProperty::to_string [0x00007FF6EBA20716+30806]\n\tMicrosoft::Applications::Events::time_ticks_t::time_ticks_t [0x00007FF6EBE24611+569313]\n\tMicrosoft::Applications::Events::time_ticks_t::time_ticks_t [0x00007FF6EBE29044+588308]\n\tMicrosoft::Applications::Events::time_ticks_t::time_ticks_t [0x00007FF6EBE2919D+588653]\n\tMicrosoft::Applications::Events::time_ticks_t::time_ticks_t [0x00007FF6EBE3292E+627454]\n\tBaseThreadInitThunk [0x00007FFBD6537034+20]\n\tRtlUserThreadStart [0x00007FFBD7FA2651+33]\n\n", "trace": "  File \"C:\\Users\\Admin\\venv\\lib\\site-packages\\behave\\model.py\", line 1329, in run\n    match.run(runner.context)\n  File \"C:\\Users\\Admin\\venv\\lib\\site-packages\\behave\\matchers.py\", line 98, in run\n    self.func(context, *args, **kwargs)\n  File \"features\\steps\\LoginPageSteps.py\", line 39, in step_impl\n    lpage.setusername(email)\n  File \"C:\\Users\\Admin\\PycharmProjects\\pythonProject\\pages\\loginPage.py\", line 18, in setusername\n    self.driver.find_element_by_id(self.txt_username_id).send_keys(character)\n  File \"C:\\Users\\Admin\\venv\\lib\\site-packages\\selenium\\webdriver\\remote\\webdriver.py\", line 473, in find_element_by_id\n    return self.find_element(by=By.ID, value=id_)\n  File \"C:\\Users\\Admin\\venv\\lib\\site-packages\\selenium\\webdriver\\remote\\webdriver.py\", line 1248, in find_element\n    return self.execute(Command.FIND_ELEMENT, {\n  File \"C:\\Users\\Admin\\venv\\lib\\site-packages\\selenium\\webdriver\\remote\\webdriver.py\", line 425, in execute\n    self.error_handler.check_response(response)\n  File \"C:\\Users\\Admin\\venv\\lib\\site-packages\\selenium\\webdriver\\remote\\errorhandler.py\", line 247, in check_response\n    raise exception_class(message, screen, stacktrace)\n"}, "steps": [{"name": "Given Launch the App", "status": "passed", "start": 1652889045344, "stop": 1652889053690}, {"name": "When Enter login credentials", "status": "broken", "statusDetails": {"message": "selenium.common.exceptions.WebDriverException: Message: chrome not reachable\n  (Session info: MicrosoftEdge=101.0.1210.47)\nStacktrace:\nBacktrace:\n\tMicrosoft::Applications::Events::EventProperties::unpack [0x00007FF6EBEDCC52+24658]\n\tMicrosoft::Applications::Events::time_ticks_t::time_ticks_t [0x00007FF6EBE1D342+539922]\n\tOrdinal0 [0x00007FF6EB920DBB+658875]\n\tOrdinal0 [0x00007FF6EB910052+589906]\n\tOrdinal0 [0x00007FF6EB91122D+594477]\n\tOrdinal0 [0x00007FF6EB9128DD+600285]\n\tOrdinal0 [0x00007FF6EB90B08F+569487]\n\tOrdinal0 [0x00007FF6EB9222C1+664257]\n\tOrdinal0 [0x00007FF6EB98B04D+1093709]\n\tOrdinal0 [0x00007FF6EB9774B3+1012915]\n\tOrdinal0 [0x00007FF6EB94E440+844864]\n\tOrdinal0 [0x00007FF6EB94F848+849992]\n\tMicrosoft::Applications::Events::EventProperty::EventProperty [0x00007FF6EBBE17D8+120584]\n\tMicrosoft::Applications::Events::EventProperty::EventProperty [0x00007FF6EBBCCE1E+36174]\n\tMicrosoft::Applications::Events::EventProperty::EventProperty [0x00007FF6EBBD001C+48972]\n\tMicrosoft::Applications::Events::EventProperty::to_string [0x00007FF6EBA20716+30806]\n\tMicrosoft::Applications::Events::time_ticks_t::time_ticks_t [0x00007FF6EBE24611+569313]\n\tMicrosoft::Applications::Events::time_ticks_t::time_ticks_t [0x00007FF6EBE29044+588308]\n\tMicrosoft::Applications::Events::time_ticks_t::time_ticks_t [0x00007FF6EBE2919D+588653]\n\tMicrosoft::Applications::Events::time_ticks_t::time_ticks_t [0x00007FF6EBE3292E+627454]\n\tBaseThreadInitThunk [0x00007FFBD6537034+20]\n\tRtlUserThreadStart [0x00007FFBD7FA2651+33]\n\n", "trace": "  File \"C:\\Users\\Admin\\venv\\lib\\site-packages\\behave\\model.py\", line 1329, in run\n    match.run(runner.context)\n  File \"C:\\Users\\Admin\\venv\\lib\\site-packages\\behave\\matchers.py\", line 98, in run\n    self.func(context, *args, **kwargs)\n  File \"features\\steps\\LoginPageSteps.py\", line 39, in step_impl\n    lpage.setusername(email)\n  File \"C:\\Users\\Admin\\PycharmProjects\\pythonProject\\pages\\loginPage.py\", line 18, in setusername\n    self.driver.find_element_by_id(self.txt_username_id).send_keys(character)\n  File \"C:\\Users\\Admin\\venv\\lib\\site-packages\\selenium\\webdriver\\remote\\webdriver.py\", line 473, in find_element_by_id\n    return self.find_element(by=By.ID, value=id_)\n  File \"C:\\Users\\Admin\\venv\\lib\\site-packages\\selenium\\webdriver\\remote\\webdriver.py\", line 1248, in find_element\n    return self.execute(Command.FIND_ELEMENT, {\n  File \"C:\\Users\\Admin\\venv\\lib\\site-packages\\selenium\\webdriver\\remote\\webdriver.py\", line 425, in execute\n    self.error_handler.check_response(response)\n  File \"C:\\Users\\Admin\\venv\\lib\\site-packages\\selenium\\webdriver\\remote\\errorhandler.py\", line 247, in check_response\n    raise exception_class(message, screen, stacktrace)\n"}, "start": 1652889053690, "stop": 1652889059452}, {"name": "Then Screenshot login", "status": "skipped", "start": 1652889059452, "stop": 1652889059452}, {"name": "Then Handle logout", "status": "skipped", "start": 1652889059452, "stop": 1652889059452}, {"name": "And Close the App", "status": "skipped", "start": 1652889059452, "stop": 1652889059452}], "start": 1652889045343, "stop": 1652889059452, "uuid": "ec94e16a-d43d-4844-b70d-1f81ba6645ea", "historyId": "78312a81aac68709df3e875a56139dfa", "fullName": "Test the browserstack application Login Page: Verify login functionality", "labels": [{"name": "severity", "value": "normal"}, {"name": "feature", "value": "Test the browserstack application Login Page"}, {"name": "framework", "value": "behave"}, {"name": "language", "value": "cpython3"}]}