{"name": "Search Automation in Home Page", "status": "broken", "statusDetails": {"message": "selenium.common.exceptions.WebDriverException: Message: chrome not reachable\n  (Session info: MicrosoftEdge=101.0.1210.47)\nStacktrace:\nBacktrace:\n\tMicrosoft::Applications::Events::EventProperties::unpack [0x00007FF7A320CC52+24658]\n\tMicrosoft::Applications::Events::time_ticks_t::time_ticks_t [0x00007FF7A314D342+539922]\n\tOrdinal0 [0x00007FF7A2C50DBB+658875]\n\tOrdinal0 [0x00007FF7A2C40052+589906]\n\tOrdinal0 [0x00007FF7A2C409F5+592373]\n\tOrdinal0 [0x00007FF7A2C428DD+600285]\n\tOrdinal0 [0x00007FF7A2C3B08F+569487]\n\tOrdinal0 [0x00007FF7A2C522C1+664257]\n\tOrdinal0 [0x00007FF7A2CBB04D+1093709]\n\tOrdinal0 [0x00007FF7A2CA74B3+1012915]\n\tOrdinal0 [0x00007FF7A2C7E440+844864]\n\tOrdinal0 [0x00007FF7A2C7F848+849992]\n\tMicrosoft::Applications::Events::EventProperty::EventProperty [0x00007FF7A2F117D8+120584]\n\tMicrosoft::Applications::Events::EventProperty::EventProperty [0x00007FF7A2EFCE1E+36174]\n\tMicrosoft::Applications::Events::EventProperty::EventProperty [0x00007FF7A2F0001C+48972]\n\tMicrosoft::Applications::Events::EventProperty::to_string [0x00007FF7A2D50716+30806]\n\tMicrosoft::Applications::Events::time_ticks_t::time_ticks_t [0x00007FF7A3154611+569313]\n\tMicrosoft::Applications::Events::time_ticks_t::time_ticks_t [0x00007FF7A3159044+588308]\n\tMicrosoft::Applications::Events::time_ticks_t::time_ticks_t [0x00007FF7A315919D+588653]\n\tMicrosoft::Applications::Events::time_ticks_t::time_ticks_t [0x00007FF7A316292E+627454]\n\tBaseThreadInitThunk [0x00007FFACD497034+20]\n\tRtlUserThreadStart [0x00007FFACECA2651+33]\n\n", "trace": "  File \"C:\\Users\\Admin\\AppData\\Local\\Programs\\Python\\Python310\\lib\\site-packages\\behave\\model.py\", line 1329, in run\n    match.run(runner.context)\n  File \"C:\\Users\\Admin\\AppData\\Local\\Programs\\Python\\Python310\\lib\\site-packages\\behave\\matchers.py\", line 98, in run\n    self.func(context, *args, **kwargs)\n  File \"features\\steps\\SearchPageSteps.py\", line 36, in step_impl\n    actual_title = context.driver.title\n  File \"C:\\Users\\Admin\\AppData\\Local\\Programs\\Python\\Python310\\lib\\site-packages\\selenium\\webdriver\\remote\\webdriver.py\", line 448, in title\n    resp = self.execute(Command.GET_TITLE)\n  File \"C:\\Users\\Admin\\AppData\\Local\\Programs\\Python\\Python310\\lib\\site-packages\\selenium\\webdriver\\remote\\webdriver.py\", line 425, in execute\n    self.error_handler.check_response(response)\n  File \"C:\\Users\\Admin\\AppData\\Local\\Programs\\Python\\Python310\\lib\\site-packages\\selenium\\webdriver\\remote\\errorhandler.py\", line 247, in check_response\n    raise exception_class(message, screen, stacktrace)\n"}, "steps": [{"name": "Given Launch the browser search", "status": "passed", "start": 1652841955503, "stop": 1652841966240}, {"name": "When identify search box & enter search text", "status": "broken", "statusDetails": {"message": "selenium.common.exceptions.WebDriverException: Message: chrome not reachable\n  (Session info: MicrosoftEdge=101.0.1210.47)\nStacktrace:\nBacktrace:\n\tMicrosoft::Applications::Events::EventProperties::unpack [0x00007FF7A320CC52+24658]\n\tMicrosoft::Applications::Events::time_ticks_t::time_ticks_t [0x00007FF7A314D342+539922]\n\tOrdinal0 [0x00007FF7A2C50DBB+658875]\n\tOrdinal0 [0x00007FF7A2C40052+589906]\n\tOrdinal0 [0x00007FF7A2C409F5+592373]\n\tOrdinal0 [0x00007FF7A2C428DD+600285]\n\tOrdinal0 [0x00007FF7A2C3B08F+569487]\n\tOrdinal0 [0x00007FF7A2C522C1+664257]\n\tOrdinal0 [0x00007FF7A2CBB04D+1093709]\n\tOrdinal0 [0x00007FF7A2CA74B3+1012915]\n\tOrdinal0 [0x00007FF7A2C7E440+844864]\n\tOrdinal0 [0x00007FF7A2C7F848+849992]\n\tMicrosoft::Applications::Events::EventProperty::EventProperty [0x00007FF7A2F117D8+120584]\n\tMicrosoft::Applications::Events::EventProperty::EventProperty [0x00007FF7A2EFCE1E+36174]\n\tMicrosoft::Applications::Events::EventProperty::EventProperty [0x00007FF7A2F0001C+48972]\n\tMicrosoft::Applications::Events::EventProperty::to_string [0x00007FF7A2D50716+30806]\n\tMicrosoft::Applications::Events::time_ticks_t::time_ticks_t [0x00007FF7A3154611+569313]\n\tMicrosoft::Applications::Events::time_ticks_t::time_ticks_t [0x00007FF7A3159044+588308]\n\tMicrosoft::Applications::Events::time_ticks_t::time_ticks_t [0x00007FF7A315919D+588653]\n\tMicrosoft::Applications::Events::time_ticks_t::time_ticks_t [0x00007FF7A316292E+627454]\n\tBaseThreadInitThunk [0x00007FFACD497034+20]\n\tRtlUserThreadStart [0x00007FFACECA2651+33]\n\n", "trace": "  File \"C:\\Users\\Admin\\AppData\\Local\\Programs\\Python\\Python310\\lib\\site-packages\\behave\\model.py\", line 1329, in run\n    match.run(runner.context)\n  File \"C:\\Users\\Admin\\AppData\\Local\\Programs\\Python\\Python310\\lib\\site-packages\\behave\\matchers.py\", line 98, in run\n    self.func(context, *args, **kwargs)\n  File \"features\\steps\\SearchPageSteps.py\", line 36, in step_impl\n    actual_title = context.driver.title\n  File \"C:\\Users\\Admin\\AppData\\Local\\Programs\\Python\\Python310\\lib\\site-packages\\selenium\\webdriver\\remote\\webdriver.py\", line 448, in title\n    resp = self.execute(Command.GET_TITLE)\n  File \"C:\\Users\\Admin\\AppData\\Local\\Programs\\Python\\Python310\\lib\\site-packages\\selenium\\webdriver\\remote\\webdriver.py\", line 425, in execute\n    self.error_handler.check_response(response)\n  File \"C:\\Users\\Admin\\AppData\\Local\\Programs\\Python\\Python310\\lib\\site-packages\\selenium\\webdriver\\remote\\errorhandler.py\", line 247, in check_response\n    raise exception_class(message, screen, stacktrace)\n"}, "start": 1652841966241, "stop": 1652841997888}], "start": 1652841955502, "stop": 1652841997888, "uuid": "7aed29d6-16eb-42b7-9de7-2fb58a468e40", "historyId": "a19b099830267cd482319767c78a8669", "fullName": "Test the browserstack application Home Page: Search Automation in Home Page", "labels": [{"name": "severity", "value": "normal"}, {"name": "feature", "value": "Test the browserstack application Home Page"}, {"name": "framework", "value": "behave"}, {"name": "language", "value": "cpython3"}]}