{"name": "Testing of a User Signup Form", "status": "broken", "statusDetails": {"message": "selenium.common.exceptions.ElementNotInteractableException: Message: element not interactable\n  (Session info: MicrosoftEdge=101.0.1210.47)\nStacktrace:\nBacktrace:\n\tMicrosoft::Applications::Events::EventProperties::unpack [0x00007FF6EAE8CC52+24658]\n\tMicrosoft::Applications::Events::time_ticks_t::time_ticks_t [0x00007FF6EADCD342+539922]\n\tOrdinal0 [0x00007FF6EA8D0DBB+658875]\n\tOrdinal0 [0x00007FF6EA90D680+906880]\n\tOrdinal0 [0x00007FF6EA900731+853809]\n\tOrdinal0 [0x00007FF6EA92769A+1013402]\n\tOrdinal0 [0x00007FF6EA8FFF34+851764]\n\tOrdinal0 [0x00007FF6EA9279B0+1014192]\n\tOrdinal0 [0x00007FF6EA93B9E7+1096167]\n\tOrdinal0 [0x00007FF6EA9274B3+1012915]\n\tOrdinal0 [0x00007FF6EA8FE440+844864]\n\tOrdinal0 [0x00007FF6EA8FF848+849992]\n\tMicrosoft::Applications::Events::EventProperty::EventProperty [0x00007FF6EAB917D8+120584]\n\tMicrosoft::Applications::Events::EventProperty::EventProperty [0x00007FF6EAB7CE1E+36174]\n\tMicrosoft::Applications::Events::EventProperty::EventProperty [0x00007FF6EAB8001C+48972]\n\tMicrosoft::Applications::Events::EventProperty::to_string [0x00007FF6EA9D0716+30806]\n\tMicrosoft::Applications::Events::time_ticks_t::time_ticks_t [0x00007FF6EADD4611+569313]\n\tMicrosoft::Applications::Events::time_ticks_t::time_ticks_t [0x00007FF6EADD9044+588308]\n\tMicrosoft::Applications::Events::time_ticks_t::time_ticks_t [0x00007FF6EADD919D+588653]\n\tMicrosoft::Applications::Events::time_ticks_t::time_ticks_t [0x00007FF6EADE292E+627454]\n\tBaseThreadInitThunk [0x00007FFACD497034+20]\n\tRtlUserThreadStart [0x00007FFACECA2651+33]\n\n", "trace": "  File \"C:\\Users\\Admin\\AppData\\Local\\Programs\\Python\\Python310\\lib\\site-packages\\behave\\model.py\", line 1329, in run\n    match.run(runner.context)\n  File \"C:\\Users\\Admin\\AppData\\Local\\Programs\\Python\\Python310\\lib\\site-packages\\behave\\matchers.py\", line 98, in run\n    self.func(context, *args, **kwargs)\n  File \"features\\steps\\SignupPageSteps.py\", line 51, in step_impl\n    spage.clickOnTermsAndConditions()\n  File \"C:\\Users\\Admin\\PycharmProjects\\pythonProject\\pages\\signupPage.py\", line 38, in clickOnTermsAndConditions\n    self.driver.find_element_by_name(self.terms_and_conditions_name).click()\n  File \"C:\\Users\\Admin\\AppData\\Local\\Programs\\Python\\Python310\\lib\\site-packages\\selenium\\webdriver\\remote\\webelement.py\", line 81, in click\n    self._execute(Command.CLICK_ELEMENT)\n  File \"C:\\Users\\Admin\\AppData\\Local\\Programs\\Python\\Python310\\lib\\site-packages\\selenium\\webdriver\\remote\\webelement.py\", line 710, in _execute\n    return self._parent.execute(command, params)\n  File \"C:\\Users\\Admin\\AppData\\Local\\Programs\\Python\\Python310\\lib\\site-packages\\selenium\\webdriver\\remote\\webdriver.py\", line 425, in execute\n    self.error_handler.check_response(response)\n  File \"C:\\Users\\Admin\\AppData\\Local\\Programs\\Python\\Python310\\lib\\site-packages\\selenium\\webdriver\\remote\\errorhandler.py\", line 247, in check_response\n    raise exception_class(message, screen, stacktrace)\n"}, "steps": [{"name": "Given Launch the App Signup", "status": "passed", "start": 1652852484499, "stop": 1652852493436}, {"name": "When enter Signup credentials", "status": "passed", "start": 1652852493436, "stop": 1652852509620}, {"name": "Then accept cookie notification", "status": "passed", "start": 1652852509620, "stop": 1652852510700}, {"name": "Then click on Terms and Condition", "status": "broken", "statusDetails": {"message": "selenium.common.exceptions.ElementNotInteractableException: Message: element not interactable\n  (Session info: MicrosoftEdge=101.0.1210.47)\nStacktrace:\nBacktrace:\n\tMicrosoft::Applications::Events::EventProperties::unpack [0x00007FF6EAE8CC52+24658]\n\tMicrosoft::Applications::Events::time_ticks_t::time_ticks_t [0x00007FF6EADCD342+539922]\n\tOrdinal0 [0x00007FF6EA8D0DBB+658875]\n\tOrdinal0 [0x00007FF6EA90D680+906880]\n\tOrdinal0 [0x00007FF6EA900731+853809]\n\tOrdinal0 [0x00007FF6EA92769A+1013402]\n\tOrdinal0 [0x00007FF6EA8FFF34+851764]\n\tOrdinal0 [0x00007FF6EA9279B0+1014192]\n\tOrdinal0 [0x00007FF6EA93B9E7+1096167]\n\tOrdinal0 [0x00007FF6EA9274B3+1012915]\n\tOrdinal0 [0x00007FF6EA8FE440+844864]\n\tOrdinal0 [0x00007FF6EA8FF848+849992]\n\tMicrosoft::Applications::Events::EventProperty::EventProperty [0x00007FF6EAB917D8+120584]\n\tMicrosoft::Applications::Events::EventProperty::EventProperty [0x00007FF6EAB7CE1E+36174]\n\tMicrosoft::Applications::Events::EventProperty::EventProperty [0x00007FF6EAB8001C+48972]\n\tMicrosoft::Applications::Events::EventProperty::to_string [0x00007FF6EA9D0716+30806]\n\tMicrosoft::Applications::Events::time_ticks_t::time_ticks_t [0x00007FF6EADD4611+569313]\n\tMicrosoft::Applications::Events::time_ticks_t::time_ticks_t [0x00007FF6EADD9044+588308]\n\tMicrosoft::Applications::Events::time_ticks_t::time_ticks_t [0x00007FF6EADD919D+588653]\n\tMicrosoft::Applications::Events::time_ticks_t::time_ticks_t [0x00007FF6EADE292E+627454]\n\tBaseThreadInitThunk [0x00007FFACD497034+20]\n\tRtlUserThreadStart [0x00007FFACECA2651+33]\n\n", "trace": "  File \"C:\\Users\\Admin\\AppData\\Local\\Programs\\Python\\Python310\\lib\\site-packages\\behave\\model.py\", line 1329, in run\n    match.run(runner.context)\n  File \"C:\\Users\\Admin\\AppData\\Local\\Programs\\Python\\Python310\\lib\\site-packages\\behave\\matchers.py\", line 98, in run\n    self.func(context, *args, **kwargs)\n  File \"features\\steps\\SignupPageSteps.py\", line 51, in step_impl\n    spage.clickOnTermsAndConditions()\n  File \"C:\\Users\\Admin\\PycharmProjects\\pythonProject\\pages\\signupPage.py\", line 38, in clickOnTermsAndConditions\n    self.driver.find_element_by_name(self.terms_and_conditions_name).click()\n  File \"C:\\Users\\Admin\\AppData\\Local\\Programs\\Python\\Python310\\lib\\site-packages\\selenium\\webdriver\\remote\\webelement.py\", line 81, in click\n    self._execute(Command.CLICK_ELEMENT)\n  File \"C:\\Users\\Admin\\AppData\\Local\\Programs\\Python\\Python310\\lib\\site-packages\\selenium\\webdriver\\remote\\webelement.py\", line 710, in _execute\n    return self._parent.execute(command, params)\n  File \"C:\\Users\\Admin\\AppData\\Local\\Programs\\Python\\Python310\\lib\\site-packages\\selenium\\webdriver\\remote\\webdriver.py\", line 425, in execute\n    self.error_handler.check_response(response)\n  File \"C:\\Users\\Admin\\AppData\\Local\\Programs\\Python\\Python310\\lib\\site-packages\\selenium\\webdriver\\remote\\errorhandler.py\", line 247, in check_response\n    raise exception_class(message, screen, stacktrace)\n"}, "start": 1652852510700, "stop": 1652852510992}, {"name": "Then click signup", "status": "skipped", "start": 1652852510994, "stop": 1652852510994}, {"name": "Then validate signup form", "status": "skipped", "start": 1652852510994, "stop": 1652852510994}, {"name": "Then verify the page title and screenshot Signup", "status": "skipped", "start": 1652852510994, "stop": 1652852510994}, {"name": "And close the App Signup", "status": "skipped", "start": 1652852510994, "stop": 1652852510994}], "start": 1652852484499, "stop": 1652852510994, "uuid": "9f0575e5-b3f9-49ec-bb0e-8ca59ba62801", "historyId": "083a60878f254d0d162c3b3233d9b002", "fullName": "Test the browserstack application Login Page: Testing of a User Signup Form", "labels": [{"name": "severity", "value": "normal"}, {"name": "feature", "value": "Test the browserstack application Login Page"}, {"name": "framework", "value": "behave"}, {"name": "language", "value": "cpython3"}]}