{"name": "Search Automation in Home Page", "status": "broken", "statusDetails": {"message": "selenium.common.exceptions.NoSuchElementException: Message: no such element: Unable to locate element: {\"method\":\"xpath\",\"selector\":\"//header/div[@id='doc-search-container']/nav[1]/div[1]/div[1]/div[1]/div[1]/form[1]/div[1]/button[2]\"}\n  (Session info: MicrosoftEdge=101.0.1210.32)\nStacktrace:\nBacktrace:\n\tMicrosoft::Applications::Events::EventProperties::unpack [0x00007FF7F376CC22+24658]\n\tMicrosoft::Applications::Events::time_ticks_t::time_ticks_t [0x00007FF7F36AD312+539986]\n\tOrdinal0 [0x00007FF7F31B0F05+659205]\n\tOrdinal0 [0x00007FF7F31EC1F1+901617]\n\tOrdinal0 [0x00007FF7F31EC403+902147]\n\tOrdinal0 [0x00007FF7F321E397+1106839]\n\tOrdinal0 [0x00007FF7F32076DF+1013471]\n\tOrdinal0 [0x00007FF7F321B9E7+1096167]\n\tOrdinal0 [0x00007FF7F32074B3+1012915]\n\tOrdinal0 [0x00007FF7F31DE440+844864]\n\tOrdinal0 [0x00007FF7F31DF848+849992]\n\tMicrosoft::Applications::Events::EventProperty::EventProperty [0x00007FF7F34717D8+120584]\n\tMicrosoft::Applications::Events::EventProperty::EventProperty [0x00007FF7F345CE1E+36174]\n\tMicrosoft::Applications::Events::EventProperty::EventProperty [0x00007FF7F346001C+48972]\n\tMicrosoft::Applications::Events::EventProperty::to_string [0x00007FF7F32B0716+30806]\n\tMicrosoft::Applications::Events::time_ticks_t::time_ticks_t [0x00007FF7F36B45E1+569377]\n\tMicrosoft::Applications::Events::time_ticks_t::time_ticks_t [0x00007FF7F36B9014+588372]\n\tMicrosoft::Applications::Events::time_ticks_t::time_ticks_t [0x00007FF7F36B916D+588717]\n\tMicrosoft::Applications::Events::time_ticks_t::time_ticks_t [0x00007FF7F36C28FE+627518]\n\tBaseThreadInitThunk [0x00007FFE34017034+20]\n\tRtlUserThreadStart [0x00007FFE351A2651+33]\n\n", "trace": "  File \"C:\\Users\\Admin\\AppData\\Local\\Programs\\Python\\Python310\\lib\\site-packages\\behave\\model.py\", line 1329, in run\n    match.run(runner.context)\n  File \"C:\\Users\\Admin\\AppData\\Local\\Programs\\Python\\Python310\\lib\\site-packages\\behave\\matchers.py\", line 98, in run\n    self.func(context, *args, **kwargs)\n  File \"features\\steps\\SearchPageSteps.py\", line 49, in step_impl\n    hpage.clickOnSearchKeys()\n  File \"C:\\Users\\Admin\\PycharmProjects\\pythonProject\\pages\\homePage.py\", line 34, in clickOnSearchKeys\n    self.driver.find_element_by_xpath(self.btn_input_search_xpath).click()\n  File \"C:\\Users\\Admin\\AppData\\Local\\Programs\\Python\\Python310\\lib\\site-packages\\selenium\\webdriver\\remote\\webdriver.py\", line 521, in find_element_by_xpath\n    return self.find_element(by=By.XPATH, value=xpath)\n  File \"C:\\Users\\Admin\\AppData\\Local\\Programs\\Python\\Python310\\lib\\site-packages\\selenium\\webdriver\\remote\\webdriver.py\", line 1248, in find_element\n    return self.execute(Command.FIND_ELEMENT, {\n  File \"C:\\Users\\Admin\\AppData\\Local\\Programs\\Python\\Python310\\lib\\site-packages\\selenium\\webdriver\\remote\\webdriver.py\", line 425, in execute\n    self.error_handler.check_response(response)\n  File \"C:\\Users\\Admin\\AppData\\Local\\Programs\\Python\\Python310\\lib\\site-packages\\selenium\\webdriver\\remote\\errorhandler.py\", line 247, in check_response\n    raise exception_class(message, screen, stacktrace)\n"}, "steps": [{"name": "Given Launch the browser search", "status": "passed", "start": 1651743775429, "stop": 1651743783846}, {"name": "When identify search box & enter search text", "status": "broken", "statusDetails": {"message": "selenium.common.exceptions.NoSuchElementException: Message: no such element: Unable to locate element: {\"method\":\"xpath\",\"selector\":\"//header/div[@id='doc-search-container']/nav[1]/div[1]/div[1]/div[1]/div[1]/form[1]/div[1]/button[2]\"}\n  (Session info: MicrosoftEdge=101.0.1210.32)\nStacktrace:\nBacktrace:\n\tMicrosoft::Applications::Events::EventProperties::unpack [0x00007FF7F376CC22+24658]\n\tMicrosoft::Applications::Events::time_ticks_t::time_ticks_t [0x00007FF7F36AD312+539986]\n\tOrdinal0 [0x00007FF7F31B0F05+659205]\n\tOrdinal0 [0x00007FF7F31EC1F1+901617]\n\tOrdinal0 [0x00007FF7F31EC403+902147]\n\tOrdinal0 [0x00007FF7F321E397+1106839]\n\tOrdinal0 [0x00007FF7F32076DF+1013471]\n\tOrdinal0 [0x00007FF7F321B9E7+1096167]\n\tOrdinal0 [0x00007FF7F32074B3+1012915]\n\tOrdinal0 [0x00007FF7F31DE440+844864]\n\tOrdinal0 [0x00007FF7F31DF848+849992]\n\tMicrosoft::Applications::Events::EventProperty::EventProperty [0x00007FF7F34717D8+120584]\n\tMicrosoft::Applications::Events::EventProperty::EventProperty [0x00007FF7F345CE1E+36174]\n\tMicrosoft::Applications::Events::EventProperty::EventProperty [0x00007FF7F346001C+48972]\n\tMicrosoft::Applications::Events::EventProperty::to_string [0x00007FF7F32B0716+30806]\n\tMicrosoft::Applications::Events::time_ticks_t::time_ticks_t [0x00007FF7F36B45E1+569377]\n\tMicrosoft::Applications::Events::time_ticks_t::time_ticks_t [0x00007FF7F36B9014+588372]\n\tMicrosoft::Applications::Events::time_ticks_t::time_ticks_t [0x00007FF7F36B916D+588717]\n\tMicrosoft::Applications::Events::time_ticks_t::time_ticks_t [0x00007FF7F36C28FE+627518]\n\tBaseThreadInitThunk [0x00007FFE34017034+20]\n\tRtlUserThreadStart [0x00007FFE351A2651+33]\n\n", "trace": "  File \"C:\\Users\\Admin\\AppData\\Local\\Programs\\Python\\Python310\\lib\\site-packages\\behave\\model.py\", line 1329, in run\n    match.run(runner.context)\n  File \"C:\\Users\\Admin\\AppData\\Local\\Programs\\Python\\Python310\\lib\\site-packages\\behave\\matchers.py\", line 98, in run\n    self.func(context, *args, **kwargs)\n  File \"features\\steps\\SearchPageSteps.py\", line 49, in step_impl\n    hpage.clickOnSearchKeys()\n  File \"C:\\Users\\Admin\\PycharmProjects\\pythonProject\\pages\\homePage.py\", line 34, in clickOnSearchKeys\n    self.driver.find_element_by_xpath(self.btn_input_search_xpath).click()\n  File \"C:\\Users\\Admin\\AppData\\Local\\Programs\\Python\\Python310\\lib\\site-packages\\selenium\\webdriver\\remote\\webdriver.py\", line 521, in find_element_by_xpath\n    return self.find_element(by=By.XPATH, value=xpath)\n  File \"C:\\Users\\Admin\\AppData\\Local\\Programs\\Python\\Python310\\lib\\site-packages\\selenium\\webdriver\\remote\\webdriver.py\", line 1248, in find_element\n    return self.execute(Command.FIND_ELEMENT, {\n  File \"C:\\Users\\Admin\\AppData\\Local\\Programs\\Python\\Python310\\lib\\site-packages\\selenium\\webdriver\\remote\\webdriver.py\", line 425, in execute\n    self.error_handler.check_response(response)\n  File \"C:\\Users\\Admin\\AppData\\Local\\Programs\\Python\\Python310\\lib\\site-packages\\selenium\\webdriver\\remote\\errorhandler.py\", line 247, in check_response\n    raise exception_class(message, screen, stacktrace)\n"}, "start": 1651743783846, "stop": 1651743793458}], "start": 1651743775429, "stop": 1651743793458, "uuid": "97e34057-c1c2-4bca-a579-27452fbf349a", "historyId": "a19b099830267cd482319767c78a8669", "fullName": "Test the browserstack application Home Page: Search Automation in Home Page", "labels": [{"name": "severity", "value": "normal"}, {"name": "feature", "value": "Test the browserstack application Home Page"}, {"name": "framework", "value": "behave"}, {"name": "language", "value": "cpython3"}]}