{"name": "Search Automation in Home Page", "status": "broken", "statusDetails": {"message": "selenium.common.exceptions.NoSuchWindowException: Message: no such window: target window already closed\nfrom unknown error: web view not found\n  (Session info: MicrosoftEdge=101.0.1210.47)\nStacktrace:\nBacktrace:\n\tMicrosoft::Applications::Events::EventProperties::unpack [0x00007FF720D7CC52+24658]\n\tMicrosoft::Applications::Events::time_ticks_t::time_ticks_t [0x00007FF720CBD342+539922]\n\tOrdinal0 [0x00007FF7207C0F05+659205]\n\tOrdinal0 [0x00007FF7207A0EAB+528043]\n\tOrdinal0 [0x00007FF72081A214+1024532]\n\tOrdinal0 [0x00007FF72082AFF2+1093618]\n\tOrdinal0 [0x00007FF7208174B3+1012915]\n\tOrdinal0 [0x00007FF7207EE440+844864]\n\tOrdinal0 [0x00007FF7207EF848+849992]\n\tMicrosoft::Applications::Events::EventProperty::EventProperty [0x00007FF720A817D8+120584]\n\tMicrosoft::Applications::Events::EventProperty::EventProperty [0x00007FF720A6CE1E+36174]\n\tMicrosoft::Applications::Events::EventProperty::EventProperty [0x00007FF720A7001C+48972]\n\tMicrosoft::Applications::Events::EventProperty::to_string [0x00007FF7208C0716+30806]\n\tMicrosoft::Applications::Events::time_ticks_t::time_ticks_t [0x00007FF720CC4611+569313]\n\tMicrosoft::Applications::Events::time_ticks_t::time_ticks_t [0x00007FF720CC9044+588308]\n\tMicrosoft::Applications::Events::time_ticks_t::time_ticks_t [0x00007FF720CC919D+588653]\n\tMicrosoft::Applications::Events::time_ticks_t::time_ticks_t [0x00007FF720CD292E+627454]\n\tBaseThreadInitThunk [0x00007FFACD497034+20]\n\tRtlUserThreadStart [0x00007FFACECA2651+33]\n\n", "trace": "  File \"C:\\Users\\Admin\\AppData\\Local\\Programs\\Python\\Python310\\lib\\site-packages\\behave\\model.py\", line 1329, in run\n    match.run(runner.context)\n  File \"C:\\Users\\Admin\\AppData\\Local\\Programs\\Python\\Python310\\lib\\site-packages\\behave\\matchers.py\", line 98, in run\n    self.func(context, *args, **kwargs)\n  File \"features\\steps\\SearchPageSteps.py\", line 48, in step_impl\n    hpage.setInputSearchText(keysSearch)\n  File \"C:\\Users\\Admin\\PycharmProjects\\pythonProject\\pages\\homePage.py\", line 23, in setInputSearchText\n    self.driver.find_element_by_id(self.txt_input_search_id).send_keys(character)\n  File \"C:\\Users\\Admin\\AppData\\Local\\Programs\\Python\\Python310\\lib\\site-packages\\selenium\\webdriver\\remote\\webdriver.py\", line 473, in find_element_by_id\n    return self.find_element(by=By.ID, value=id_)\n  File \"C:\\Users\\Admin\\AppData\\Local\\Programs\\Python\\Python310\\lib\\site-packages\\selenium\\webdriver\\remote\\webdriver.py\", line 1248, in find_element\n    return self.execute(Command.FIND_ELEMENT, {\n  File \"C:\\Users\\Admin\\AppData\\Local\\Programs\\Python\\Python310\\lib\\site-packages\\selenium\\webdriver\\remote\\webdriver.py\", line 425, in execute\n    self.error_handler.check_response(response)\n  File \"C:\\Users\\Admin\\AppData\\Local\\Programs\\Python\\Python310\\lib\\site-packages\\selenium\\webdriver\\remote\\errorhandler.py\", line 247, in check_response\n    raise exception_class(message, screen, stacktrace)\n"}, "steps": [{"name": "Given Launch the browser search", "status": "passed", "start": 1652846372193, "stop": 1652846380585}, {"name": "When identify search box & enter search text", "status": "broken", "statusDetails": {"message": "selenium.common.exceptions.NoSuchWindowException: Message: no such window: target window already closed\nfrom unknown error: web view not found\n  (Session info: MicrosoftEdge=101.0.1210.47)\nStacktrace:\nBacktrace:\n\tMicrosoft::Applications::Events::EventProperties::unpack [0x00007FF720D7CC52+24658]\n\tMicrosoft::Applications::Events::time_ticks_t::time_ticks_t [0x00007FF720CBD342+539922]\n\tOrdinal0 [0x00007FF7207C0F05+659205]\n\tOrdinal0 [0x00007FF7207A0EAB+528043]\n\tOrdinal0 [0x00007FF72081A214+1024532]\n\tOrdinal0 [0x00007FF72082AFF2+1093618]\n\tOrdinal0 [0x00007FF7208174B3+1012915]\n\tOrdinal0 [0x00007FF7207EE440+844864]\n\tOrdinal0 [0x00007FF7207EF848+849992]\n\tMicrosoft::Applications::Events::EventProperty::EventProperty [0x00007FF720A817D8+120584]\n\tMicrosoft::Applications::Events::EventProperty::EventProperty [0x00007FF720A6CE1E+36174]\n\tMicrosoft::Applications::Events::EventProperty::EventProperty [0x00007FF720A7001C+48972]\n\tMicrosoft::Applications::Events::EventProperty::to_string [0x00007FF7208C0716+30806]\n\tMicrosoft::Applications::Events::time_ticks_t::time_ticks_t [0x00007FF720CC4611+569313]\n\tMicrosoft::Applications::Events::time_ticks_t::time_ticks_t [0x00007FF720CC9044+588308]\n\tMicrosoft::Applications::Events::time_ticks_t::time_ticks_t [0x00007FF720CC919D+588653]\n\tMicrosoft::Applications::Events::time_ticks_t::time_ticks_t [0x00007FF720CD292E+627454]\n\tBaseThreadInitThunk [0x00007FFACD497034+20]\n\tRtlUserThreadStart [0x00007FFACECA2651+33]\n\n", "trace": "  File \"C:\\Users\\Admin\\AppData\\Local\\Programs\\Python\\Python310\\lib\\site-packages\\behave\\model.py\", line 1329, in run\n    match.run(runner.context)\n  File \"C:\\Users\\Admin\\AppData\\Local\\Programs\\Python\\Python310\\lib\\site-packages\\behave\\matchers.py\", line 98, in run\n    self.func(context, *args, **kwargs)\n  File \"features\\steps\\SearchPageSteps.py\", line 48, in step_impl\n    hpage.setInputSearchText(keysSearch)\n  File \"C:\\Users\\Admin\\PycharmProjects\\pythonProject\\pages\\homePage.py\", line 23, in setInputSearchText\n    self.driver.find_element_by_id(self.txt_input_search_id).send_keys(character)\n  File \"C:\\Users\\Admin\\AppData\\Local\\Programs\\Python\\Python310\\lib\\site-packages\\selenium\\webdriver\\remote\\webdriver.py\", line 473, in find_element_by_id\n    return self.find_element(by=By.ID, value=id_)\n  File \"C:\\Users\\Admin\\AppData\\Local\\Programs\\Python\\Python310\\lib\\site-packages\\selenium\\webdriver\\remote\\webdriver.py\", line 1248, in find_element\n    return self.execute(Command.FIND_ELEMENT, {\n  File \"C:\\Users\\Admin\\AppData\\Local\\Programs\\Python\\Python310\\lib\\site-packages\\selenium\\webdriver\\remote\\webdriver.py\", line 425, in execute\n    self.error_handler.check_response(response)\n  File \"C:\\Users\\Admin\\AppData\\Local\\Programs\\Python\\Python310\\lib\\site-packages\\selenium\\webdriver\\remote\\errorhandler.py\", line 247, in check_response\n    raise exception_class(message, screen, stacktrace)\n"}, "start": 1652846380585, "stop": 1652846381422}, {"name": "Then check title and screenShots search", "status": "skipped", "start": 1652846381424, "stop": 1652846381424}], "start": 1652846372192, "stop": 1652846381424, "uuid": "94943da8-258a-4bc5-91a0-3c61b1f3f40e", "historyId": "a19b099830267cd482319767c78a8669", "fullName": "Test the browserstack application Home Page: Search Automation in Home Page", "labels": [{"name": "severity", "value": "normal"}, {"name": "feature", "value": "Test the browserstack application Home Page"}, {"name": "framework", "value": "behave"}, {"name": "language", "value": "cpython3"}]}