{"name": "Search Automation in Home Page", "status": "broken", "statusDetails": {"message": "selenium.common.exceptions.NoSuchElementException: Message: no such element: Unable to locate element: {\"method\":\"xpath\",\"selector\":\"//*[@id=\"all-search-ds-results\"]/div/div/ol\"}\n  (Session info: MicrosoftEdge=101.0.1210.47)\nStacktrace:\nBacktrace:\n\tMicrosoft::Applications::Events::EventProperties::unpack [0x00007FF6FF20CC52+24658]\n\tMicrosoft::Applications::Events::time_ticks_t::time_ticks_t [0x00007FF6FF14D342+539922]\n\tOrdinal0 [0x00007FF6FEC50F05+659205]\n\tOrdinal0 [0x00007FF6FEC8C1F1+901617]\n\tOrdinal0 [0x00007FF6FEC8C403+902147]\n\tOrdinal0 [0x00007FF6FECBE397+1106839]\n\tOrdinal0 [0x00007FF6FECA76DF+1013471]\n\tOrdinal0 [0x00007FF6FECBB9E7+1096167]\n\tOrdinal0 [0x00007FF6FECA74B3+1012915]\n\tOrdinal0 [0x00007FF6FEC7E440+844864]\n\tOrdinal0 [0x00007FF6FEC7F848+849992]\n\tMicrosoft::Applications::Events::EventProperty::EventProperty [0x00007FF6FEF117D8+120584]\n\tMicrosoft::Applications::Events::EventProperty::EventProperty [0x00007FF6FEEFCE1E+36174]\n\tMicrosoft::Applications::Events::EventProperty::EventProperty [0x00007FF6FEF0001C+48972]\n\tMicrosoft::Applications::Events::EventProperty::to_string [0x00007FF6FED50716+30806]\n\tMicrosoft::Applications::Events::time_ticks_t::time_ticks_t [0x00007FF6FF154611+569313]\n\tMicrosoft::Applications::Events::time_ticks_t::time_ticks_t [0x00007FF6FF159044+588308]\n\tMicrosoft::Applications::Events::time_ticks_t::time_ticks_t [0x00007FF6FF15919D+588653]\n\tMicrosoft::Applications::Events::time_ticks_t::time_ticks_t [0x00007FF6FF16292E+627454]\n\tBaseThreadInitThunk [0x00007FFACD497034+20]\n\tRtlUserThreadStart [0x00007FFACECA2651+33]\n\n", "trace": "  File \"C:\\Users\\Admin\\AppData\\Local\\Programs\\Python\\Python310\\lib\\site-packages\\behave\\model.py\", line 1329, in run\n    match.run(runner.context)\n  File \"C:\\Users\\Admin\\AppData\\Local\\Programs\\Python\\Python310\\lib\\site-packages\\behave\\matchers.py\", line 98, in run\n    self.func(context, *args, **kwargs)\n  File \"features\\steps\\SearchPageSteps.py\", line 53, in step_impl\n    checkListElement = context.driver.find_element_by_xpath(list_item)\n  File \"C:\\Users\\Admin\\AppData\\Local\\Programs\\Python\\Python310\\lib\\site-packages\\selenium\\webdriver\\remote\\webdriver.py\", line 521, in find_element_by_xpath\n    return self.find_element(by=By.XPATH, value=xpath)\n  File \"C:\\Users\\Admin\\AppData\\Local\\Programs\\Python\\Python310\\lib\\site-packages\\selenium\\webdriver\\remote\\webdriver.py\", line 1248, in find_element\n    return self.execute(Command.FIND_ELEMENT, {\n  File \"C:\\Users\\Admin\\AppData\\Local\\Programs\\Python\\Python310\\lib\\site-packages\\selenium\\webdriver\\remote\\webdriver.py\", line 425, in execute\n    self.error_handler.check_response(response)\n  File \"C:\\Users\\Admin\\AppData\\Local\\Programs\\Python\\Python310\\lib\\site-packages\\selenium\\webdriver\\remote\\errorhandler.py\", line 247, in check_response\n    raise exception_class(message, screen, stacktrace)\n"}, "steps": [{"name": "Given Launch the browser search", "status": "passed", "start": 1652845668510, "stop": 1652845678392}, {"name": "When identify search box & enter search text", "status": "broken", "statusDetails": {"message": "selenium.common.exceptions.NoSuchElementException: Message: no such element: Unable to locate element: {\"method\":\"xpath\",\"selector\":\"//*[@id=\"all-search-ds-results\"]/div/div/ol\"}\n  (Session info: MicrosoftEdge=101.0.1210.47)\nStacktrace:\nBacktrace:\n\tMicrosoft::Applications::Events::EventProperties::unpack [0x00007FF6FF20CC52+24658]\n\tMicrosoft::Applications::Events::time_ticks_t::time_ticks_t [0x00007FF6FF14D342+539922]\n\tOrdinal0 [0x00007FF6FEC50F05+659205]\n\tOrdinal0 [0x00007FF6FEC8C1F1+901617]\n\tOrdinal0 [0x00007FF6FEC8C403+902147]\n\tOrdinal0 [0x00007FF6FECBE397+1106839]\n\tOrdinal0 [0x00007FF6FECA76DF+1013471]\n\tOrdinal0 [0x00007FF6FECBB9E7+1096167]\n\tOrdinal0 [0x00007FF6FECA74B3+1012915]\n\tOrdinal0 [0x00007FF6FEC7E440+844864]\n\tOrdinal0 [0x00007FF6FEC7F848+849992]\n\tMicrosoft::Applications::Events::EventProperty::EventProperty [0x00007FF6FEF117D8+120584]\n\tMicrosoft::Applications::Events::EventProperty::EventProperty [0x00007FF6FEEFCE1E+36174]\n\tMicrosoft::Applications::Events::EventProperty::EventProperty [0x00007FF6FEF0001C+48972]\n\tMicrosoft::Applications::Events::EventProperty::to_string [0x00007FF6FED50716+30806]\n\tMicrosoft::Applications::Events::time_ticks_t::time_ticks_t [0x00007FF6FF154611+569313]\n\tMicrosoft::Applications::Events::time_ticks_t::time_ticks_t [0x00007FF6FF159044+588308]\n\tMicrosoft::Applications::Events::time_ticks_t::time_ticks_t [0x00007FF6FF15919D+588653]\n\tMicrosoft::Applications::Events::time_ticks_t::time_ticks_t [0x00007FF6FF16292E+627454]\n\tBaseThreadInitThunk [0x00007FFACD497034+20]\n\tRtlUserThreadStart [0x00007FFACECA2651+33]\n\n", "trace": "  File \"C:\\Users\\Admin\\AppData\\Local\\Programs\\Python\\Python310\\lib\\site-packages\\behave\\model.py\", line 1329, in run\n    match.run(runner.context)\n  File \"C:\\Users\\Admin\\AppData\\Local\\Programs\\Python\\Python310\\lib\\site-packages\\behave\\matchers.py\", line 98, in run\n    self.func(context, *args, **kwargs)\n  File \"features\\steps\\SearchPageSteps.py\", line 53, in step_impl\n    checkListElement = context.driver.find_element_by_xpath(list_item)\n  File \"C:\\Users\\Admin\\AppData\\Local\\Programs\\Python\\Python310\\lib\\site-packages\\selenium\\webdriver\\remote\\webdriver.py\", line 521, in find_element_by_xpath\n    return self.find_element(by=By.XPATH, value=xpath)\n  File \"C:\\Users\\Admin\\AppData\\Local\\Programs\\Python\\Python310\\lib\\site-packages\\selenium\\webdriver\\remote\\webdriver.py\", line 1248, in find_element\n    return self.execute(Command.FIND_ELEMENT, {\n  File \"C:\\Users\\Admin\\AppData\\Local\\Programs\\Python\\Python310\\lib\\site-packages\\selenium\\webdriver\\remote\\webdriver.py\", line 425, in execute\n    self.error_handler.check_response(response)\n  File \"C:\\Users\\Admin\\AppData\\Local\\Programs\\Python\\Python310\\lib\\site-packages\\selenium\\webdriver\\remote\\errorhandler.py\", line 247, in check_response\n    raise exception_class(message, screen, stacktrace)\n"}, "start": 1652845678392, "stop": 1652845686635}], "start": 1652845668509, "stop": 1652845686636, "uuid": "65b993ce-d6f3-4edd-b830-34f1a11e294a", "historyId": "a19b099830267cd482319767c78a8669", "fullName": "Test the browserstack application Home Page: Search Automation in Home Page", "labels": [{"name": "severity", "value": "normal"}, {"name": "feature", "value": "Test the browserstack application Home Page"}, {"name": "framework", "value": "behave"}, {"name": "language", "value": "cpython3"}]}