{"name": "Search Automation in Home Page", "status": "broken", "statusDetails": {"message": "selenium.common.exceptions.WebDriverException: Message: chrome not reachable\n  (Session info: MicrosoftEdge=101.0.1210.47)\nStacktrace:\nBacktrace:\n\tMicrosoft::Applications::Events::EventProperties::unpack [0x00007FF6EAE8CC52+24658]\n\tMicrosoft::Applications::Events::time_ticks_t::time_ticks_t [0x00007FF6EADCD342+539922]\n\tOrdinal0 [0x00007FF6EA8D0DBB+658875]\n\tOrdinal0 [0x00007FF6EA8C0052+589906]\n\tOrdinal0 [0x00007FF6EA8C09F5+592373]\n\tOrdinal0 [0x00007FF6EA8C28DD+600285]\n\tOrdinal0 [0x00007FF6EA8BB08F+569487]\n\tOrdinal0 [0x00007FF6EA8D22C1+664257]\n\tOrdinal0 [0x00007FF6EA93B04D+1093709]\n\tOrdinal0 [0x00007FF6EA9274B3+1012915]\n\tOrdinal0 [0x00007FF6EA8FE440+844864]\n\tOrdinal0 [0x00007FF6EA8FF848+849992]\n\tMicrosoft::Applications::Events::EventProperty::EventProperty [0x00007FF6EAB917D8+120584]\n\tMicrosoft::Applications::Events::EventProperty::EventProperty [0x00007FF6EAB7CE1E+36174]\n\tMicrosoft::Applications::Events::EventProperty::EventProperty [0x00007FF6EAB8001C+48972]\n\tMicrosoft::Applications::Events::EventProperty::to_string [0x00007FF6EA9D0716+30806]\n\tMicrosoft::Applications::Events::time_ticks_t::time_ticks_t [0x00007FF6EADD4611+569313]\n\tMicrosoft::Applications::Events::time_ticks_t::time_ticks_t [0x00007FF6EADD9044+588308]\n\tMicrosoft::Applications::Events::time_ticks_t::time_ticks_t [0x00007FF6EADD919D+588653]\n\tMicrosoft::Applications::Events::time_ticks_t::time_ticks_t [0x00007FF6EADE292E+627454]\n\tBaseThreadInitThunk [0x00007FFACD497034+20]\n\tRtlUserThreadStart [0x00007FFACECA2651+33]\n\n", "trace": "  File \"C:\\Users\\Admin\\venv\\lib\\site-packages\\behave\\model.py\", line 1329, in run\n    match.run(runner.context)\n  File \"C:\\Users\\Admin\\venv\\lib\\site-packages\\behave\\matchers.py\", line 98, in run\n    self.func(context, *args, **kwargs)\n  File \"features\\steps\\SearchPageSteps.py\", line 52, in step_impl\n    listElement = context.driver.find_element_by_xpath(list_item)\n  File \"C:\\Users\\Admin\\venv\\lib\\site-packages\\selenium\\webdriver\\remote\\webdriver.py\", line 521, in find_element_by_xpath\n    return self.find_element(by=By.XPATH, value=xpath)\n  File \"C:\\Users\\Admin\\venv\\lib\\site-packages\\selenium\\webdriver\\remote\\webdriver.py\", line 1248, in find_element\n    return self.execute(Command.FIND_ELEMENT, {\n  File \"C:\\Users\\Admin\\venv\\lib\\site-packages\\selenium\\webdriver\\remote\\webdriver.py\", line 425, in execute\n    self.error_handler.check_response(response)\n  File \"C:\\Users\\Admin\\venv\\lib\\site-packages\\selenium\\webdriver\\remote\\errorhandler.py\", line 247, in check_response\n    raise exception_class(message, screen, stacktrace)\n"}, "steps": [{"name": "Given Launch the browser search", "status": "passed", "start": 1652852031792, "stop": 1652852037630}, {"name": "When identify search box & enter search text", "status": "broken", "statusDetails": {"message": "selenium.common.exceptions.WebDriverException: Message: chrome not reachable\n  (Session info: MicrosoftEdge=101.0.1210.47)\nStacktrace:\nBacktrace:\n\tMicrosoft::Applications::Events::EventProperties::unpack [0x00007FF6EAE8CC52+24658]\n\tMicrosoft::Applications::Events::time_ticks_t::time_ticks_t [0x00007FF6EADCD342+539922]\n\tOrdinal0 [0x00007FF6EA8D0DBB+658875]\n\tOrdinal0 [0x00007FF6EA8C0052+589906]\n\tOrdinal0 [0x00007FF6EA8C09F5+592373]\n\tOrdinal0 [0x00007FF6EA8C28DD+600285]\n\tOrdinal0 [0x00007FF6EA8BB08F+569487]\n\tOrdinal0 [0x00007FF6EA8D22C1+664257]\n\tOrdinal0 [0x00007FF6EA93B04D+1093709]\n\tOrdinal0 [0x00007FF6EA9274B3+1012915]\n\tOrdinal0 [0x00007FF6EA8FE440+844864]\n\tOrdinal0 [0x00007FF6EA8FF848+849992]\n\tMicrosoft::Applications::Events::EventProperty::EventProperty [0x00007FF6EAB917D8+120584]\n\tMicrosoft::Applications::Events::EventProperty::EventProperty [0x00007FF6EAB7CE1E+36174]\n\tMicrosoft::Applications::Events::EventProperty::EventProperty [0x00007FF6EAB8001C+48972]\n\tMicrosoft::Applications::Events::EventProperty::to_string [0x00007FF6EA9D0716+30806]\n\tMicrosoft::Applications::Events::time_ticks_t::time_ticks_t [0x00007FF6EADD4611+569313]\n\tMicrosoft::Applications::Events::time_ticks_t::time_ticks_t [0x00007FF6EADD9044+588308]\n\tMicrosoft::Applications::Events::time_ticks_t::time_ticks_t [0x00007FF6EADD919D+588653]\n\tMicrosoft::Applications::Events::time_ticks_t::time_ticks_t [0x00007FF6EADE292E+627454]\n\tBaseThreadInitThunk [0x00007FFACD497034+20]\n\tRtlUserThreadStart [0x00007FFACECA2651+33]\n\n", "trace": "  File \"C:\\Users\\Admin\\venv\\lib\\site-packages\\behave\\model.py\", line 1329, in run\n    match.run(runner.context)\n  File \"C:\\Users\\Admin\\venv\\lib\\site-packages\\behave\\matchers.py\", line 98, in run\n    self.func(context, *args, **kwargs)\n  File \"features\\steps\\SearchPageSteps.py\", line 52, in step_impl\n    listElement = context.driver.find_element_by_xpath(list_item)\n  File \"C:\\Users\\Admin\\venv\\lib\\site-packages\\selenium\\webdriver\\remote\\webdriver.py\", line 521, in find_element_by_xpath\n    return self.find_element(by=By.XPATH, value=xpath)\n  File \"C:\\Users\\Admin\\venv\\lib\\site-packages\\selenium\\webdriver\\remote\\webdriver.py\", line 1248, in find_element\n    return self.execute(Command.FIND_ELEMENT, {\n  File \"C:\\Users\\Admin\\venv\\lib\\site-packages\\selenium\\webdriver\\remote\\webdriver.py\", line 425, in execute\n    self.error_handler.check_response(response)\n  File \"C:\\Users\\Admin\\venv\\lib\\site-packages\\selenium\\webdriver\\remote\\errorhandler.py\", line 247, in check_response\n    raise exception_class(message, screen, stacktrace)\n"}, "start": 1652852037630, "stop": 1652852064661}, {"name": "Then check title and screenShots search", "status": "skipped", "start": 1652852064662, "stop": 1652852064662}, {"name": "And close the browser search", "status": "skipped", "start": 1652852064662, "stop": 1652852064662}], "start": 1652852031786, "stop": 1652852064662, "uuid": "8463860d-ef34-457c-9a82-c0c46bbe0be9", "historyId": "a19b099830267cd482319767c78a8669", "fullName": "Test the browserstack application Home Page: Search Automation in Home Page", "labels": [{"name": "severity", "value": "normal"}, {"name": "feature", "value": "Test the browserstack application Home Page"}, {"name": "framework", "value": "behave"}, {"name": "language", "value": "cpython3"}]}