{"name": "Search Automation in Home Page", "status": "broken", "statusDetails": {"message": "selenium.common.exceptions.NoSuchElementException: Message: no such element: Unable to locate element: {\"method\":\"xpath\",\"selector\":\"//*[@id=\"all-search-ds-results\"]/div/div/ol\"}\n  (Session info: MicrosoftEdge=101.0.1210.47)\nStacktrace:\nBacktrace:\n\tMicrosoft::Applications::Events::EventProperties::unpack [0x00007FF7112BCC52+24658]\n\tMicrosoft::Applications::Events::time_ticks_t::time_ticks_t [0x00007FF7111FD342+539922]\n\tOrdinal0 [0x00007FF710D00F05+659205]\n\tOrdinal0 [0x00007FF710D3C1F1+901617]\n\tOrdinal0 [0x00007FF710D3C403+902147]\n\tOrdinal0 [0x00007FF710D6E397+1106839]\n\tOrdinal0 [0x00007FF710D576DF+1013471]\n\tOrdinal0 [0x00007FF710D6B9E7+1096167]\n\tOrdinal0 [0x00007FF710D574B3+1012915]\n\tOrdinal0 [0x00007FF710D2E440+844864]\n\tOrdinal0 [0x00007FF710D2F848+849992]\n\tMicrosoft::Applications::Events::EventProperty::EventProperty [0x00007FF710FC17D8+120584]\n\tMicrosoft::Applications::Events::EventProperty::EventProperty [0x00007FF710FACE1E+36174]\n\tMicrosoft::Applications::Events::EventProperty::EventProperty [0x00007FF710FB001C+48972]\n\tMicrosoft::Applications::Events::EventProperty::to_string [0x00007FF710E00716+30806]\n\tMicrosoft::Applications::Events::time_ticks_t::time_ticks_t [0x00007FF711204611+569313]\n\tMicrosoft::Applications::Events::time_ticks_t::time_ticks_t [0x00007FF711209044+588308]\n\tMicrosoft::Applications::Events::time_ticks_t::time_ticks_t [0x00007FF71120919D+588653]\n\tMicrosoft::Applications::Events::time_ticks_t::time_ticks_t [0x00007FF71121292E+627454]\n\tBaseThreadInitThunk [0x00007FFACD497034+20]\n\tRtlUserThreadStart [0x00007FFACECA2651+33]\n\n", "trace": "  File \"C:\\Users\\Admin\\AppData\\Local\\Programs\\Python\\Python310\\lib\\site-packages\\behave\\model.py\", line 1329, in run\n    match.run(runner.context)\n  File \"C:\\Users\\Admin\\AppData\\Local\\Programs\\Python\\Python310\\lib\\site-packages\\behave\\matchers.py\", line 98, in run\n    self.func(context, *args, **kwargs)\n  File \"features\\steps\\SearchPageSteps.py\", line 53, in step_impl\n    checkListElement = context.driver.find_element_by_xpath(list_item).is_empty()\n  File \"C:\\Users\\Admin\\AppData\\Local\\Programs\\Python\\Python310\\lib\\site-packages\\selenium\\webdriver\\remote\\webdriver.py\", line 521, in find_element_by_xpath\n    return self.find_element(by=By.XPATH, value=xpath)\n  File \"C:\\Users\\Admin\\AppData\\Local\\Programs\\Python\\Python310\\lib\\site-packages\\selenium\\webdriver\\remote\\webdriver.py\", line 1248, in find_element\n    return self.execute(Command.FIND_ELEMENT, {\n  File \"C:\\Users\\Admin\\AppData\\Local\\Programs\\Python\\Python310\\lib\\site-packages\\selenium\\webdriver\\remote\\webdriver.py\", line 425, in execute\n    self.error_handler.check_response(response)\n  File \"C:\\Users\\Admin\\AppData\\Local\\Programs\\Python\\Python310\\lib\\site-packages\\selenium\\webdriver\\remote\\errorhandler.py\", line 247, in check_response\n    raise exception_class(message, screen, stacktrace)\n"}, "steps": [{"name": "Given Launch the browser search", "status": "passed", "start": 1652845581008, "stop": 1652845591415}, {"name": "When identify search box & enter search text", "status": "broken", "statusDetails": {"message": "selenium.common.exceptions.NoSuchElementException: Message: no such element: Unable to locate element: {\"method\":\"xpath\",\"selector\":\"//*[@id=\"all-search-ds-results\"]/div/div/ol\"}\n  (Session info: MicrosoftEdge=101.0.1210.47)\nStacktrace:\nBacktrace:\n\tMicrosoft::Applications::Events::EventProperties::unpack [0x00007FF7112BCC52+24658]\n\tMicrosoft::Applications::Events::time_ticks_t::time_ticks_t [0x00007FF7111FD342+539922]\n\tOrdinal0 [0x00007FF710D00F05+659205]\n\tOrdinal0 [0x00007FF710D3C1F1+901617]\n\tOrdinal0 [0x00007FF710D3C403+902147]\n\tOrdinal0 [0x00007FF710D6E397+1106839]\n\tOrdinal0 [0x00007FF710D576DF+1013471]\n\tOrdinal0 [0x00007FF710D6B9E7+1096167]\n\tOrdinal0 [0x00007FF710D574B3+1012915]\n\tOrdinal0 [0x00007FF710D2E440+844864]\n\tOrdinal0 [0x00007FF710D2F848+849992]\n\tMicrosoft::Applications::Events::EventProperty::EventProperty [0x00007FF710FC17D8+120584]\n\tMicrosoft::Applications::Events::EventProperty::EventProperty [0x00007FF710FACE1E+36174]\n\tMicrosoft::Applications::Events::EventProperty::EventProperty [0x00007FF710FB001C+48972]\n\tMicrosoft::Applications::Events::EventProperty::to_string [0x00007FF710E00716+30806]\n\tMicrosoft::Applications::Events::time_ticks_t::time_ticks_t [0x00007FF711204611+569313]\n\tMicrosoft::Applications::Events::time_ticks_t::time_ticks_t [0x00007FF711209044+588308]\n\tMicrosoft::Applications::Events::time_ticks_t::time_ticks_t [0x00007FF71120919D+588653]\n\tMicrosoft::Applications::Events::time_ticks_t::time_ticks_t [0x00007FF71121292E+627454]\n\tBaseThreadInitThunk [0x00007FFACD497034+20]\n\tRtlUserThreadStart [0x00007FFACECA2651+33]\n\n", "trace": "  File \"C:\\Users\\Admin\\AppData\\Local\\Programs\\Python\\Python310\\lib\\site-packages\\behave\\model.py\", line 1329, in run\n    match.run(runner.context)\n  File \"C:\\Users\\Admin\\AppData\\Local\\Programs\\Python\\Python310\\lib\\site-packages\\behave\\matchers.py\", line 98, in run\n    self.func(context, *args, **kwargs)\n  File \"features\\steps\\SearchPageSteps.py\", line 53, in step_impl\n    checkListElement = context.driver.find_element_by_xpath(list_item).is_empty()\n  File \"C:\\Users\\Admin\\AppData\\Local\\Programs\\Python\\Python310\\lib\\site-packages\\selenium\\webdriver\\remote\\webdriver.py\", line 521, in find_element_by_xpath\n    return self.find_element(by=By.XPATH, value=xpath)\n  File \"C:\\Users\\Admin\\AppData\\Local\\Programs\\Python\\Python310\\lib\\site-packages\\selenium\\webdriver\\remote\\webdriver.py\", line 1248, in find_element\n    return self.execute(Command.FIND_ELEMENT, {\n  File \"C:\\Users\\Admin\\AppData\\Local\\Programs\\Python\\Python310\\lib\\site-packages\\selenium\\webdriver\\remote\\webdriver.py\", line 425, in execute\n    self.error_handler.check_response(response)\n  File \"C:\\Users\\Admin\\AppData\\Local\\Programs\\Python\\Python310\\lib\\site-packages\\selenium\\webdriver\\remote\\errorhandler.py\", line 247, in check_response\n    raise exception_class(message, screen, stacktrace)\n"}, "start": 1652845591415, "stop": 1652845599019}], "start": 1652845581008, "stop": 1652845599020, "uuid": "69e4ba75-0c21-4a98-8938-6634cbad2074", "historyId": "a19b099830267cd482319767c78a8669", "fullName": "Test the browserstack application Home Page: Search Automation in Home Page", "labels": [{"name": "severity", "value": "normal"}, {"name": "feature", "value": "Test the browserstack application Home Page"}, {"name": "framework", "value": "behave"}, {"name": "language", "value": "cpython3"}]}