{"name": "Search Automation in Home Page", "status": "broken", "statusDetails": {"message": "selenium.common.exceptions.NoSuchElementException: Message: no such element: Unable to locate element: {\"method\":\"xpath\",\"selector\":\"//header/div[1]/div[1]/nav[1]/ul[1]/li[10]/button[1]\"}\n  (Session info: MicrosoftEdge=101.0.1210.32)\nStacktrace:\nBacktrace:\n\tMicrosoft::Applications::Events::EventProperties::unpack [0x00007FF7F358CC22+24658]\n\tMicrosoft::Applications::Events::time_ticks_t::time_ticks_t [0x00007FF7F34CD312+539986]\n\tOrdinal0 [0x00007FF7F2FD0F05+659205]\n\tOrdinal0 [0x00007FF7F300C1F1+901617]\n\tOrdinal0 [0x00007FF7F300C403+902147]\n\tOrdinal0 [0x00007FF7F303E397+1106839]\n\tOrdinal0 [0x00007FF7F30276DF+1013471]\n\tOrdinal0 [0x00007FF7F303B9E7+1096167]\n\tOrdinal0 [0x00007FF7F30274B3+1012915]\n\tOrdinal0 [0x00007FF7F2FFE440+844864]\n\tOrdinal0 [0x00007FF7F2FFF848+849992]\n\tMicrosoft::Applications::Events::EventProperty::EventProperty [0x00007FF7F32917D8+120584]\n\tMicrosoft::Applications::Events::EventProperty::EventProperty [0x00007FF7F327CE1E+36174]\n\tMicrosoft::Applications::Events::EventProperty::EventProperty [0x00007FF7F328001C+48972]\n\tMicrosoft::Applications::Events::EventProperty::to_string [0x00007FF7F30D0716+30806]\n\tMicrosoft::Applications::Events::time_ticks_t::time_ticks_t [0x00007FF7F34D45E1+569377]\n\tMicrosoft::Applications::Events::time_ticks_t::time_ticks_t [0x00007FF7F34D9014+588372]\n\tMicrosoft::Applications::Events::time_ticks_t::time_ticks_t [0x00007FF7F34D916D+588717]\n\tMicrosoft::Applications::Events::time_ticks_t::time_ticks_t [0x00007FF7F34E28FE+627518]\n\tBaseThreadInitThunk [0x00007FFE34017034+20]\n\tRtlUserThreadStart [0x00007FFE351A2651+33]\n\n", "trace": "  File \"C:\\Users\\Admin\\AppData\\Local\\Programs\\Python\\Python310\\lib\\site-packages\\behave\\model.py\", line 1329, in run\n    match.run(runner.context)\n  File \"C:\\Users\\Admin\\AppData\\Local\\Programs\\Python\\Python310\\lib\\site-packages\\behave\\matchers.py\", line 98, in run\n    self.func(context, *args, **kwargs)\n  File \"features\\steps\\SearchPageSteps.py\", line 36, in step_impl\n    hpage.clickOnOpenInputSearch()\n  File \"C:\\Users\\Admin\\PycharmProjects\\pythonProject\\pages\\homePage.py\", line 26, in clickOnOpenInputSearch\n    self.driver.find_element_by_xpath(self.icon_search_xpath).click()\n  File \"C:\\Users\\Admin\\AppData\\Local\\Programs\\Python\\Python310\\lib\\site-packages\\selenium\\webdriver\\remote\\webdriver.py\", line 521, in find_element_by_xpath\n    return self.find_element(by=By.XPATH, value=xpath)\n  File \"C:\\Users\\Admin\\AppData\\Local\\Programs\\Python\\Python310\\lib\\site-packages\\selenium\\webdriver\\remote\\webdriver.py\", line 1248, in find_element\n    return self.execute(Command.FIND_ELEMENT, {\n  File \"C:\\Users\\Admin\\AppData\\Local\\Programs\\Python\\Python310\\lib\\site-packages\\selenium\\webdriver\\remote\\webdriver.py\", line 425, in execute\n    self.error_handler.check_response(response)\n  File \"C:\\Users\\Admin\\AppData\\Local\\Programs\\Python\\Python310\\lib\\site-packages\\selenium\\webdriver\\remote\\errorhandler.py\", line 247, in check_response\n    raise exception_class(message, screen, stacktrace)\n"}, "steps": [{"name": "Given Launch the browser search", "status": "passed", "start": 1651741293441, "stop": 1651741299596}, {"name": "When identify search box & enter search text", "status": "broken", "statusDetails": {"message": "selenium.common.exceptions.NoSuchElementException: Message: no such element: Unable to locate element: {\"method\":\"xpath\",\"selector\":\"//header/div[1]/div[1]/nav[1]/ul[1]/li[10]/button[1]\"}\n  (Session info: MicrosoftEdge=101.0.1210.32)\nStacktrace:\nBacktrace:\n\tMicrosoft::Applications::Events::EventProperties::unpack [0x00007FF7F358CC22+24658]\n\tMicrosoft::Applications::Events::time_ticks_t::time_ticks_t [0x00007FF7F34CD312+539986]\n\tOrdinal0 [0x00007FF7F2FD0F05+659205]\n\tOrdinal0 [0x00007FF7F300C1F1+901617]\n\tOrdinal0 [0x00007FF7F300C403+902147]\n\tOrdinal0 [0x00007FF7F303E397+1106839]\n\tOrdinal0 [0x00007FF7F30276DF+1013471]\n\tOrdinal0 [0x00007FF7F303B9E7+1096167]\n\tOrdinal0 [0x00007FF7F30274B3+1012915]\n\tOrdinal0 [0x00007FF7F2FFE440+844864]\n\tOrdinal0 [0x00007FF7F2FFF848+849992]\n\tMicrosoft::Applications::Events::EventProperty::EventProperty [0x00007FF7F32917D8+120584]\n\tMicrosoft::Applications::Events::EventProperty::EventProperty [0x00007FF7F327CE1E+36174]\n\tMicrosoft::Applications::Events::EventProperty::EventProperty [0x00007FF7F328001C+48972]\n\tMicrosoft::Applications::Events::EventProperty::to_string [0x00007FF7F30D0716+30806]\n\tMicrosoft::Applications::Events::time_ticks_t::time_ticks_t [0x00007FF7F34D45E1+569377]\n\tMicrosoft::Applications::Events::time_ticks_t::time_ticks_t [0x00007FF7F34D9014+588372]\n\tMicrosoft::Applications::Events::time_ticks_t::time_ticks_t [0x00007FF7F34D916D+588717]\n\tMicrosoft::Applications::Events::time_ticks_t::time_ticks_t [0x00007FF7F34E28FE+627518]\n\tBaseThreadInitThunk [0x00007FFE34017034+20]\n\tRtlUserThreadStart [0x00007FFE351A2651+33]\n\n", "trace": "  File \"C:\\Users\\Admin\\AppData\\Local\\Programs\\Python\\Python310\\lib\\site-packages\\behave\\model.py\", line 1329, in run\n    match.run(runner.context)\n  File \"C:\\Users\\Admin\\AppData\\Local\\Programs\\Python\\Python310\\lib\\site-packages\\behave\\matchers.py\", line 98, in run\n    self.func(context, *args, **kwargs)\n  File \"features\\steps\\SearchPageSteps.py\", line 36, in step_impl\n    hpage.clickOnOpenInputSearch()\n  File \"C:\\Users\\Admin\\PycharmProjects\\pythonProject\\pages\\homePage.py\", line 26, in clickOnOpenInputSearch\n    self.driver.find_element_by_xpath(self.icon_search_xpath).click()\n  File \"C:\\Users\\Admin\\AppData\\Local\\Programs\\Python\\Python310\\lib\\site-packages\\selenium\\webdriver\\remote\\webdriver.py\", line 521, in find_element_by_xpath\n    return self.find_element(by=By.XPATH, value=xpath)\n  File \"C:\\Users\\Admin\\AppData\\Local\\Programs\\Python\\Python310\\lib\\site-packages\\selenium\\webdriver\\remote\\webdriver.py\", line 1248, in find_element\n    return self.execute(Command.FIND_ELEMENT, {\n  File \"C:\\Users\\Admin\\AppData\\Local\\Programs\\Python\\Python310\\lib\\site-packages\\selenium\\webdriver\\remote\\webdriver.py\", line 425, in execute\n    self.error_handler.check_response(response)\n  File \"C:\\Users\\Admin\\AppData\\Local\\Programs\\Python\\Python310\\lib\\site-packages\\selenium\\webdriver\\remote\\errorhandler.py\", line 247, in check_response\n    raise exception_class(message, screen, stacktrace)\n"}, "start": 1651741299596, "stop": 1651741304962}], "start": 1651741293441, "stop": 1651741304962, "uuid": "3fef0a77-afbd-4170-922d-366a27bb96db", "historyId": "a19b099830267cd482319767c78a8669", "fullName": "Test the browserstack application Home Page: Search Automation in Home Page", "labels": [{"name": "severity", "value": "normal"}, {"name": "feature", "value": "Test the browserstack application Home Page"}, {"name": "framework", "value": "behave"}, {"name": "language", "value": "cpython3"}]}