{"name": "Search Automation in Home Page", "status": "broken", "statusDetails": {"message": "selenium.common.exceptions.ElementNotInteractableException: Message: element not interactable\n  (Session info: MicrosoftEdge=101.0.1210.32)\nStacktrace:\nBacktrace:\n\tMicrosoft::Applications::Events::EventProperties::unpack [0x00007FF7DE0CCC22+24658]\n\tMicrosoft::Applications::Events::time_ticks_t::time_ticks_t [0x00007FF7DE00D312+539986]\n\tOrdinal0 [0x00007FF7DDB10DBB+658875]\n\tOrdinal0 [0x00007FF7DDB463BC+877500]\n\tOrdinal0 [0x00007FF7DDB4577B+874363]\n\tOrdinal0 [0x00007FF7DDB6769A+1013402]\n\tOrdinal0 [0x00007FF7DDB3FF34+851764]\n\tOrdinal0 [0x00007FF7DDB679B0+1014192]\n\tOrdinal0 [0x00007FF7DDB7B9E7+1096167]\n\tOrdinal0 [0x00007FF7DDB674B3+1012915]\n\tOrdinal0 [0x00007FF7DDB3E440+844864]\n\tOrdinal0 [0x00007FF7DDB3F848+849992]\n\tMicrosoft::Applications::Events::EventProperty::EventProperty [0x00007FF7DDDD17D8+120584]\n\tMicrosoft::Applications::Events::EventProperty::EventProperty [0x00007FF7DDDBCE1E+36174]\n\tMicrosoft::Applications::Events::EventProperty::EventProperty [0x00007FF7DDDC001C+48972]\n\tMicrosoft::Applications::Events::EventProperty::to_string [0x00007FF7DDC10716+30806]\n\tMicrosoft::Applications::Events::time_ticks_t::time_ticks_t [0x00007FF7DE0145E1+569377]\n\tMicrosoft::Applications::Events::time_ticks_t::time_ticks_t [0x00007FF7DE019014+588372]\n\tMicrosoft::Applications::Events::time_ticks_t::time_ticks_t [0x00007FF7DE01916D+588717]\n\tMicrosoft::Applications::Events::time_ticks_t::time_ticks_t [0x00007FF7DE0228FE+627518]\n\tBaseThreadInitThunk [0x00007FFE34017034+20]\n\tRtlUserThreadStart [0x00007FFE351A2651+33]\n\n", "trace": "  File \"C:\\Users\\Admin\\AppData\\Local\\Programs\\Python\\Python310\\lib\\site-packages\\behave\\model.py\", line 1329, in run\n    match.run(runner.context)\n  File \"C:\\Users\\Admin\\AppData\\Local\\Programs\\Python\\Python310\\lib\\site-packages\\behave\\matchers.py\", line 98, in run\n    self.func(context, *args, **kwargs)\n  File \"features\\steps\\SearchPageSteps.py\", line 37, in step_impl\n    hpage.setInputSearchText(keysSearch)\n  File \"C:\\Users\\Admin\\PycharmProjects\\pythonProject\\pages\\homePage.py\", line 22, in setInputSearchText\n    self.driver.find_element_by_id(self.txt_input_search_id).send_keys(character)\n  File \"C:\\Users\\Admin\\AppData\\Local\\Programs\\Python\\Python310\\lib\\site-packages\\selenium\\webdriver\\remote\\webelement.py\", line 540, in send_keys\n    self._execute(Command.SEND_KEYS_TO_ELEMENT,\n  File \"C:\\Users\\Admin\\AppData\\Local\\Programs\\Python\\Python310\\lib\\site-packages\\selenium\\webdriver\\remote\\webelement.py\", line 710, in _execute\n    return self._parent.execute(command, params)\n  File \"C:\\Users\\Admin\\AppData\\Local\\Programs\\Python\\Python310\\lib\\site-packages\\selenium\\webdriver\\remote\\webdriver.py\", line 425, in execute\n    self.error_handler.check_response(response)\n  File \"C:\\Users\\Admin\\AppData\\Local\\Programs\\Python\\Python310\\lib\\site-packages\\selenium\\webdriver\\remote\\errorhandler.py\", line 247, in check_response\n    raise exception_class(message, screen, stacktrace)\n"}, "steps": [{"name": "Given Launch the browser search", "status": "passed", "start": 1651741334792, "stop": 1651741340184}, {"name": "When identify search box & enter search text", "status": "broken", "statusDetails": {"message": "selenium.common.exceptions.ElementNotInteractableException: Message: element not interactable\n  (Session info: MicrosoftEdge=101.0.1210.32)\nStacktrace:\nBacktrace:\n\tMicrosoft::Applications::Events::EventProperties::unpack [0x00007FF7DE0CCC22+24658]\n\tMicrosoft::Applications::Events::time_ticks_t::time_ticks_t [0x00007FF7DE00D312+539986]\n\tOrdinal0 [0x00007FF7DDB10DBB+658875]\n\tOrdinal0 [0x00007FF7DDB463BC+877500]\n\tOrdinal0 [0x00007FF7DDB4577B+874363]\n\tOrdinal0 [0x00007FF7DDB6769A+1013402]\n\tOrdinal0 [0x00007FF7DDB3FF34+851764]\n\tOrdinal0 [0x00007FF7DDB679B0+1014192]\n\tOrdinal0 [0x00007FF7DDB7B9E7+1096167]\n\tOrdinal0 [0x00007FF7DDB674B3+1012915]\n\tOrdinal0 [0x00007FF7DDB3E440+844864]\n\tOrdinal0 [0x00007FF7DDB3F848+849992]\n\tMicrosoft::Applications::Events::EventProperty::EventProperty [0x00007FF7DDDD17D8+120584]\n\tMicrosoft::Applications::Events::EventProperty::EventProperty [0x00007FF7DDDBCE1E+36174]\n\tMicrosoft::Applications::Events::EventProperty::EventProperty [0x00007FF7DDDC001C+48972]\n\tMicrosoft::Applications::Events::EventProperty::to_string [0x00007FF7DDC10716+30806]\n\tMicrosoft::Applications::Events::time_ticks_t::time_ticks_t [0x00007FF7DE0145E1+569377]\n\tMicrosoft::Applications::Events::time_ticks_t::time_ticks_t [0x00007FF7DE019014+588372]\n\tMicrosoft::Applications::Events::time_ticks_t::time_ticks_t [0x00007FF7DE01916D+588717]\n\tMicrosoft::Applications::Events::time_ticks_t::time_ticks_t [0x00007FF7DE0228FE+627518]\n\tBaseThreadInitThunk [0x00007FFE34017034+20]\n\tRtlUserThreadStart [0x00007FFE351A2651+33]\n\n", "trace": "  File \"C:\\Users\\Admin\\AppData\\Local\\Programs\\Python\\Python310\\lib\\site-packages\\behave\\model.py\", line 1329, in run\n    match.run(runner.context)\n  File \"C:\\Users\\Admin\\AppData\\Local\\Programs\\Python\\Python310\\lib\\site-packages\\behave\\matchers.py\", line 98, in run\n    self.func(context, *args, **kwargs)\n  File \"features\\steps\\SearchPageSteps.py\", line 37, in step_impl\n    hpage.setInputSearchText(keysSearch)\n  File \"C:\\Users\\Admin\\PycharmProjects\\pythonProject\\pages\\homePage.py\", line 22, in setInputSearchText\n    self.driver.find_element_by_id(self.txt_input_search_id).send_keys(character)\n  File \"C:\\Users\\Admin\\AppData\\Local\\Programs\\Python\\Python310\\lib\\site-packages\\selenium\\webdriver\\remote\\webelement.py\", line 540, in send_keys\n    self._execute(Command.SEND_KEYS_TO_ELEMENT,\n  File \"C:\\Users\\Admin\\AppData\\Local\\Programs\\Python\\Python310\\lib\\site-packages\\selenium\\webdriver\\remote\\webelement.py\", line 710, in _execute\n    return self._parent.execute(command, params)\n  File \"C:\\Users\\Admin\\AppData\\Local\\Programs\\Python\\Python310\\lib\\site-packages\\selenium\\webdriver\\remote\\webdriver.py\", line 425, in execute\n    self.error_handler.check_response(response)\n  File \"C:\\Users\\Admin\\AppData\\Local\\Programs\\Python\\Python310\\lib\\site-packages\\selenium\\webdriver\\remote\\errorhandler.py\", line 247, in check_response\n    raise exception_class(message, screen, stacktrace)\n"}, "start": 1651741340185, "stop": 1651741345140}], "start": 1651741334792, "stop": 1651741345140, "uuid": "051974ab-06ce-4664-b4e7-8337f49da01e", "historyId": "a19b099830267cd482319767c78a8669", "fullName": "Test the browserstack application Home Page: Search Automation in Home Page", "labels": [{"name": "severity", "value": "normal"}, {"name": "feature", "value": "Test the browserstack application Home Page"}, {"name": "framework", "value": "behave"}, {"name": "language", "value": "cpython3"}]}