{"name": "Search Automation in Home Page", "status": "broken", "statusDetails": {"message": "selenium.common.exceptions.NoSuchElementException: Message: no such element: Unable to locate element: {\"method\":\"xpath\",\"selector\":\"//*[@id=\"all-search-ds-results\"]/div/div/ol\"}\n  (Session info: MicrosoftEdge=101.0.1210.47)\nStacktrace:\nBacktrace:\n\tMicrosoft::Applications::Events::EventProperties::unpack [0x00007FF6BA44CC52+24658]\n\tMicrosoft::Applications::Events::time_ticks_t::time_ticks_t [0x00007FF6BA38D342+539922]\n\tOrdinal0 [0x00007FF6B9E90F05+659205]\n\tOrdinal0 [0x00007FF6B9ECC1F1+901617]\n\tOrdinal0 [0x00007FF6B9ECC403+902147]\n\tOrdinal0 [0x00007FF6B9EFE397+1106839]\n\tOrdinal0 [0x00007FF6B9EE76DF+1013471]\n\tOrdinal0 [0x00007FF6B9EFB9E7+1096167]\n\tOrdinal0 [0x00007FF6B9EE74B3+1012915]\n\tOrdinal0 [0x00007FF6B9EBE440+844864]\n\tOrdinal0 [0x00007FF6B9EBF848+849992]\n\tMicrosoft::Applications::Events::EventProperty::EventProperty [0x00007FF6BA1517D8+120584]\n\tMicrosoft::Applications::Events::EventProperty::EventProperty [0x00007FF6BA13CE1E+36174]\n\tMicrosoft::Applications::Events::EventProperty::EventProperty [0x00007FF6BA14001C+48972]\n\tMicrosoft::Applications::Events::EventProperty::to_string [0x00007FF6B9F90716+30806]\n\tMicrosoft::Applications::Events::time_ticks_t::time_ticks_t [0x00007FF6BA394611+569313]\n\tMicrosoft::Applications::Events::time_ticks_t::time_ticks_t [0x00007FF6BA399044+588308]\n\tMicrosoft::Applications::Events::time_ticks_t::time_ticks_t [0x00007FF6BA39919D+588653]\n\tMicrosoft::Applications::Events::time_ticks_t::time_ticks_t [0x00007FF6BA3A292E+627454]\n\tBaseThreadInitThunk [0x00007FFACD497034+20]\n\tRtlUserThreadStart [0x00007FFACECA2651+33]\n\n", "trace": "  File \"C:\\Users\\Admin\\AppData\\Local\\Programs\\Python\\Python310\\lib\\site-packages\\behave\\model.py\", line 1329, in run\n    match.run(runner.context)\n  File \"C:\\Users\\Admin\\AppData\\Local\\Programs\\Python\\Python310\\lib\\site-packages\\behave\\matchers.py\", line 98, in run\n    self.func(context, *args, **kwargs)\n  File \"features\\steps\\SearchPageSteps.py\", line 53, in step_impl\n    listElement = context.driver.find_element_by_xpath(list_item)\n  File \"C:\\Users\\Admin\\AppData\\Local\\Programs\\Python\\Python310\\lib\\site-packages\\selenium\\webdriver\\remote\\webdriver.py\", line 521, in find_element_by_xpath\n    return self.find_element(by=By.XPATH, value=xpath)\n  File \"C:\\Users\\Admin\\AppData\\Local\\Programs\\Python\\Python310\\lib\\site-packages\\selenium\\webdriver\\remote\\webdriver.py\", line 1248, in find_element\n    return self.execute(Command.FIND_ELEMENT, {\n  File \"C:\\Users\\Admin\\AppData\\Local\\Programs\\Python\\Python310\\lib\\site-packages\\selenium\\webdriver\\remote\\webdriver.py\", line 425, in execute\n    self.error_handler.check_response(response)\n  File \"C:\\Users\\Admin\\AppData\\Local\\Programs\\Python\\Python310\\lib\\site-packages\\selenium\\webdriver\\remote\\errorhandler.py\", line 247, in check_response\n    raise exception_class(message, screen, stacktrace)\n"}, "steps": [{"name": "Given Launch the browser search", "status": "passed", "start": 1652843818098, "stop": 1652843824314}, {"name": "When identify search box & enter search text", "status": "broken", "statusDetails": {"message": "selenium.common.exceptions.NoSuchElementException: Message: no such element: Unable to locate element: {\"method\":\"xpath\",\"selector\":\"//*[@id=\"all-search-ds-results\"]/div/div/ol\"}\n  (Session info: MicrosoftEdge=101.0.1210.47)\nStacktrace:\nBacktrace:\n\tMicrosoft::Applications::Events::EventProperties::unpack [0x00007FF6BA44CC52+24658]\n\tMicrosoft::Applications::Events::time_ticks_t::time_ticks_t [0x00007FF6BA38D342+539922]\n\tOrdinal0 [0x00007FF6B9E90F05+659205]\n\tOrdinal0 [0x00007FF6B9ECC1F1+901617]\n\tOrdinal0 [0x00007FF6B9ECC403+902147]\n\tOrdinal0 [0x00007FF6B9EFE397+1106839]\n\tOrdinal0 [0x00007FF6B9EE76DF+1013471]\n\tOrdinal0 [0x00007FF6B9EFB9E7+1096167]\n\tOrdinal0 [0x00007FF6B9EE74B3+1012915]\n\tOrdinal0 [0x00007FF6B9EBE440+844864]\n\tOrdinal0 [0x00007FF6B9EBF848+849992]\n\tMicrosoft::Applications::Events::EventProperty::EventProperty [0x00007FF6BA1517D8+120584]\n\tMicrosoft::Applications::Events::EventProperty::EventProperty [0x00007FF6BA13CE1E+36174]\n\tMicrosoft::Applications::Events::EventProperty::EventProperty [0x00007FF6BA14001C+48972]\n\tMicrosoft::Applications::Events::EventProperty::to_string [0x00007FF6B9F90716+30806]\n\tMicrosoft::Applications::Events::time_ticks_t::time_ticks_t [0x00007FF6BA394611+569313]\n\tMicrosoft::Applications::Events::time_ticks_t::time_ticks_t [0x00007FF6BA399044+588308]\n\tMicrosoft::Applications::Events::time_ticks_t::time_ticks_t [0x00007FF6BA39919D+588653]\n\tMicrosoft::Applications::Events::time_ticks_t::time_ticks_t [0x00007FF6BA3A292E+627454]\n\tBaseThreadInitThunk [0x00007FFACD497034+20]\n\tRtlUserThreadStart [0x00007FFACECA2651+33]\n\n", "trace": "  File \"C:\\Users\\Admin\\AppData\\Local\\Programs\\Python\\Python310\\lib\\site-packages\\behave\\model.py\", line 1329, in run\n    match.run(runner.context)\n  File \"C:\\Users\\Admin\\AppData\\Local\\Programs\\Python\\Python310\\lib\\site-packages\\behave\\matchers.py\", line 98, in run\n    self.func(context, *args, **kwargs)\n  File \"features\\steps\\SearchPageSteps.py\", line 53, in step_impl\n    listElement = context.driver.find_element_by_xpath(list_item)\n  File \"C:\\Users\\Admin\\AppData\\Local\\Programs\\Python\\Python310\\lib\\site-packages\\selenium\\webdriver\\remote\\webdriver.py\", line 521, in find_element_by_xpath\n    return self.find_element(by=By.XPATH, value=xpath)\n  File \"C:\\Users\\Admin\\AppData\\Local\\Programs\\Python\\Python310\\lib\\site-packages\\selenium\\webdriver\\remote\\webdriver.py\", line 1248, in find_element\n    return self.execute(Command.FIND_ELEMENT, {\n  File \"C:\\Users\\Admin\\AppData\\Local\\Programs\\Python\\Python310\\lib\\site-packages\\selenium\\webdriver\\remote\\webdriver.py\", line 425, in execute\n    self.error_handler.check_response(response)\n  File \"C:\\Users\\Admin\\AppData\\Local\\Programs\\Python\\Python310\\lib\\site-packages\\selenium\\webdriver\\remote\\errorhandler.py\", line 247, in check_response\n    raise exception_class(message, screen, stacktrace)\n"}, "start": 1652843824314, "stop": 1652843831488}], "start": 1652843818097, "stop": 1652843831488, "uuid": "3b47ee99-54a6-4095-a7c3-b4c0dbc438f6", "historyId": "a19b099830267cd482319767c78a8669", "fullName": "Test the browserstack application Home Page: Search Automation in Home Page", "labels": [{"name": "severity", "value": "normal"}, {"name": "feature", "value": "Test the browserstack application Home Page"}, {"name": "framework", "value": "behave"}, {"name": "language", "value": "cpython3"}]}