{"name": "Search Automation in Home Page", "status": "broken", "statusDetails": {"message": "selenium.common.exceptions.NoSuchElementException: Message: no such element: Unable to locate element: {\"method\":\"xpath\",\"selector\":\"//*[@id=\"all-search-ds-results\"]/div/div/ol\"}\n  (Session info: MicrosoftEdge=101.0.1210.47)\nStacktrace:\nBacktrace:\n\tMicrosoft::Applications::Events::EventProperties::unpack [0x00007FF65523CC52+24658]\n\tMicrosoft::Applications::Events::time_ticks_t::time_ticks_t [0x00007FF65517D342+539922]\n\tOrdinal0 [0x00007FF654C80F05+659205]\n\tOrdinal0 [0x00007FF654CBC1F1+901617]\n\tOrdinal0 [0x00007FF654CBC403+902147]\n\tOrdinal0 [0x00007FF654CEE397+1106839]\n\tOrdinal0 [0x00007FF654CD76DF+1013471]\n\tOrdinal0 [0x00007FF654CEB9E7+1096167]\n\tOrdinal0 [0x00007FF654CD74B3+1012915]\n\tOrdinal0 [0x00007FF654CAE440+844864]\n\tOrdinal0 [0x00007FF654CAF848+849992]\n\tMicrosoft::Applications::Events::EventProperty::EventProperty [0x00007FF654F417D8+120584]\n\tMicrosoft::Applications::Events::EventProperty::EventProperty [0x00007FF654F2CE1E+36174]\n\tMicrosoft::Applications::Events::EventProperty::EventProperty [0x00007FF654F3001C+48972]\n\tMicrosoft::Applications::Events::EventProperty::to_string [0x00007FF654D80716+30806]\n\tMicrosoft::Applications::Events::time_ticks_t::time_ticks_t [0x00007FF655184611+569313]\n\tMicrosoft::Applications::Events::time_ticks_t::time_ticks_t [0x00007FF655189044+588308]\n\tMicrosoft::Applications::Events::time_ticks_t::time_ticks_t [0x00007FF65518919D+588653]\n\tMicrosoft::Applications::Events::time_ticks_t::time_ticks_t [0x00007FF65519292E+627454]\n\tBaseThreadInitThunk [0x00007FFACD497034+20]\n\tRtlUserThreadStart [0x00007FFACECA2651+33]\n\n", "trace": "  File \"C:\\Users\\Admin\\AppData\\Local\\Programs\\Python\\Python310\\lib\\site-packages\\behave\\model.py\", line 1329, in run\n    match.run(runner.context)\n  File \"C:\\Users\\Admin\\AppData\\Local\\Programs\\Python\\Python310\\lib\\site-packages\\behave\\matchers.py\", line 98, in run\n    self.func(context, *args, **kwargs)\n  File \"features\\steps\\SearchPageSteps.py\", line 53, in step_impl\n    listElement = context.driver.find_element_by_xpath(list_item).size() != 0\n  File \"C:\\Users\\Admin\\AppData\\Local\\Programs\\Python\\Python310\\lib\\site-packages\\selenium\\webdriver\\remote\\webdriver.py\", line 521, in find_element_by_xpath\n    return self.find_element(by=By.XPATH, value=xpath)\n  File \"C:\\Users\\Admin\\AppData\\Local\\Programs\\Python\\Python310\\lib\\site-packages\\selenium\\webdriver\\remote\\webdriver.py\", line 1248, in find_element\n    return self.execute(Command.FIND_ELEMENT, {\n  File \"C:\\Users\\Admin\\AppData\\Local\\Programs\\Python\\Python310\\lib\\site-packages\\selenium\\webdriver\\remote\\webdriver.py\", line 425, in execute\n    self.error_handler.check_response(response)\n  File \"C:\\Users\\Admin\\AppData\\Local\\Programs\\Python\\Python310\\lib\\site-packages\\selenium\\webdriver\\remote\\errorhandler.py\", line 247, in check_response\n    raise exception_class(message, screen, stacktrace)\n"}, "steps": [{"name": "Given Launch the browser search", "status": "passed", "start": 1652844038650, "stop": 1652844045552}, {"name": "When identify search box & enter search text", "status": "broken", "statusDetails": {"message": "selenium.common.exceptions.NoSuchElementException: Message: no such element: Unable to locate element: {\"method\":\"xpath\",\"selector\":\"//*[@id=\"all-search-ds-results\"]/div/div/ol\"}\n  (Session info: MicrosoftEdge=101.0.1210.47)\nStacktrace:\nBacktrace:\n\tMicrosoft::Applications::Events::EventProperties::unpack [0x00007FF65523CC52+24658]\n\tMicrosoft::Applications::Events::time_ticks_t::time_ticks_t [0x00007FF65517D342+539922]\n\tOrdinal0 [0x00007FF654C80F05+659205]\n\tOrdinal0 [0x00007FF654CBC1F1+901617]\n\tOrdinal0 [0x00007FF654CBC403+902147]\n\tOrdinal0 [0x00007FF654CEE397+1106839]\n\tOrdinal0 [0x00007FF654CD76DF+1013471]\n\tOrdinal0 [0x00007FF654CEB9E7+1096167]\n\tOrdinal0 [0x00007FF654CD74B3+1012915]\n\tOrdinal0 [0x00007FF654CAE440+844864]\n\tOrdinal0 [0x00007FF654CAF848+849992]\n\tMicrosoft::Applications::Events::EventProperty::EventProperty [0x00007FF654F417D8+120584]\n\tMicrosoft::Applications::Events::EventProperty::EventProperty [0x00007FF654F2CE1E+36174]\n\tMicrosoft::Applications::Events::EventProperty::EventProperty [0x00007FF654F3001C+48972]\n\tMicrosoft::Applications::Events::EventProperty::to_string [0x00007FF654D80716+30806]\n\tMicrosoft::Applications::Events::time_ticks_t::time_ticks_t [0x00007FF655184611+569313]\n\tMicrosoft::Applications::Events::time_ticks_t::time_ticks_t [0x00007FF655189044+588308]\n\tMicrosoft::Applications::Events::time_ticks_t::time_ticks_t [0x00007FF65518919D+588653]\n\tMicrosoft::Applications::Events::time_ticks_t::time_ticks_t [0x00007FF65519292E+627454]\n\tBaseThreadInitThunk [0x00007FFACD497034+20]\n\tRtlUserThreadStart [0x00007FFACECA2651+33]\n\n", "trace": "  File \"C:\\Users\\Admin\\AppData\\Local\\Programs\\Python\\Python310\\lib\\site-packages\\behave\\model.py\", line 1329, in run\n    match.run(runner.context)\n  File \"C:\\Users\\Admin\\AppData\\Local\\Programs\\Python\\Python310\\lib\\site-packages\\behave\\matchers.py\", line 98, in run\n    self.func(context, *args, **kwargs)\n  File \"features\\steps\\SearchPageSteps.py\", line 53, in step_impl\n    listElement = context.driver.find_element_by_xpath(list_item).size() != 0\n  File \"C:\\Users\\Admin\\AppData\\Local\\Programs\\Python\\Python310\\lib\\site-packages\\selenium\\webdriver\\remote\\webdriver.py\", line 521, in find_element_by_xpath\n    return self.find_element(by=By.XPATH, value=xpath)\n  File \"C:\\Users\\Admin\\AppData\\Local\\Programs\\Python\\Python310\\lib\\site-packages\\selenium\\webdriver\\remote\\webdriver.py\", line 1248, in find_element\n    return self.execute(Command.FIND_ELEMENT, {\n  File \"C:\\Users\\Admin\\AppData\\Local\\Programs\\Python\\Python310\\lib\\site-packages\\selenium\\webdriver\\remote\\webdriver.py\", line 425, in execute\n    self.error_handler.check_response(response)\n  File \"C:\\Users\\Admin\\AppData\\Local\\Programs\\Python\\Python310\\lib\\site-packages\\selenium\\webdriver\\remote\\errorhandler.py\", line 247, in check_response\n    raise exception_class(message, screen, stacktrace)\n"}, "start": 1652844045552, "stop": 1652844052804}], "start": 1652844038650, "stop": 1652844052804, "uuid": "8d2d9bc4-9cc3-4ac9-ac93-f109ed4f6492", "historyId": "a19b099830267cd482319767c78a8669", "fullName": "Test the browserstack application Home Page: Search Automation in Home Page", "labels": [{"name": "severity", "value": "normal"}, {"name": "feature", "value": "Test the browserstack application Home Page"}, {"name": "framework", "value": "behave"}, {"name": "language", "value": "cpython3"}]}