{"name": "Verify login functionality", "status": "broken", "statusDetails": {"message": "selenium.common.exceptions.ElementNotInteractableException: Message: element not interactable: https://www.browserstack.com/users/sign_out has no size and location\n  (Session info: MicrosoftEdge=101.0.1210.32)\nStacktrace:\nBacktrace:\n\tMicrosoft::Applications::Events::EventProperties::unpack [0x00007FF62763CC22+24658]\n\tMicrosoft::Applications::Events::time_ticks_t::time_ticks_t [0x00007FF62757D312+539986]\n\tOrdinal0 [0x00007FF627080F05+659205]\n\tOrdinal0 [0x00007FF6270844FA+673018]\n\tOrdinal0 [0x00007FF62708427B+672379]\n\tOrdinal0 [0x00007FF627084630+673328]\n\tOrdinal0 [0x00007FF6270C3717+931607]\n\tOrdinal0 [0x00007FF6270C2A02+928258]\n\tOrdinal0 [0x00007FF6270F6663+1140323]\n\tOrdinal0 [0x00007FF6270D769A+1013402]\n\tOrdinal0 [0x00007FF6270EB9E7+1096167]\n\tOrdinal0 [0x00007FF6270D74B3+1012915]\n\tOrdinal0 [0x00007FF6270AE440+844864]\n\tOrdinal0 [0x00007FF6270AF848+849992]\n\tMicrosoft::Applications::Events::EventProperty::EventProperty [0x00007FF6273417D8+120584]\n\tMicrosoft::Applications::Events::EventProperty::EventProperty [0x00007FF62732CE1E+36174]\n\tMicrosoft::Applications::Events::EventProperty::EventProperty [0x00007FF62733001C+48972]\n\tMicrosoft::Applications::Events::EventProperty::to_string [0x00007FF627180716+30806]\n\tMicrosoft::Applications::Events::time_ticks_t::time_ticks_t [0x00007FF6275845E1+569377]\n\tMicrosoft::Applications::Events::time_ticks_t::time_ticks_t [0x00007FF627589014+588372]\n\tMicrosoft::Applications::Events::time_ticks_t::time_ticks_t [0x00007FF62758916D+588717]\n\tMicrosoft::Applications::Events::time_ticks_t::time_ticks_t [0x00007FF6275928FE+627518]\n\tBaseThreadInitThunk [0x00007FFE34017034+20]\n\tRtlUserThreadStart [0x00007FFE351A2651+33]\n\n", "trace": "  File \"C:\\Users\\Admin\\AppData\\Local\\Programs\\Python\\Python310\\lib\\site-packages\\behave\\model.py\", line 1329, in run\n    match.run(runner.context)\n  File \"C:\\Users\\Admin\\AppData\\Local\\Programs\\Python\\Python310\\lib\\site-packages\\behave\\matchers.py\", line 98, in run\n    self.func(context, *args, **kwargs)\n  File \"features\\steps\\LoginPageSteps.py\", line 87, in step_impl\n    lpage.clickOnSignOut()\n  File \"C:\\Users\\Admin\\PycharmProjects\\pythonProject\\pages\\loginPage.py\", line 38, in clickOnSignOut\n    a.move_to_element(n).click().perform()\n  File \"C:\\Users\\Admin\\AppData\\Local\\Programs\\Python\\Python310\\lib\\site-packages\\selenium\\webdriver\\common\\action_chains.py\", line 75, in perform\n    self.w3c_actions.perform()\n  File \"C:\\Users\\Admin\\AppData\\Local\\Programs\\Python\\Python310\\lib\\site-packages\\selenium\\webdriver\\common\\actions\\action_builder.py\", line 88, in perform\n    self.driver.execute(Command.W3C_ACTIONS, enc)\n  File \"C:\\Users\\Admin\\AppData\\Local\\Programs\\Python\\Python310\\lib\\site-packages\\selenium\\webdriver\\remote\\webdriver.py\", line 425, in execute\n    self.error_handler.check_response(response)\n  File \"C:\\Users\\Admin\\AppData\\Local\\Programs\\Python\\Python310\\lib\\site-packages\\selenium\\webdriver\\remote\\errorhandler.py\", line 247, in check_response\n    raise exception_class(message, screen, stacktrace)\n"}, "steps": [{"name": "Given Launch the App", "status": "passed", "start": 1651735078547, "stop": 1651735086966}, {"name": "When Enter login credentials", "status": "passed", "start": 1651735086966, "stop": 1651735131448}, {"name": "Then Screenshot login", "status": "passed", "attachments": [{"name": "c2ta LoginPage test", "source": "634b5ae0-d3ae-4ad5-82e6-42e652b9bf91-attachment.png", "type": "image/png"}], "start": 1651735131449, "stop": 1651735133857}, {"name": "Then Handle logout", "status": "broken", "statusDetails": {"message": "selenium.common.exceptions.ElementNotInteractableException: Message: element not interactable: https://www.browserstack.com/users/sign_out has no size and location\n  (Session info: MicrosoftEdge=101.0.1210.32)\nStacktrace:\nBacktrace:\n\tMicrosoft::Applications::Events::EventProperties::unpack [0x00007FF62763CC22+24658]\n\tMicrosoft::Applications::Events::time_ticks_t::time_ticks_t [0x00007FF62757D312+539986]\n\tOrdinal0 [0x00007FF627080F05+659205]\n\tOrdinal0 [0x00007FF6270844FA+673018]\n\tOrdinal0 [0x00007FF62708427B+672379]\n\tOrdinal0 [0x00007FF627084630+673328]\n\tOrdinal0 [0x00007FF6270C3717+931607]\n\tOrdinal0 [0x00007FF6270C2A02+928258]\n\tOrdinal0 [0x00007FF6270F6663+1140323]\n\tOrdinal0 [0x00007FF6270D769A+1013402]\n\tOrdinal0 [0x00007FF6270EB9E7+1096167]\n\tOrdinal0 [0x00007FF6270D74B3+1012915]\n\tOrdinal0 [0x00007FF6270AE440+844864]\n\tOrdinal0 [0x00007FF6270AF848+849992]\n\tMicrosoft::Applications::Events::EventProperty::EventProperty [0x00007FF6273417D8+120584]\n\tMicrosoft::Applications::Events::EventProperty::EventProperty [0x00007FF62732CE1E+36174]\n\tMicrosoft::Applications::Events::EventProperty::EventProperty [0x00007FF62733001C+48972]\n\tMicrosoft::Applications::Events::EventProperty::to_string [0x00007FF627180716+30806]\n\tMicrosoft::Applications::Events::time_ticks_t::time_ticks_t [0x00007FF6275845E1+569377]\n\tMicrosoft::Applications::Events::time_ticks_t::time_ticks_t [0x00007FF627589014+588372]\n\tMicrosoft::Applications::Events::time_ticks_t::time_ticks_t [0x00007FF62758916D+588717]\n\tMicrosoft::Applications::Events::time_ticks_t::time_ticks_t [0x00007FF6275928FE+627518]\n\tBaseThreadInitThunk [0x00007FFE34017034+20]\n\tRtlUserThreadStart [0x00007FFE351A2651+33]\n\n", "trace": "  File \"C:\\Users\\Admin\\AppData\\Local\\Programs\\Python\\Python310\\lib\\site-packages\\behave\\model.py\", line 1329, in run\n    match.run(runner.context)\n  File \"C:\\Users\\Admin\\AppData\\Local\\Programs\\Python\\Python310\\lib\\site-packages\\behave\\matchers.py\", line 98, in run\n    self.func(context, *args, **kwargs)\n  File \"features\\steps\\LoginPageSteps.py\", line 87, in step_impl\n    lpage.clickOnSignOut()\n  File \"C:\\Users\\Admin\\PycharmProjects\\pythonProject\\pages\\loginPage.py\", line 38, in clickOnSignOut\n    a.move_to_element(n).click().perform()\n  File \"C:\\Users\\Admin\\AppData\\Local\\Programs\\Python\\Python310\\lib\\site-packages\\selenium\\webdriver\\common\\action_chains.py\", line 75, in perform\n    self.w3c_actions.perform()\n  File \"C:\\Users\\Admin\\AppData\\Local\\Programs\\Python\\Python310\\lib\\site-packages\\selenium\\webdriver\\common\\actions\\action_builder.py\", line 88, in perform\n    self.driver.execute(Command.W3C_ACTIONS, enc)\n  File \"C:\\Users\\Admin\\AppData\\Local\\Programs\\Python\\Python310\\lib\\site-packages\\selenium\\webdriver\\remote\\webdriver.py\", line 425, in execute\n    self.error_handler.check_response(response)\n  File \"C:\\Users\\Admin\\AppData\\Local\\Programs\\Python\\Python310\\lib\\site-packages\\selenium\\webdriver\\remote\\errorhandler.py\", line 247, in check_response\n    raise exception_class(message, screen, stacktrace)\n"}, "start": 1651735133857, "stop": 1651735134220}, {"name": "And Close the App", "status": "skipped", "start": 1651735134221, "stop": 1651735134221}], "start": 1651735078547, "stop": 1651735134221, "uuid": "8e1fe0d9-3ed9-45fa-8673-41bbcec230c7", "historyId": "78312a81aac68709df3e875a56139dfa", "fullName": "Test the browserstack application Login Page: Verify login functionality", "labels": [{"name": "severity", "value": "normal"}, {"name": "feature", "value": "Test the browserstack application Login Page"}, {"name": "framework", "value": "behave"}, {"name": "language", "value": "cpython3"}]}