{"name": "Search Automation in Home Page", "status": "broken", "statusDetails": {"message": "selenium.common.exceptions.NoSuchElementException: Message: no such element: Unable to locate element: {\"method\":\"xpath\",\"selector\":\"//*[@id='all-search-ds-results']/div/div/ol/li[9]/div/a\"}\n  (Session info: MicrosoftEdge=101.0.1210.32)\nStacktrace:\nBacktrace:\n\tMicrosoft::Applications::Events::EventProperties::unpack [0x00007FF71E69CC22+24658]\n\tMicrosoft::Applications::Events::time_ticks_t::time_ticks_t [0x00007FF71E5DD312+539986]\n\tOrdinal0 [0x00007FF71E0E0F05+659205]\n\tOrdinal0 [0x00007FF71E11C1F1+901617]\n\tOrdinal0 [0x00007FF71E11C403+902147]\n\tOrdinal0 [0x00007FF71E14E397+1106839]\n\tOrdinal0 [0x00007FF71E1376DF+1013471]\n\tOrdinal0 [0x00007FF71E14B9E7+1096167]\n\tOrdinal0 [0x00007FF71E1374B3+1012915]\n\tOrdinal0 [0x00007FF71E10E440+844864]\n\tOrdinal0 [0x00007FF71E10F848+849992]\n\tMicrosoft::Applications::Events::EventProperty::EventProperty [0x00007FF71E3A17D8+120584]\n\tMicrosoft::Applications::Events::EventProperty::EventProperty [0x00007FF71E38CE1E+36174]\n\tMicrosoft::Applications::Events::EventProperty::EventProperty [0x00007FF71E39001C+48972]\n\tMicrosoft::Applications::Events::EventProperty::to_string [0x00007FF71E1E0716+30806]\n\tMicrosoft::Applications::Events::time_ticks_t::time_ticks_t [0x00007FF71E5E45E1+569377]\n\tMicrosoft::Applications::Events::time_ticks_t::time_ticks_t [0x00007FF71E5E9014+588372]\n\tMicrosoft::Applications::Events::time_ticks_t::time_ticks_t [0x00007FF71E5E916D+588717]\n\tMicrosoft::Applications::Events::time_ticks_t::time_ticks_t [0x00007FF71E5F28FE+627518]\n\tBaseThreadInitThunk [0x00007FFE34017034+20]\n\tRtlUserThreadStart [0x00007FFE351A2651+33]\n\n", "trace": "  File \"C:\\Users\\Admin\\AppData\\Local\\Programs\\Python\\Python310\\lib\\site-packages\\behave\\model.py\", line 1329, in run\n    match.run(runner.context)\n  File \"C:\\Users\\Admin\\AppData\\Local\\Programs\\Python\\Python310\\lib\\site-packages\\behave\\matchers.py\", line 98, in run\n    self.func(context, *args, **kwargs)\n  File \"features\\steps\\SearchPageSteps.py\", line 49, in step_impl\n    hpage.scrollSearchPage()\n  File \"C:\\Users\\Admin\\PycharmProjects\\pythonProject\\pages\\homePage.py\", line 35, in scrollSearchPage\n    flag = self.driver.find_element_by_xpath(self.item_search_xpath)\n  File \"C:\\Users\\Admin\\AppData\\Local\\Programs\\Python\\Python310\\lib\\site-packages\\selenium\\webdriver\\remote\\webdriver.py\", line 521, in find_element_by_xpath\n    return self.find_element(by=By.XPATH, value=xpath)\n  File \"C:\\Users\\Admin\\AppData\\Local\\Programs\\Python\\Python310\\lib\\site-packages\\selenium\\webdriver\\remote\\webdriver.py\", line 1248, in find_element\n    return self.execute(Command.FIND_ELEMENT, {\n  File \"C:\\Users\\Admin\\AppData\\Local\\Programs\\Python\\Python310\\lib\\site-packages\\selenium\\webdriver\\remote\\webdriver.py\", line 425, in execute\n    self.error_handler.check_response(response)\n  File \"C:\\Users\\Admin\\AppData\\Local\\Programs\\Python\\Python310\\lib\\site-packages\\selenium\\webdriver\\remote\\errorhandler.py\", line 247, in check_response\n    raise exception_class(message, screen, stacktrace)\n"}, "steps": [{"name": "Given Launch the browser search", "status": "passed", "start": 1651733377949, "stop": 1651733385313}, {"name": "When enter icon search", "status": "passed", "start": 1651733385313, "stop": 1651733387382}, {"name": "Then identify search box & enter search text", "status": "passed", "start": 1651733387382, "stop": 1651733394234}, {"name": "Then perform Google search", "status": "passed", "start": 1651733394234, "stop": 1651733396320}, {"name": "Then scroll search Page", "status": "broken", "statusDetails": {"message": "selenium.common.exceptions.NoSuchElementException: Message: no such element: Unable to locate element: {\"method\":\"xpath\",\"selector\":\"//*[@id='all-search-ds-results']/div/div/ol/li[9]/div/a\"}\n  (Session info: MicrosoftEdge=101.0.1210.32)\nStacktrace:\nBacktrace:\n\tMicrosoft::Applications::Events::EventProperties::unpack [0x00007FF71E69CC22+24658]\n\tMicrosoft::Applications::Events::time_ticks_t::time_ticks_t [0x00007FF71E5DD312+539986]\n\tOrdinal0 [0x00007FF71E0E0F05+659205]\n\tOrdinal0 [0x00007FF71E11C1F1+901617]\n\tOrdinal0 [0x00007FF71E11C403+902147]\n\tOrdinal0 [0x00007FF71E14E397+1106839]\n\tOrdinal0 [0x00007FF71E1376DF+1013471]\n\tOrdinal0 [0x00007FF71E14B9E7+1096167]\n\tOrdinal0 [0x00007FF71E1374B3+1012915]\n\tOrdinal0 [0x00007FF71E10E440+844864]\n\tOrdinal0 [0x00007FF71E10F848+849992]\n\tMicrosoft::Applications::Events::EventProperty::EventProperty [0x00007FF71E3A17D8+120584]\n\tMicrosoft::Applications::Events::EventProperty::EventProperty [0x00007FF71E38CE1E+36174]\n\tMicrosoft::Applications::Events::EventProperty::EventProperty [0x00007FF71E39001C+48972]\n\tMicrosoft::Applications::Events::EventProperty::to_string [0x00007FF71E1E0716+30806]\n\tMicrosoft::Applications::Events::time_ticks_t::time_ticks_t [0x00007FF71E5E45E1+569377]\n\tMicrosoft::Applications::Events::time_ticks_t::time_ticks_t [0x00007FF71E5E9014+588372]\n\tMicrosoft::Applications::Events::time_ticks_t::time_ticks_t [0x00007FF71E5E916D+588717]\n\tMicrosoft::Applications::Events::time_ticks_t::time_ticks_t [0x00007FF71E5F28FE+627518]\n\tBaseThreadInitThunk [0x00007FFE34017034+20]\n\tRtlUserThreadStart [0x00007FFE351A2651+33]\n\n", "trace": "  File \"C:\\Users\\Admin\\AppData\\Local\\Programs\\Python\\Python310\\lib\\site-packages\\behave\\model.py\", line 1329, in run\n    match.run(runner.context)\n  File \"C:\\Users\\Admin\\AppData\\Local\\Programs\\Python\\Python310\\lib\\site-packages\\behave\\matchers.py\", line 98, in run\n    self.func(context, *args, **kwargs)\n  File \"features\\steps\\SearchPageSteps.py\", line 49, in step_impl\n    hpage.scrollSearchPage()\n  File \"C:\\Users\\Admin\\PycharmProjects\\pythonProject\\pages\\homePage.py\", line 35, in scrollSearchPage\n    flag = self.driver.find_element_by_xpath(self.item_search_xpath)\n  File \"C:\\Users\\Admin\\AppData\\Local\\Programs\\Python\\Python310\\lib\\site-packages\\selenium\\webdriver\\remote\\webdriver.py\", line 521, in find_element_by_xpath\n    return self.find_element(by=By.XPATH, value=xpath)\n  File \"C:\\Users\\Admin\\AppData\\Local\\Programs\\Python\\Python310\\lib\\site-packages\\selenium\\webdriver\\remote\\webdriver.py\", line 1248, in find_element\n    return self.execute(Command.FIND_ELEMENT, {\n  File \"C:\\Users\\Admin\\AppData\\Local\\Programs\\Python\\Python310\\lib\\site-packages\\selenium\\webdriver\\remote\\webdriver.py\", line 425, in execute\n    self.error_handler.check_response(response)\n  File \"C:\\Users\\Admin\\AppData\\Local\\Programs\\Python\\Python310\\lib\\site-packages\\selenium\\webdriver\\remote\\errorhandler.py\", line 247, in check_response\n    raise exception_class(message, screen, stacktrace)\n"}, "start": 1651733396320, "stop": 1651733396461}, {"name": "Then screenshot search", "status": "skipped", "start": 1651733396463, "stop": 1651733396463}, {"name": "And close the browser search", "status": "skipped", "start": 1651733396463, "stop": 1651733396463}], "start": 1651733377948, "stop": 1651733396463, "uuid": "070acb7b-a96b-4520-9ca7-6c1f91b1a361", "historyId": "a19b099830267cd482319767c78a8669", "fullName": "Test the browserstack application Home Page: Search Automation in Home Page", "labels": [{"name": "severity", "value": "normal"}, {"name": "feature", "value": "Test the browserstack application Home Page"}, {"name": "framework", "value": "behave"}, {"name": "language", "value": "cpython3"}]}