{"name": "Testing of a User Signup Form", "status": "broken", "statusDetails": {"message": "selenium.common.exceptions.NoSuchElementException: Message: no such element: Unable to locate element: {\"method\":\"css selector\",\"selector\":\"[id=\"user_full_name\"]\"}\n  (Session info: MicrosoftEdge=101.0.1210.47)\nStacktrace:\nBacktrace:\n\tMicrosoft::Applications::Events::EventProperties::unpack [0x00007FF6EAE8CC52+24658]\n\tMicrosoft::Applications::Events::time_ticks_t::time_ticks_t [0x00007FF6EADCD342+539922]\n\tOrdinal0 [0x00007FF6EA8D0F05+659205]\n\tOrdinal0 [0x00007FF6EA90C1F1+901617]\n\tOrdinal0 [0x00007FF6EA90C403+902147]\n\tOrdinal0 [0x00007FF6EA93E397+1106839]\n\tOrdinal0 [0x00007FF6EA9276DF+1013471]\n\tOrdinal0 [0x00007FF6EA93B9E7+1096167]\n\tOrdinal0 [0x00007FF6EA9274B3+1012915]\n\tOrdinal0 [0x00007FF6EA8FE440+844864]\n\tOrdinal0 [0x00007FF6EA8FF848+849992]\n\tMicrosoft::Applications::Events::EventProperty::EventProperty [0x00007FF6EAB917D8+120584]\n\tMicrosoft::Applications::Events::EventProperty::EventProperty [0x00007FF6EAB7CE1E+36174]\n\tMicrosoft::Applications::Events::EventProperty::EventProperty [0x00007FF6EAB8001C+48972]\n\tMicrosoft::Applications::Events::EventProperty::to_string [0x00007FF6EA9D0716+30806]\n\tMicrosoft::Applications::Events::time_ticks_t::time_ticks_t [0x00007FF6EADD4611+569313]\n\tMicrosoft::Applications::Events::time_ticks_t::time_ticks_t [0x00007FF6EADD9044+588308]\n\tMicrosoft::Applications::Events::time_ticks_t::time_ticks_t [0x00007FF6EADD919D+588653]\n\tMicrosoft::Applications::Events::time_ticks_t::time_ticks_t [0x00007FF6EADE292E+627454]\n\tBaseThreadInitThunk [0x00007FFACD497034+20]\n\tRtlUserThreadStart [0x00007FFACECA2651+33]\n\n", "trace": "  File \"C:\\Users\\Admin\\AppData\\Local\\Programs\\Python\\Python310\\lib\\site-packages\\behave\\model.py\", line 1329, in run\n    match.run(runner.context)\n  File \"C:\\Users\\Admin\\AppData\\Local\\Programs\\Python\\Python310\\lib\\site-packages\\behave\\matchers.py\", line 98, in run\n    self.func(context, *args, **kwargs)\n  File \"features\\steps\\SignupPageSteps.py\", line 65, in step_impl\n    spage.checkValidateSignupForm()\n  File \"C:\\Users\\Admin\\PycharmProjects\\pythonProject\\pages\\signupPage.py\", line 47, in checkValidateSignupForm\n    username = self.driver.find_element_by_id('user_full_name')\n  File \"C:\\Users\\Admin\\AppData\\Local\\Programs\\Python\\Python310\\lib\\site-packages\\selenium\\webdriver\\remote\\webdriver.py\", line 473, in find_element_by_id\n    return self.find_element(by=By.ID, value=id_)\n  File \"C:\\Users\\Admin\\AppData\\Local\\Programs\\Python\\Python310\\lib\\site-packages\\selenium\\webdriver\\remote\\webdriver.py\", line 1248, in find_element\n    return self.execute(Command.FIND_ELEMENT, {\n  File \"C:\\Users\\Admin\\AppData\\Local\\Programs\\Python\\Python310\\lib\\site-packages\\selenium\\webdriver\\remote\\webdriver.py\", line 425, in execute\n    self.error_handler.check_response(response)\n  File \"C:\\Users\\Admin\\AppData\\Local\\Programs\\Python\\Python310\\lib\\site-packages\\selenium\\webdriver\\remote\\errorhandler.py\", line 247, in check_response\n    raise exception_class(message, screen, stacktrace)\n"}, "steps": [{"name": "Given Launch the App Signup", "status": "passed", "start": 1652854551681, "stop": 1652854557413}, {"name": "When enter Signup credentials", "status": "passed", "start": 1652854557414, "stop": 1652854575803}, {"name": "Then accept cookie notification", "status": "passed", "start": 1652854575803, "stop": 1652854576890}, {"name": "Then click signup", "status": "passed", "start": 1652854576890, "stop": 1652854578020}, {"name": "Then validate signup form", "status": "broken", "statusDetails": {"message": "selenium.common.exceptions.NoSuchElementException: Message: no such element: Unable to locate element: {\"method\":\"css selector\",\"selector\":\"[id=\"user_full_name\"]\"}\n  (Session info: MicrosoftEdge=101.0.1210.47)\nStacktrace:\nBacktrace:\n\tMicrosoft::Applications::Events::EventProperties::unpack [0x00007FF6EAE8CC52+24658]\n\tMicrosoft::Applications::Events::time_ticks_t::time_ticks_t [0x00007FF6EADCD342+539922]\n\tOrdinal0 [0x00007FF6EA8D0F05+659205]\n\tOrdinal0 [0x00007FF6EA90C1F1+901617]\n\tOrdinal0 [0x00007FF6EA90C403+902147]\n\tOrdinal0 [0x00007FF6EA93E397+1106839]\n\tOrdinal0 [0x00007FF6EA9276DF+1013471]\n\tOrdinal0 [0x00007FF6EA93B9E7+1096167]\n\tOrdinal0 [0x00007FF6EA9274B3+1012915]\n\tOrdinal0 [0x00007FF6EA8FE440+844864]\n\tOrdinal0 [0x00007FF6EA8FF848+849992]\n\tMicrosoft::Applications::Events::EventProperty::EventProperty [0x00007FF6EAB917D8+120584]\n\tMicrosoft::Applications::Events::EventProperty::EventProperty [0x00007FF6EAB7CE1E+36174]\n\tMicrosoft::Applications::Events::EventProperty::EventProperty [0x00007FF6EAB8001C+48972]\n\tMicrosoft::Applications::Events::EventProperty::to_string [0x00007FF6EA9D0716+30806]\n\tMicrosoft::Applications::Events::time_ticks_t::time_ticks_t [0x00007FF6EADD4611+569313]\n\tMicrosoft::Applications::Events::time_ticks_t::time_ticks_t [0x00007FF6EADD9044+588308]\n\tMicrosoft::Applications::Events::time_ticks_t::time_ticks_t [0x00007FF6EADD919D+588653]\n\tMicrosoft::Applications::Events::time_ticks_t::time_ticks_t [0x00007FF6EADE292E+627454]\n\tBaseThreadInitThunk [0x00007FFACD497034+20]\n\tRtlUserThreadStart [0x00007FFACECA2651+33]\n\n", "trace": "  File \"C:\\Users\\Admin\\AppData\\Local\\Programs\\Python\\Python310\\lib\\site-packages\\behave\\model.py\", line 1329, in run\n    match.run(runner.context)\n  File \"C:\\Users\\Admin\\AppData\\Local\\Programs\\Python\\Python310\\lib\\site-packages\\behave\\matchers.py\", line 98, in run\n    self.func(context, *args, **kwargs)\n  File \"features\\steps\\SignupPageSteps.py\", line 65, in step_impl\n    spage.checkValidateSignupForm()\n  File \"C:\\Users\\Admin\\PycharmProjects\\pythonProject\\pages\\signupPage.py\", line 47, in checkValidateSignupForm\n    username = self.driver.find_element_by_id('user_full_name')\n  File \"C:\\Users\\Admin\\AppData\\Local\\Programs\\Python\\Python310\\lib\\site-packages\\selenium\\webdriver\\remote\\webdriver.py\", line 473, in find_element_by_id\n    return self.find_element(by=By.ID, value=id_)\n  File \"C:\\Users\\Admin\\AppData\\Local\\Programs\\Python\\Python310\\lib\\site-packages\\selenium\\webdriver\\remote\\webdriver.py\", line 1248, in find_element\n    return self.execute(Command.FIND_ELEMENT, {\n  File \"C:\\Users\\Admin\\AppData\\Local\\Programs\\Python\\Python310\\lib\\site-packages\\selenium\\webdriver\\remote\\webdriver.py\", line 425, in execute\n    self.error_handler.check_response(response)\n  File \"C:\\Users\\Admin\\AppData\\Local\\Programs\\Python\\Python310\\lib\\site-packages\\selenium\\webdriver\\remote\\errorhandler.py\", line 247, in check_response\n    raise exception_class(message, screen, stacktrace)\n"}, "start": 1652854578020, "stop": 1652854579318}, {"name": "Then verify the page title and screenshot Signup", "status": "skipped", "start": 1652854579319, "stop": 1652854579319}, {"name": "And close the App Signup", "status": "skipped", "start": 1652854579319, "stop": 1652854579319}], "start": 1652854551681, "stop": 1652854579319, "uuid": "d4e18c21-5cce-43f5-b9ed-13448192b069", "historyId": "083a60878f254d0d162c3b3233d9b002", "fullName": "Test the browserstack application Login Page: Testing of a User Signup Form", "labels": [{"name": "severity", "value": "normal"}, {"name": "feature", "value": "Test the browserstack application Login Page"}, {"name": "framework", "value": "behave"}, {"name": "language", "value": "cpython3"}]}