{"name": "Search Automation in Home Page", "status": "broken", "statusDetails": {"message": "selenium.common.exceptions.NoSuchElementException: Message: no such element: Unable to locate element: {\"method\":\"xpath\",\"selector\":\"//*[@id='all-search-ds-results']/div/div/ol/li[9]/div/a\"}\n  (Session info: MicrosoftEdge=101.0.1210.32)\nStacktrace:\nBacktrace:\n\tMicrosoft::Applications::Events::EventProperties::unpack [0x00007FF6C1F6CC22+24658]\n\tMicrosoft::Applications::Events::time_ticks_t::time_ticks_t [0x00007FF6C1EAD312+539986]\n\tOrdinal0 [0x00007FF6C19B0F05+659205]\n\tOrdinal0 [0x00007FF6C19EC1F1+901617]\n\tOrdinal0 [0x00007FF6C19EC403+902147]\n\tOrdinal0 [0x00007FF6C1A1E397+1106839]\n\tOrdinal0 [0x00007FF6C1A076DF+1013471]\n\tOrdinal0 [0x00007FF6C1A1B9E7+1096167]\n\tOrdinal0 [0x00007FF6C1A074B3+1012915]\n\tOrdinal0 [0x00007FF6C19DE440+844864]\n\tOrdinal0 [0x00007FF6C19DF848+849992]\n\tMicrosoft::Applications::Events::EventProperty::EventProperty [0x00007FF6C1C717D8+120584]\n\tMicrosoft::Applications::Events::EventProperty::EventProperty [0x00007FF6C1C5CE1E+36174]\n\tMicrosoft::Applications::Events::EventProperty::EventProperty [0x00007FF6C1C6001C+48972]\n\tMicrosoft::Applications::Events::EventProperty::to_string [0x00007FF6C1AB0716+30806]\n\tMicrosoft::Applications::Events::time_ticks_t::time_ticks_t [0x00007FF6C1EB45E1+569377]\n\tMicrosoft::Applications::Events::time_ticks_t::time_ticks_t [0x00007FF6C1EB9014+588372]\n\tMicrosoft::Applications::Events::time_ticks_t::time_ticks_t [0x00007FF6C1EB916D+588717]\n\tMicrosoft::Applications::Events::time_ticks_t::time_ticks_t [0x00007FF6C1EC28FE+627518]\n\tBaseThreadInitThunk [0x00007FFE34017034+20]\n\tRtlUserThreadStart [0x00007FFE351A2651+33]\n\n", "trace": "  File \"C:\\Users\\Admin\\AppData\\Local\\Programs\\Python\\Python310\\lib\\site-packages\\behave\\model.py\", line 1329, in run\n    match.run(runner.context)\n  File \"C:\\Users\\Admin\\AppData\\Local\\Programs\\Python\\Python310\\lib\\site-packages\\behave\\matchers.py\", line 98, in run\n    self.func(context, *args, **kwargs)\n  File \"features\\steps\\SearchPageSteps.py\", line 49, in step_impl\n    hpage.scrollSearchPage()\n  File \"C:\\Users\\Admin\\PycharmProjects\\pythonProject\\pages\\homePage.py\", line 34, in scrollSearchPage\n    flag = self.driver.find_element_by_xpath(self.item_search_xpath)\n  File \"C:\\Users\\Admin\\AppData\\Local\\Programs\\Python\\Python310\\lib\\site-packages\\selenium\\webdriver\\remote\\webdriver.py\", line 521, in find_element_by_xpath\n    return self.find_element(by=By.XPATH, value=xpath)\n  File \"C:\\Users\\Admin\\AppData\\Local\\Programs\\Python\\Python310\\lib\\site-packages\\selenium\\webdriver\\remote\\webdriver.py\", line 1248, in find_element\n    return self.execute(Command.FIND_ELEMENT, {\n  File \"C:\\Users\\Admin\\AppData\\Local\\Programs\\Python\\Python310\\lib\\site-packages\\selenium\\webdriver\\remote\\webdriver.py\", line 425, in execute\n    self.error_handler.check_response(response)\n  File \"C:\\Users\\Admin\\AppData\\Local\\Programs\\Python\\Python310\\lib\\site-packages\\selenium\\webdriver\\remote\\errorhandler.py\", line 247, in check_response\n    raise exception_class(message, screen, stacktrace)\n"}, "steps": [{"name": "Given Launch the browser search", "status": "passed", "start": 1651733511927, "stop": 1651733516963}, {"name": "When enter icon search", "status": "passed", "start": 1651733516963, "stop": 1651733519066}, {"name": "Then identify search box & enter search text", "status": "passed", "start": 1651733519067, "stop": 1651733524025}, {"name": "Then perform Google search", "status": "passed", "start": 1651733524025, "stop": 1651733527492}, {"name": "Then scroll search Page", "status": "broken", "statusDetails": {"message": "selenium.common.exceptions.NoSuchElementException: Message: no such element: Unable to locate element: {\"method\":\"xpath\",\"selector\":\"//*[@id='all-search-ds-results']/div/div/ol/li[9]/div/a\"}\n  (Session info: MicrosoftEdge=101.0.1210.32)\nStacktrace:\nBacktrace:\n\tMicrosoft::Applications::Events::EventProperties::unpack [0x00007FF6C1F6CC22+24658]\n\tMicrosoft::Applications::Events::time_ticks_t::time_ticks_t [0x00007FF6C1EAD312+539986]\n\tOrdinal0 [0x00007FF6C19B0F05+659205]\n\tOrdinal0 [0x00007FF6C19EC1F1+901617]\n\tOrdinal0 [0x00007FF6C19EC403+902147]\n\tOrdinal0 [0x00007FF6C1A1E397+1106839]\n\tOrdinal0 [0x00007FF6C1A076DF+1013471]\n\tOrdinal0 [0x00007FF6C1A1B9E7+1096167]\n\tOrdinal0 [0x00007FF6C1A074B3+1012915]\n\tOrdinal0 [0x00007FF6C19DE440+844864]\n\tOrdinal0 [0x00007FF6C19DF848+849992]\n\tMicrosoft::Applications::Events::EventProperty::EventProperty [0x00007FF6C1C717D8+120584]\n\tMicrosoft::Applications::Events::EventProperty::EventProperty [0x00007FF6C1C5CE1E+36174]\n\tMicrosoft::Applications::Events::EventProperty::EventProperty [0x00007FF6C1C6001C+48972]\n\tMicrosoft::Applications::Events::EventProperty::to_string [0x00007FF6C1AB0716+30806]\n\tMicrosoft::Applications::Events::time_ticks_t::time_ticks_t [0x00007FF6C1EB45E1+569377]\n\tMicrosoft::Applications::Events::time_ticks_t::time_ticks_t [0x00007FF6C1EB9014+588372]\n\tMicrosoft::Applications::Events::time_ticks_t::time_ticks_t [0x00007FF6C1EB916D+588717]\n\tMicrosoft::Applications::Events::time_ticks_t::time_ticks_t [0x00007FF6C1EC28FE+627518]\n\tBaseThreadInitThunk [0x00007FFE34017034+20]\n\tRtlUserThreadStart [0x00007FFE351A2651+33]\n\n", "trace": "  File \"C:\\Users\\Admin\\AppData\\Local\\Programs\\Python\\Python310\\lib\\site-packages\\behave\\model.py\", line 1329, in run\n    match.run(runner.context)\n  File \"C:\\Users\\Admin\\AppData\\Local\\Programs\\Python\\Python310\\lib\\site-packages\\behave\\matchers.py\", line 98, in run\n    self.func(context, *args, **kwargs)\n  File \"features\\steps\\SearchPageSteps.py\", line 49, in step_impl\n    hpage.scrollSearchPage()\n  File \"C:\\Users\\Admin\\PycharmProjects\\pythonProject\\pages\\homePage.py\", line 34, in scrollSearchPage\n    flag = self.driver.find_element_by_xpath(self.item_search_xpath)\n  File \"C:\\Users\\Admin\\AppData\\Local\\Programs\\Python\\Python310\\lib\\site-packages\\selenium\\webdriver\\remote\\webdriver.py\", line 521, in find_element_by_xpath\n    return self.find_element(by=By.XPATH, value=xpath)\n  File \"C:\\Users\\Admin\\AppData\\Local\\Programs\\Python\\Python310\\lib\\site-packages\\selenium\\webdriver\\remote\\webdriver.py\", line 1248, in find_element\n    return self.execute(Command.FIND_ELEMENT, {\n  File \"C:\\Users\\Admin\\AppData\\Local\\Programs\\Python\\Python310\\lib\\site-packages\\selenium\\webdriver\\remote\\webdriver.py\", line 425, in execute\n    self.error_handler.check_response(response)\n  File \"C:\\Users\\Admin\\AppData\\Local\\Programs\\Python\\Python310\\lib\\site-packages\\selenium\\webdriver\\remote\\errorhandler.py\", line 247, in check_response\n    raise exception_class(message, screen, stacktrace)\n"}, "start": 1651733527492, "stop": 1651733527514}, {"name": "Then screenshot search", "status": "skipped", "start": 1651733527514, "stop": 1651733527514}, {"name": "And close the browser search", "status": "skipped", "start": 1651733527514, "stop": 1651733527514}], "start": 1651733511927, "stop": 1651733527514, "uuid": "61e2e816-3037-45db-87c1-15362b2ac4d4", "historyId": "a19b099830267cd482319767c78a8669", "fullName": "Test the browserstack application Home Page: Search Automation in Home Page", "labels": [{"name": "severity", "value": "normal"}, {"name": "feature", "value": "Test the browserstack application Home Page"}, {"name": "framework", "value": "behave"}, {"name": "language", "value": "cpython3"}]}