{"name": "Search Automation in Home Page", "status": "broken", "statusDetails": {"message": "selenium.common.exceptions.WebDriverException: Message: chrome not reachable\n  (Session info: MicrosoftEdge=101.0.1210.47)\nStacktrace:\nBacktrace:\n\tMicrosoft::Applications::Events::EventProperties::unpack [0x00007FF6EBEDCC52+24658]\n\tMicrosoft::Applications::Events::time_ticks_t::time_ticks_t [0x00007FF6EBE1D342+539922]\n\tOrdinal0 [0x00007FF6EB920DBB+658875]\n\tOrdinal0 [0x00007FF6EB910052+589906]\n\tOrdinal0 [0x00007FF6EB9109F5+592373]\n\tOrdinal0 [0x00007FF6EB9128DD+600285]\n\tOrdinal0 [0x00007FF6EB90B08F+569487]\n\tOrdinal0 [0x00007FF6EB9222C1+664257]\n\tOrdinal0 [0x00007FF6EB98B04D+1093709]\n\tOrdinal0 [0x00007FF6EB9774B3+1012915]\n\tOrdinal0 [0x00007FF6EB94E440+844864]\n\tOrdinal0 [0x00007FF6EB94F848+849992]\n\tMicrosoft::Applications::Events::EventProperty::EventProperty [0x00007FF6EBBE17D8+120584]\n\tMicrosoft::Applications::Events::EventProperty::EventProperty [0x00007FF6EBBCCE1E+36174]\n\tMicrosoft::Applications::Events::EventProperty::EventProperty [0x00007FF6EBBD001C+48972]\n\tMicrosoft::Applications::Events::EventProperty::to_string [0x00007FF6EBA20716+30806]\n\tMicrosoft::Applications::Events::time_ticks_t::time_ticks_t [0x00007FF6EBE24611+569313]\n\tMicrosoft::Applications::Events::time_ticks_t::time_ticks_t [0x00007FF6EBE29044+588308]\n\tMicrosoft::Applications::Events::time_ticks_t::time_ticks_t [0x00007FF6EBE2919D+588653]\n\tMicrosoft::Applications::Events::time_ticks_t::time_ticks_t [0x00007FF6EBE3292E+627454]\n\tBaseThreadInitThunk [0x00007FFBD6537034+20]\n\tRtlUserThreadStart [0x00007FFBD7FA2651+33]\n\n", "trace": "  File \"C:\\Users\\Admin\\venv\\lib\\site-packages\\behave\\model.py\", line 1329, in run\n    match.run(runner.context)\n  File \"C:\\Users\\Admin\\venv\\lib\\site-packages\\behave\\matchers.py\", line 98, in run\n    self.func(context, *args, **kwargs)\n  File \"features\\steps\\SearchPageSteps.py\", line 52, in step_impl\n    listElement = context.driver.find_element_by_xpath(list_item)\n  File \"C:\\Users\\Admin\\venv\\lib\\site-packages\\selenium\\webdriver\\remote\\webdriver.py\", line 521, in find_element_by_xpath\n    return self.find_element(by=By.XPATH, value=xpath)\n  File \"C:\\Users\\Admin\\venv\\lib\\site-packages\\selenium\\webdriver\\remote\\webdriver.py\", line 1248, in find_element\n    return self.execute(Command.FIND_ELEMENT, {\n  File \"C:\\Users\\Admin\\venv\\lib\\site-packages\\selenium\\webdriver\\remote\\webdriver.py\", line 425, in execute\n    self.error_handler.check_response(response)\n  File \"C:\\Users\\Admin\\venv\\lib\\site-packages\\selenium\\webdriver\\remote\\errorhandler.py\", line 247, in check_response\n    raise exception_class(message, screen, stacktrace)\n"}, "steps": [{"name": "Given Launch the browser search", "status": "passed", "start": 1652889292219, "stop": 1652889298145}, {"name": "When identify search box & enter search text", "status": "broken", "statusDetails": {"message": "selenium.common.exceptions.WebDriverException: Message: chrome not reachable\n  (Session info: MicrosoftEdge=101.0.1210.47)\nStacktrace:\nBacktrace:\n\tMicrosoft::Applications::Events::EventProperties::unpack [0x00007FF6EBEDCC52+24658]\n\tMicrosoft::Applications::Events::time_ticks_t::time_ticks_t [0x00007FF6EBE1D342+539922]\n\tOrdinal0 [0x00007FF6EB920DBB+658875]\n\tOrdinal0 [0x00007FF6EB910052+589906]\n\tOrdinal0 [0x00007FF6EB9109F5+592373]\n\tOrdinal0 [0x00007FF6EB9128DD+600285]\n\tOrdinal0 [0x00007FF6EB90B08F+569487]\n\tOrdinal0 [0x00007FF6EB9222C1+664257]\n\tOrdinal0 [0x00007FF6EB98B04D+1093709]\n\tOrdinal0 [0x00007FF6EB9774B3+1012915]\n\tOrdinal0 [0x00007FF6EB94E440+844864]\n\tOrdinal0 [0x00007FF6EB94F848+849992]\n\tMicrosoft::Applications::Events::EventProperty::EventProperty [0x00007FF6EBBE17D8+120584]\n\tMicrosoft::Applications::Events::EventProperty::EventProperty [0x00007FF6EBBCCE1E+36174]\n\tMicrosoft::Applications::Events::EventProperty::EventProperty [0x00007FF6EBBD001C+48972]\n\tMicrosoft::Applications::Events::EventProperty::to_string [0x00007FF6EBA20716+30806]\n\tMicrosoft::Applications::Events::time_ticks_t::time_ticks_t [0x00007FF6EBE24611+569313]\n\tMicrosoft::Applications::Events::time_ticks_t::time_ticks_t [0x00007FF6EBE29044+588308]\n\tMicrosoft::Applications::Events::time_ticks_t::time_ticks_t [0x00007FF6EBE2919D+588653]\n\tMicrosoft::Applications::Events::time_ticks_t::time_ticks_t [0x00007FF6EBE3292E+627454]\n\tBaseThreadInitThunk [0x00007FFBD6537034+20]\n\tRtlUserThreadStart [0x00007FFBD7FA2651+33]\n\n", "trace": "  File \"C:\\Users\\Admin\\venv\\lib\\site-packages\\behave\\model.py\", line 1329, in run\n    match.run(runner.context)\n  File \"C:\\Users\\Admin\\venv\\lib\\site-packages\\behave\\matchers.py\", line 98, in run\n    self.func(context, *args, **kwargs)\n  File \"features\\steps\\SearchPageSteps.py\", line 52, in step_impl\n    listElement = context.driver.find_element_by_xpath(list_item)\n  File \"C:\\Users\\Admin\\venv\\lib\\site-packages\\selenium\\webdriver\\remote\\webdriver.py\", line 521, in find_element_by_xpath\n    return self.find_element(by=By.XPATH, value=xpath)\n  File \"C:\\Users\\Admin\\venv\\lib\\site-packages\\selenium\\webdriver\\remote\\webdriver.py\", line 1248, in find_element\n    return self.execute(Command.FIND_ELEMENT, {\n  File \"C:\\Users\\Admin\\venv\\lib\\site-packages\\selenium\\webdriver\\remote\\webdriver.py\", line 425, in execute\n    self.error_handler.check_response(response)\n  File \"C:\\Users\\Admin\\venv\\lib\\site-packages\\selenium\\webdriver\\remote\\errorhandler.py\", line 247, in check_response\n    raise exception_class(message, screen, stacktrace)\n"}, "start": 1652889298145, "stop": 1652889324698}, {"name": "Then check title and screenShots search", "status": "skipped", "start": 1652889324700, "stop": 1652889324700}, {"name": "And close the browser search", "status": "skipped", "start": 1652889324700, "stop": 1652889324700}], "start": 1652889292217, "stop": 1652889324700, "uuid": "d0112ffe-1b9b-4f61-87f1-20cb29471d7e", "historyId": "a19b099830267cd482319767c78a8669", "fullName": "Test the browserstack application Home Page: Search Automation in Home Page", "labels": [{"name": "severity", "value": "normal"}, {"name": "feature", "value": "Test the browserstack application Home Page"}, {"name": "framework", "value": "behave"}, {"name": "language", "value": "cpython3"}]}