{"name": "Verify login functionality", "status": "broken", "statusDetails": {"message": "selenium.common.exceptions.ElementNotInteractableException: Message: element not interactable: https://www.browserstack.com/users/sign_out has no size and location\n  (Session info: MicrosoftEdge=101.0.1210.47)\nStacktrace:\nBacktrace:\n\tMicrosoft::Applications::Events::EventProperties::unpack [0x00007FF6EBEDCC52+24658]\n\tMicrosoft::Applications::Events::time_ticks_t::time_ticks_t [0x00007FF6EBE1D342+539922]\n\tOrdinal0 [0x00007FF6EB920F05+659205]\n\tOrdinal0 [0x00007FF6EB9244FA+673018]\n\tOrdinal0 [0x00007FF6EB92427B+672379]\n\tOrdinal0 [0x00007FF6EB924630+673328]\n\tOrdinal0 [0x00007FF6EB963717+931607]\n\tOrdinal0 [0x00007FF6EB962A02+928258]\n\tOrdinal0 [0x00007FF6EB996663+1140323]\n\tOrdinal0 [0x00007FF6EB97769A+1013402]\n\tOrdinal0 [0x00007FF6EB98B9E7+1096167]\n\tOrdinal0 [0x00007FF6EB9774B3+1012915]\n\tOrdinal0 [0x00007FF6EB94E440+844864]\n\tOrdinal0 [0x00007FF6EB94F848+849992]\n\tMicrosoft::Applications::Events::EventProperty::EventProperty [0x00007FF6EBBE17D8+120584]\n\tMicrosoft::Applications::Events::EventProperty::EventProperty [0x00007FF6EBBCCE1E+36174]\n\tMicrosoft::Applications::Events::EventProperty::EventProperty [0x00007FF6EBBD001C+48972]\n\tMicrosoft::Applications::Events::EventProperty::to_string [0x00007FF6EBA20716+30806]\n\tMicrosoft::Applications::Events::time_ticks_t::time_ticks_t [0x00007FF6EBE24611+569313]\n\tMicrosoft::Applications::Events::time_ticks_t::time_ticks_t [0x00007FF6EBE29044+588308]\n\tMicrosoft::Applications::Events::time_ticks_t::time_ticks_t [0x00007FF6EBE2919D+588653]\n\tMicrosoft::Applications::Events::time_ticks_t::time_ticks_t [0x00007FF6EBE3292E+627454]\n\tBaseThreadInitThunk [0x00007FFBD6537034+20]\n\tRtlUserThreadStart [0x00007FFBD7FA2651+33]\n\n", "trace": "  File \"C:\\Users\\Admin\\AppData\\Local\\Programs\\Python\\Python310\\lib\\site-packages\\behave\\model.py\", line 1329, in run\n    match.run(runner.context)\n  File \"C:\\Users\\Admin\\AppData\\Local\\Programs\\Python\\Python310\\lib\\site-packages\\behave\\matchers.py\", line 98, in run\n    self.func(context, *args, **kwargs)\n  File \"features\\steps\\LoginPageSteps.py\", line 82, in step_impl\n    lpage.clickOnSignOut()\n  File \"C:\\Users\\Admin\\PycharmProjects\\pythonProject\\pages\\loginPage.py\", line 38, in clickOnSignOut\n    a.move_to_element(n).click().perform()\n  File \"C:\\Users\\Admin\\AppData\\Local\\Programs\\Python\\Python310\\lib\\site-packages\\selenium\\webdriver\\common\\action_chains.py\", line 75, in perform\n    self.w3c_actions.perform()\n  File \"C:\\Users\\Admin\\AppData\\Local\\Programs\\Python\\Python310\\lib\\site-packages\\selenium\\webdriver\\common\\actions\\action_builder.py\", line 88, in perform\n    self.driver.execute(Command.W3C_ACTIONS, enc)\n  File \"C:\\Users\\Admin\\AppData\\Local\\Programs\\Python\\Python310\\lib\\site-packages\\selenium\\webdriver\\remote\\webdriver.py\", line 425, in execute\n    self.error_handler.check_response(response)\n  File \"C:\\Users\\Admin\\AppData\\Local\\Programs\\Python\\Python310\\lib\\site-packages\\selenium\\webdriver\\remote\\errorhandler.py\", line 247, in check_response\n    raise exception_class(message, screen, stacktrace)\n"}, "steps": [{"name": "Given Launch the App", "status": "passed", "start": 1652887853465, "stop": 1652887867403}, {"name": "When Enter login credentials", "status": "passed", "start": 1652887867403, "stop": 1652887921943}, {"name": "Then Screenshot login", "status": "passed", "attachments": [{"name": "c2ta LoginPage test", "source": "7370b6f7-fd34-4139-86ec-9713280c89bb-attachment.png", "type": "image/png"}], "start": 1652887921943, "stop": 1652887928319}, {"name": "Then Handle logout", "status": "broken", "statusDetails": {"message": "selenium.common.exceptions.ElementNotInteractableException: Message: element not interactable: https://www.browserstack.com/users/sign_out has no size and location\n  (Session info: MicrosoftEdge=101.0.1210.47)\nStacktrace:\nBacktrace:\n\tMicrosoft::Applications::Events::EventProperties::unpack [0x00007FF6EBEDCC52+24658]\n\tMicrosoft::Applications::Events::time_ticks_t::time_ticks_t [0x00007FF6EBE1D342+539922]\n\tOrdinal0 [0x00007FF6EB920F05+659205]\n\tOrdinal0 [0x00007FF6EB9244FA+673018]\n\tOrdinal0 [0x00007FF6EB92427B+672379]\n\tOrdinal0 [0x00007FF6EB924630+673328]\n\tOrdinal0 [0x00007FF6EB963717+931607]\n\tOrdinal0 [0x00007FF6EB962A02+928258]\n\tOrdinal0 [0x00007FF6EB996663+1140323]\n\tOrdinal0 [0x00007FF6EB97769A+1013402]\n\tOrdinal0 [0x00007FF6EB98B9E7+1096167]\n\tOrdinal0 [0x00007FF6EB9774B3+1012915]\n\tOrdinal0 [0x00007FF6EB94E440+844864]\n\tOrdinal0 [0x00007FF6EB94F848+849992]\n\tMicrosoft::Applications::Events::EventProperty::EventProperty [0x00007FF6EBBE17D8+120584]\n\tMicrosoft::Applications::Events::EventProperty::EventProperty [0x00007FF6EBBCCE1E+36174]\n\tMicrosoft::Applications::Events::EventProperty::EventProperty [0x00007FF6EBBD001C+48972]\n\tMicrosoft::Applications::Events::EventProperty::to_string [0x00007FF6EBA20716+30806]\n\tMicrosoft::Applications::Events::time_ticks_t::time_ticks_t [0x00007FF6EBE24611+569313]\n\tMicrosoft::Applications::Events::time_ticks_t::time_ticks_t [0x00007FF6EBE29044+588308]\n\tMicrosoft::Applications::Events::time_ticks_t::time_ticks_t [0x00007FF6EBE2919D+588653]\n\tMicrosoft::Applications::Events::time_ticks_t::time_ticks_t [0x00007FF6EBE3292E+627454]\n\tBaseThreadInitThunk [0x00007FFBD6537034+20]\n\tRtlUserThreadStart [0x00007FFBD7FA2651+33]\n\n", "trace": "  File \"C:\\Users\\Admin\\AppData\\Local\\Programs\\Python\\Python310\\lib\\site-packages\\behave\\model.py\", line 1329, in run\n    match.run(runner.context)\n  File \"C:\\Users\\Admin\\AppData\\Local\\Programs\\Python\\Python310\\lib\\site-packages\\behave\\matchers.py\", line 98, in run\n    self.func(context, *args, **kwargs)\n  File \"features\\steps\\LoginPageSteps.py\", line 82, in step_impl\n    lpage.clickOnSignOut()\n  File \"C:\\Users\\Admin\\PycharmProjects\\pythonProject\\pages\\loginPage.py\", line 38, in clickOnSignOut\n    a.move_to_element(n).click().perform()\n  File \"C:\\Users\\Admin\\AppData\\Local\\Programs\\Python\\Python310\\lib\\site-packages\\selenium\\webdriver\\common\\action_chains.py\", line 75, in perform\n    self.w3c_actions.perform()\n  File \"C:\\Users\\Admin\\AppData\\Local\\Programs\\Python\\Python310\\lib\\site-packages\\selenium\\webdriver\\common\\actions\\action_builder.py\", line 88, in perform\n    self.driver.execute(Command.W3C_ACTIONS, enc)\n  File \"C:\\Users\\Admin\\AppData\\Local\\Programs\\Python\\Python310\\lib\\site-packages\\selenium\\webdriver\\remote\\webdriver.py\", line 425, in execute\n    self.error_handler.check_response(response)\n  File \"C:\\Users\\Admin\\AppData\\Local\\Programs\\Python\\Python310\\lib\\site-packages\\selenium\\webdriver\\remote\\errorhandler.py\", line 247, in check_response\n    raise exception_class(message, screen, stacktrace)\n"}, "start": 1652887928319, "stop": 1652887928686}, {"name": "And Close the App", "status": "skipped", "start": 1652887928687, "stop": 1652887928687}], "start": 1652887853465, "stop": 1652887928687, "uuid": "fade9b4a-3f86-44fe-b1f4-449f017696de", "historyId": "78312a81aac68709df3e875a56139dfa", "fullName": "Test the browserstack application Login Page: Verify login functionality", "labels": [{"name": "severity", "value": "normal"}, {"name": "feature", "value": "Test the browserstack application Login Page"}, {"name": "framework", "value": "behave"}, {"name": "language", "value": "cpython3"}]}