{"name": "Verify login functionality", "status": "broken", "statusDetails": {"message": "selenium.common.exceptions.ElementNotInteractableException: Message: element not interactable\n  (Session info: MicrosoftEdge=101.0.1210.32)\nStacktrace:\nBacktrace:\n\tMicrosoft::Applications::Events::EventProperties::unpack [0x00007FF61D08CC22+24658]\n\tMicrosoft::Applications::Events::time_ticks_t::time_ticks_t [0x00007FF61CFCD312+539986]\n\tOrdinal0 [0x00007FF61CAD0DBB+658875]\n\tOrdinal0 [0x00007FF61CB0D680+906880]\n\tOrdinal0 [0x00007FF61CB00731+853809]\n\tOrdinal0 [0x00007FF61CB2769A+1013402]\n\tOrdinal0 [0x00007FF61CAFFF34+851764]\n\tOrdinal0 [0x00007FF61CB279B0+1014192]\n\tOrdinal0 [0x00007FF61CB3B9E7+1096167]\n\tOrdinal0 [0x00007FF61CB274B3+1012915]\n\tOrdinal0 [0x00007FF61CAFE440+844864]\n\tOrdinal0 [0x00007FF61CAFF848+849992]\n\tMicrosoft::Applications::Events::EventProperty::EventProperty [0x00007FF61CD917D8+120584]\n\tMicrosoft::Applications::Events::EventProperty::EventProperty [0x00007FF61CD7CE1E+36174]\n\tMicrosoft::Applications::Events::EventProperty::EventProperty [0x00007FF61CD8001C+48972]\n\tMicrosoft::Applications::Events::EventProperty::to_string [0x00007FF61CBD0716+30806]\n\tMicrosoft::Applications::Events::time_ticks_t::time_ticks_t [0x00007FF61CFD45E1+569377]\n\tMicrosoft::Applications::Events::time_ticks_t::time_ticks_t [0x00007FF61CFD9014+588372]\n\tMicrosoft::Applications::Events::time_ticks_t::time_ticks_t [0x00007FF61CFD916D+588717]\n\tMicrosoft::Applications::Events::time_ticks_t::time_ticks_t [0x00007FF61CFE28FE+627518]\n\tBaseThreadInitThunk [0x00007FFE34017034+20]\n\tRtlUserThreadStart [0x00007FFE351A2651+33]\n\n", "trace": "  File \"C:\\Users\\Admin\\AppData\\Local\\Programs\\Python\\Python310\\lib\\site-packages\\behave\\model.py\", line 1329, in run\n    match.run(runner.context)\n  File \"C:\\Users\\Admin\\AppData\\Local\\Programs\\Python\\Python310\\lib\\site-packages\\behave\\matchers.py\", line 98, in run\n    self.func(context, *args, **kwargs)\n  File \"features\\steps\\LoginPageSteps.py\", line 86, in step_impl\n    lpage.clickOnSignOut()\n  File \"C:\\Users\\Admin\\PycharmProjects\\pythonProject\\pages\\loginPage.py\", line 32, in clickOnSignOut\n    self.driver.find_element_by_xpath(self.link_sign_out_xpath).click()\n  File \"C:\\Users\\Admin\\AppData\\Local\\Programs\\Python\\Python310\\lib\\site-packages\\selenium\\webdriver\\remote\\webelement.py\", line 81, in click\n    self._execute(Command.CLICK_ELEMENT)\n  File \"C:\\Users\\Admin\\AppData\\Local\\Programs\\Python\\Python310\\lib\\site-packages\\selenium\\webdriver\\remote\\webelement.py\", line 710, in _execute\n    return self._parent.execute(command, params)\n  File \"C:\\Users\\Admin\\AppData\\Local\\Programs\\Python\\Python310\\lib\\site-packages\\selenium\\webdriver\\remote\\webdriver.py\", line 425, in execute\n    self.error_handler.check_response(response)\n  File \"C:\\Users\\Admin\\AppData\\Local\\Programs\\Python\\Python310\\lib\\site-packages\\selenium\\webdriver\\remote\\errorhandler.py\", line 247, in check_response\n    raise exception_class(message, screen, stacktrace)\n"}, "steps": [{"name": "Given Launch the App", "status": "passed", "start": 1651731565208, "stop": 1651731572044}, {"name": "When Enter login credentials", "status": "passed", "start": 1651731572045, "stop": 1651731615280}, {"name": "Then Screenshot login", "status": "passed", "attachments": [{"name": "c2ta LoginPage test", "source": "b32f8a7f-1b6d-4073-a255-042558dbe5e9-attachment.png", "type": "image/png"}], "start": 1651731615281, "stop": 1651731620102}, {"name": "Then Handle logout", "status": "broken", "statusDetails": {"message": "selenium.common.exceptions.ElementNotInteractableException: Message: element not interactable\n  (Session info: MicrosoftEdge=101.0.1210.32)\nStacktrace:\nBacktrace:\n\tMicrosoft::Applications::Events::EventProperties::unpack [0x00007FF61D08CC22+24658]\n\tMicrosoft::Applications::Events::time_ticks_t::time_ticks_t [0x00007FF61CFCD312+539986]\n\tOrdinal0 [0x00007FF61CAD0DBB+658875]\n\tOrdinal0 [0x00007FF61CB0D680+906880]\n\tOrdinal0 [0x00007FF61CB00731+853809]\n\tOrdinal0 [0x00007FF61CB2769A+1013402]\n\tOrdinal0 [0x00007FF61CAFFF34+851764]\n\tOrdinal0 [0x00007FF61CB279B0+1014192]\n\tOrdinal0 [0x00007FF61CB3B9E7+1096167]\n\tOrdinal0 [0x00007FF61CB274B3+1012915]\n\tOrdinal0 [0x00007FF61CAFE440+844864]\n\tOrdinal0 [0x00007FF61CAFF848+849992]\n\tMicrosoft::Applications::Events::EventProperty::EventProperty [0x00007FF61CD917D8+120584]\n\tMicrosoft::Applications::Events::EventProperty::EventProperty [0x00007FF61CD7CE1E+36174]\n\tMicrosoft::Applications::Events::EventProperty::EventProperty [0x00007FF61CD8001C+48972]\n\tMicrosoft::Applications::Events::EventProperty::to_string [0x00007FF61CBD0716+30806]\n\tMicrosoft::Applications::Events::time_ticks_t::time_ticks_t [0x00007FF61CFD45E1+569377]\n\tMicrosoft::Applications::Events::time_ticks_t::time_ticks_t [0x00007FF61CFD9014+588372]\n\tMicrosoft::Applications::Events::time_ticks_t::time_ticks_t [0x00007FF61CFD916D+588717]\n\tMicrosoft::Applications::Events::time_ticks_t::time_ticks_t [0x00007FF61CFE28FE+627518]\n\tBaseThreadInitThunk [0x00007FFE34017034+20]\n\tRtlUserThreadStart [0x00007FFE351A2651+33]\n\n", "trace": "  File \"C:\\Users\\Admin\\AppData\\Local\\Programs\\Python\\Python310\\lib\\site-packages\\behave\\model.py\", line 1329, in run\n    match.run(runner.context)\n  File \"C:\\Users\\Admin\\AppData\\Local\\Programs\\Python\\Python310\\lib\\site-packages\\behave\\matchers.py\", line 98, in run\n    self.func(context, *args, **kwargs)\n  File \"features\\steps\\LoginPageSteps.py\", line 86, in step_impl\n    lpage.clickOnSignOut()\n  File \"C:\\Users\\Admin\\PycharmProjects\\pythonProject\\pages\\loginPage.py\", line 32, in clickOnSignOut\n    self.driver.find_element_by_xpath(self.link_sign_out_xpath).click()\n  File \"C:\\Users\\Admin\\AppData\\Local\\Programs\\Python\\Python310\\lib\\site-packages\\selenium\\webdriver\\remote\\webelement.py\", line 81, in click\n    self._execute(Command.CLICK_ELEMENT)\n  File \"C:\\Users\\Admin\\AppData\\Local\\Programs\\Python\\Python310\\lib\\site-packages\\selenium\\webdriver\\remote\\webelement.py\", line 710, in _execute\n    return self._parent.execute(command, params)\n  File \"C:\\Users\\Admin\\AppData\\Local\\Programs\\Python\\Python310\\lib\\site-packages\\selenium\\webdriver\\remote\\webdriver.py\", line 425, in execute\n    self.error_handler.check_response(response)\n  File \"C:\\Users\\Admin\\AppData\\Local\\Programs\\Python\\Python310\\lib\\site-packages\\selenium\\webdriver\\remote\\errorhandler.py\", line 247, in check_response\n    raise exception_class(message, screen, stacktrace)\n"}, "start": 1651731620102, "stop": 1651731620133}, {"name": "And Close the App", "status": "skipped", "start": 1651731620133, "stop": 1651731620133}], "start": 1651731565208, "stop": 1651731620133, "uuid": "8a456831-705c-4d11-a457-9add9d0ae3f5", "historyId": "78312a81aac68709df3e875a56139dfa", "fullName": "Test the browserstack application Login Page: Verify login functionality", "labels": [{"name": "severity", "value": "normal"}, {"name": "feature", "value": "Test the browserstack application Login Page"}, {"name": "framework", "value": "behave"}, {"name": "language", "value": "cpython3"}]}