{"name": "Search Automation in Home Page", "status": "broken", "statusDetails": {"message": "selenium.common.exceptions.NoSuchElementException: Message: no such element: Unable to locate element: {\"method\":\"xpath\",\"selector\":\"//body/main[1]/div[2]/div[1]/div[2]/div[2]/div[1]/div[1]/ol[1]/li[1]/div[1]/a[1]\"}\n  (Session info: MicrosoftEdge=101.0.1210.32)\nStacktrace:\nBacktrace:\n\tMicrosoft::Applications::Events::EventProperties::unpack [0x00007FF71F41CC22+24658]\n\tMicrosoft::Applications::Events::time_ticks_t::time_ticks_t [0x00007FF71F35D312+539986]\n\tOrdinal0 [0x00007FF71EE60F05+659205]\n\tOrdinal0 [0x00007FF71EE9C1F1+901617]\n\tOrdinal0 [0x00007FF71EE9C403+902147]\n\tOrdinal0 [0x00007FF71EECE397+1106839]\n\tOrdinal0 [0x00007FF71EEB76DF+1013471]\n\tOrdinal0 [0x00007FF71EECB9E7+1096167]\n\tOrdinal0 [0x00007FF71EEB74B3+1012915]\n\tOrdinal0 [0x00007FF71EE8E440+844864]\n\tOrdinal0 [0x00007FF71EE8F848+849992]\n\tMicrosoft::Applications::Events::EventProperty::EventProperty [0x00007FF71F1217D8+120584]\n\tMicrosoft::Applications::Events::EventProperty::EventProperty [0x00007FF71F10CE1E+36174]\n\tMicrosoft::Applications::Events::EventProperty::EventProperty [0x00007FF71F11001C+48972]\n\tMicrosoft::Applications::Events::EventProperty::to_string [0x00007FF71EF60716+30806]\n\tMicrosoft::Applications::Events::time_ticks_t::time_ticks_t [0x00007FF71F3645E1+569377]\n\tMicrosoft::Applications::Events::time_ticks_t::time_ticks_t [0x00007FF71F369014+588372]\n\tMicrosoft::Applications::Events::time_ticks_t::time_ticks_t [0x00007FF71F36916D+588717]\n\tMicrosoft::Applications::Events::time_ticks_t::time_ticks_t [0x00007FF71F3728FE+627518]\n\tBaseThreadInitThunk [0x00007FFE34017034+20]\n\tRtlUserThreadStart [0x00007FFE351A2651+33]\n\n", "trace": "  File \"C:\\Users\\Admin\\AppData\\Local\\Programs\\Python\\Python310\\lib\\site-packages\\behave\\model.py\", line 1329, in run\n    match.run(runner.context)\n  File \"C:\\Users\\Admin\\AppData\\Local\\Programs\\Python\\Python310\\lib\\site-packages\\behave\\matchers.py\", line 98, in run\n    self.func(context, *args, **kwargs)\n  File \"features\\steps\\SearchPageSteps.py\", line 49, in step_impl\n    hpage.scrollSearchPage()\n  File \"C:\\Users\\Admin\\PycharmProjects\\pythonProject\\pages\\homePage.py\", line 32, in scrollSearchPage\n    self.driver.find_element_by_xpath(self.item_search_xpath).click()\n  File \"C:\\Users\\Admin\\AppData\\Local\\Programs\\Python\\Python310\\lib\\site-packages\\selenium\\webdriver\\remote\\webdriver.py\", line 521, in find_element_by_xpath\n    return self.find_element(by=By.XPATH, value=xpath)\n  File \"C:\\Users\\Admin\\AppData\\Local\\Programs\\Python\\Python310\\lib\\site-packages\\selenium\\webdriver\\remote\\webdriver.py\", line 1248, in find_element\n    return self.execute(Command.FIND_ELEMENT, {\n  File \"C:\\Users\\Admin\\AppData\\Local\\Programs\\Python\\Python310\\lib\\site-packages\\selenium\\webdriver\\remote\\webdriver.py\", line 425, in execute\n    self.error_handler.check_response(response)\n  File \"C:\\Users\\Admin\\AppData\\Local\\Programs\\Python\\Python310\\lib\\site-packages\\selenium\\webdriver\\remote\\errorhandler.py\", line 247, in check_response\n    raise exception_class(message, screen, stacktrace)\n"}, "steps": [{"name": "Given Launch the browser search", "status": "passed", "start": 1651735711752, "stop": 1651735717841}, {"name": "When enter icon search", "status": "passed", "start": 1651735717841, "stop": 1651735719969}, {"name": "Then identify search box & enter search text", "status": "passed", "start": 1651735719969, "stop": 1651735724860}, {"name": "Then perform Google search", "status": "passed", "start": 1651735724860, "stop": 1651735726803}, {"name": "Then scroll search Page", "status": "broken", "statusDetails": {"message": "selenium.common.exceptions.NoSuchElementException: Message: no such element: Unable to locate element: {\"method\":\"xpath\",\"selector\":\"//body/main[1]/div[2]/div[1]/div[2]/div[2]/div[1]/div[1]/ol[1]/li[1]/div[1]/a[1]\"}\n  (Session info: MicrosoftEdge=101.0.1210.32)\nStacktrace:\nBacktrace:\n\tMicrosoft::Applications::Events::EventProperties::unpack [0x00007FF71F41CC22+24658]\n\tMicrosoft::Applications::Events::time_ticks_t::time_ticks_t [0x00007FF71F35D312+539986]\n\tOrdinal0 [0x00007FF71EE60F05+659205]\n\tOrdinal0 [0x00007FF71EE9C1F1+901617]\n\tOrdinal0 [0x00007FF71EE9C403+902147]\n\tOrdinal0 [0x00007FF71EECE397+1106839]\n\tOrdinal0 [0x00007FF71EEB76DF+1013471]\n\tOrdinal0 [0x00007FF71EECB9E7+1096167]\n\tOrdinal0 [0x00007FF71EEB74B3+1012915]\n\tOrdinal0 [0x00007FF71EE8E440+844864]\n\tOrdinal0 [0x00007FF71EE8F848+849992]\n\tMicrosoft::Applications::Events::EventProperty::EventProperty [0x00007FF71F1217D8+120584]\n\tMicrosoft::Applications::Events::EventProperty::EventProperty [0x00007FF71F10CE1E+36174]\n\tMicrosoft::Applications::Events::EventProperty::EventProperty [0x00007FF71F11001C+48972]\n\tMicrosoft::Applications::Events::EventProperty::to_string [0x00007FF71EF60716+30806]\n\tMicrosoft::Applications::Events::time_ticks_t::time_ticks_t [0x00007FF71F3645E1+569377]\n\tMicrosoft::Applications::Events::time_ticks_t::time_ticks_t [0x00007FF71F369014+588372]\n\tMicrosoft::Applications::Events::time_ticks_t::time_ticks_t [0x00007FF71F36916D+588717]\n\tMicrosoft::Applications::Events::time_ticks_t::time_ticks_t [0x00007FF71F3728FE+627518]\n\tBaseThreadInitThunk [0x00007FFE34017034+20]\n\tRtlUserThreadStart [0x00007FFE351A2651+33]\n\n", "trace": "  File \"C:\\Users\\Admin\\AppData\\Local\\Programs\\Python\\Python310\\lib\\site-packages\\behave\\model.py\", line 1329, in run\n    match.run(runner.context)\n  File \"C:\\Users\\Admin\\AppData\\Local\\Programs\\Python\\Python310\\lib\\site-packages\\behave\\matchers.py\", line 98, in run\n    self.func(context, *args, **kwargs)\n  File \"features\\steps\\SearchPageSteps.py\", line 49, in step_impl\n    hpage.scrollSearchPage()\n  File \"C:\\Users\\Admin\\PycharmProjects\\pythonProject\\pages\\homePage.py\", line 32, in scrollSearchPage\n    self.driver.find_element_by_xpath(self.item_search_xpath).click()\n  File \"C:\\Users\\Admin\\AppData\\Local\\Programs\\Python\\Python310\\lib\\site-packages\\selenium\\webdriver\\remote\\webdriver.py\", line 521, in find_element_by_xpath\n    return self.find_element(by=By.XPATH, value=xpath)\n  File \"C:\\Users\\Admin\\AppData\\Local\\Programs\\Python\\Python310\\lib\\site-packages\\selenium\\webdriver\\remote\\webdriver.py\", line 1248, in find_element\n    return self.execute(Command.FIND_ELEMENT, {\n  File \"C:\\Users\\Admin\\AppData\\Local\\Programs\\Python\\Python310\\lib\\site-packages\\selenium\\webdriver\\remote\\webdriver.py\", line 425, in execute\n    self.error_handler.check_response(response)\n  File \"C:\\Users\\Admin\\AppData\\Local\\Programs\\Python\\Python310\\lib\\site-packages\\selenium\\webdriver\\remote\\errorhandler.py\", line 247, in check_response\n    raise exception_class(message, screen, stacktrace)\n"}, "start": 1651735726803, "stop": 1651735726833}, {"name": "Then check title and screenShots search", "status": "skipped", "start": 1651735726833, "stop": 1651735726833}, {"name": "And close the browser search", "status": "skipped", "start": 1651735726833, "stop": 1651735726833}], "start": 1651735711751, "stop": 1651735726833, "uuid": "7c7e6183-8d1e-45c3-9894-b517301e4038", "historyId": "a19b099830267cd482319767c78a8669", "fullName": "Test the browserstack application Home Page: Search Automation in Home Page", "labels": [{"name": "severity", "value": "normal"}, {"name": "feature", "value": "Test the browserstack application Home Page"}, {"name": "framework", "value": "behave"}, {"name": "language", "value": "cpython3"}]}