{"name": "Verify login functionality", "status": "broken", "statusDetails": {"message": "selenium.common.exceptions.ElementNotInteractableException: Message: element not interactable\n  (Session info: MicrosoftEdge=101.0.1210.32)\nStacktrace:\nBacktrace:\n\tMicrosoft::Applications::Events::EventProperties::unpack [0x00007FF7718FCC22+24658]\n\tMicrosoft::Applications::Events::time_ticks_t::time_ticks_t [0x00007FF77183D312+539986]\n\tOrdinal0 [0x00007FF771340DBB+658875]\n\tOrdinal0 [0x00007FF77137D680+906880]\n\tOrdinal0 [0x00007FF771370731+853809]\n\tOrdinal0 [0x00007FF77139769A+1013402]\n\tOrdinal0 [0x00007FF77136FF34+851764]\n\tOrdinal0 [0x00007FF7713979B0+1014192]\n\tOrdinal0 [0x00007FF7713AB9E7+1096167]\n\tOrdinal0 [0x00007FF7713974B3+1012915]\n\tOrdinal0 [0x00007FF77136E440+844864]\n\tOrdinal0 [0x00007FF77136F848+849992]\n\tMicrosoft::Applications::Events::EventProperty::EventProperty [0x00007FF7716017D8+120584]\n\tMicrosoft::Applications::Events::EventProperty::EventProperty [0x00007FF7715ECE1E+36174]\n\tMicrosoft::Applications::Events::EventProperty::EventProperty [0x00007FF7715F001C+48972]\n\tMicrosoft::Applications::Events::EventProperty::to_string [0x00007FF771440716+30806]\n\tMicrosoft::Applications::Events::time_ticks_t::time_ticks_t [0x00007FF7718445E1+569377]\n\tMicrosoft::Applications::Events::time_ticks_t::time_ticks_t [0x00007FF771849014+588372]\n\tMicrosoft::Applications::Events::time_ticks_t::time_ticks_t [0x00007FF77184916D+588717]\n\tMicrosoft::Applications::Events::time_ticks_t::time_ticks_t [0x00007FF7718528FE+627518]\n\tBaseThreadInitThunk [0x00007FFE34017034+20]\n\tRtlUserThreadStart [0x00007FFE351A2651+33]\n\n", "trace": "  File \"C:\\Users\\Admin\\AppData\\Local\\Programs\\Python\\Python310\\lib\\site-packages\\behave\\model.py\", line 1329, in run\n    match.run(runner.context)\n  File \"C:\\Users\\Admin\\AppData\\Local\\Programs\\Python\\Python310\\lib\\site-packages\\behave\\matchers.py\", line 98, in run\n    self.func(context, *args, **kwargs)\n  File \"features\\steps\\LoginPageSteps.py\", line 86, in step_impl\n    lpage.clickOnSignOut()\n  File \"C:\\Users\\Admin\\PycharmProjects\\pythonProject\\pages\\loginPage.py\", line 32, in clickOnSignOut\n    self.driver.find_element_by_xpath(self.link_sign_out_xpath).click()\n  File \"C:\\Users\\Admin\\AppData\\Local\\Programs\\Python\\Python310\\lib\\site-packages\\selenium\\webdriver\\remote\\webelement.py\", line 81, in click\n    self._execute(Command.CLICK_ELEMENT)\n  File \"C:\\Users\\Admin\\AppData\\Local\\Programs\\Python\\Python310\\lib\\site-packages\\selenium\\webdriver\\remote\\webelement.py\", line 710, in _execute\n    return self._parent.execute(command, params)\n  File \"C:\\Users\\Admin\\AppData\\Local\\Programs\\Python\\Python310\\lib\\site-packages\\selenium\\webdriver\\remote\\webdriver.py\", line 425, in execute\n    self.error_handler.check_response(response)\n  File \"C:\\Users\\Admin\\AppData\\Local\\Programs\\Python\\Python310\\lib\\site-packages\\selenium\\webdriver\\remote\\errorhandler.py\", line 247, in check_response\n    raise exception_class(message, screen, stacktrace)\n"}, "steps": [{"name": "Given Launch the App", "status": "passed", "start": 1651731016000, "stop": 1651731024536}, {"name": "When Enter login credentials", "status": "passed", "start": 1651731024536, "stop": 1651731066806}, {"name": "Then Screenshot login", "status": "passed", "attachments": [{"name": "c2ta LoginPage test", "source": "6f77ce5f-85d7-47b3-b116-e0ec7058b3d2-attachment.png", "type": "image/png"}], "start": 1651731066806, "stop": 1651731070765}, {"name": "Then Handle logout", "status": "broken", "statusDetails": {"message": "selenium.common.exceptions.ElementNotInteractableException: Message: element not interactable\n  (Session info: MicrosoftEdge=101.0.1210.32)\nStacktrace:\nBacktrace:\n\tMicrosoft::Applications::Events::EventProperties::unpack [0x00007FF7718FCC22+24658]\n\tMicrosoft::Applications::Events::time_ticks_t::time_ticks_t [0x00007FF77183D312+539986]\n\tOrdinal0 [0x00007FF771340DBB+658875]\n\tOrdinal0 [0x00007FF77137D680+906880]\n\tOrdinal0 [0x00007FF771370731+853809]\n\tOrdinal0 [0x00007FF77139769A+1013402]\n\tOrdinal0 [0x00007FF77136FF34+851764]\n\tOrdinal0 [0x00007FF7713979B0+1014192]\n\tOrdinal0 [0x00007FF7713AB9E7+1096167]\n\tOrdinal0 [0x00007FF7713974B3+1012915]\n\tOrdinal0 [0x00007FF77136E440+844864]\n\tOrdinal0 [0x00007FF77136F848+849992]\n\tMicrosoft::Applications::Events::EventProperty::EventProperty [0x00007FF7716017D8+120584]\n\tMicrosoft::Applications::Events::EventProperty::EventProperty [0x00007FF7715ECE1E+36174]\n\tMicrosoft::Applications::Events::EventProperty::EventProperty [0x00007FF7715F001C+48972]\n\tMicrosoft::Applications::Events::EventProperty::to_string [0x00007FF771440716+30806]\n\tMicrosoft::Applications::Events::time_ticks_t::time_ticks_t [0x00007FF7718445E1+569377]\n\tMicrosoft::Applications::Events::time_ticks_t::time_ticks_t [0x00007FF771849014+588372]\n\tMicrosoft::Applications::Events::time_ticks_t::time_ticks_t [0x00007FF77184916D+588717]\n\tMicrosoft::Applications::Events::time_ticks_t::time_ticks_t [0x00007FF7718528FE+627518]\n\tBaseThreadInitThunk [0x00007FFE34017034+20]\n\tRtlUserThreadStart [0x00007FFE351A2651+33]\n\n", "trace": "  File \"C:\\Users\\Admin\\AppData\\Local\\Programs\\Python\\Python310\\lib\\site-packages\\behave\\model.py\", line 1329, in run\n    match.run(runner.context)\n  File \"C:\\Users\\Admin\\AppData\\Local\\Programs\\Python\\Python310\\lib\\site-packages\\behave\\matchers.py\", line 98, in run\n    self.func(context, *args, **kwargs)\n  File \"features\\steps\\LoginPageSteps.py\", line 86, in step_impl\n    lpage.clickOnSignOut()\n  File \"C:\\Users\\Admin\\PycharmProjects\\pythonProject\\pages\\loginPage.py\", line 32, in clickOnSignOut\n    self.driver.find_element_by_xpath(self.link_sign_out_xpath).click()\n  File \"C:\\Users\\Admin\\AppData\\Local\\Programs\\Python\\Python310\\lib\\site-packages\\selenium\\webdriver\\remote\\webelement.py\", line 81, in click\n    self._execute(Command.CLICK_ELEMENT)\n  File \"C:\\Users\\Admin\\AppData\\Local\\Programs\\Python\\Python310\\lib\\site-packages\\selenium\\webdriver\\remote\\webelement.py\", line 710, in _execute\n    return self._parent.execute(command, params)\n  File \"C:\\Users\\Admin\\AppData\\Local\\Programs\\Python\\Python310\\lib\\site-packages\\selenium\\webdriver\\remote\\webdriver.py\", line 425, in execute\n    self.error_handler.check_response(response)\n  File \"C:\\Users\\Admin\\AppData\\Local\\Programs\\Python\\Python310\\lib\\site-packages\\selenium\\webdriver\\remote\\errorhandler.py\", line 247, in check_response\n    raise exception_class(message, screen, stacktrace)\n"}, "start": 1651731070765, "stop": 1651731071130}, {"name": "And Close the App", "status": "skipped", "start": 1651731071130, "stop": 1651731071130}], "start": 1651731016000, "stop": 1651731071130, "uuid": "91ff18a8-5f09-409b-9ce4-1c9b763b8874", "historyId": "78312a81aac68709df3e875a56139dfa", "fullName": "Test the browserstack application Login Page: Verify login functionality", "labels": [{"name": "severity", "value": "normal"}, {"name": "feature", "value": "Test the browserstack application Login Page"}, {"name": "framework", "value": "behave"}, {"name": "language", "value": "cpython3"}]}