{"name": "Search Automation in Home Page", "status": "broken", "statusDetails": {"message": "selenium.common.exceptions.NoSuchWindowException: Message: no such window: target window already closed\nfrom unknown error: web view not found\n  (Session info: MicrosoftEdge=101.0.1210.32)\nStacktrace:\nBacktrace:\n\tMicrosoft::Applications::Events::EventProperties::unpack [0x00007FF670B4CC22+24658]\n\tMicrosoft::Applications::Events::time_ticks_t::time_ticks_t [0x00007FF670A8D312+539986]\n\tOrdinal0 [0x00007FF670590F05+659205]\n\tOrdinal0 [0x00007FF670570EAB+528043]\n\tOrdinal0 [0x00007FF6705EA214+1024532]\n\tOrdinal0 [0x00007FF6705FAFF2+1093618]\n\tOrdinal0 [0x00007FF6705E74B3+1012915]\n\tOrdinal0 [0x00007FF6705BE440+844864]\n\tOrdinal0 [0x00007FF6705BF848+849992]\n\tMicrosoft::Applications::Events::EventProperty::EventProperty [0x00007FF6708517D8+120584]\n\tMicrosoft::Applications::Events::EventProperty::EventProperty [0x00007FF67083CE1E+36174]\n\tMicrosoft::Applications::Events::EventProperty::EventProperty [0x00007FF67084001C+48972]\n\tMicrosoft::Applications::Events::EventProperty::to_string [0x00007FF670690716+30806]\n\tMicrosoft::Applications::Events::time_ticks_t::time_ticks_t [0x00007FF670A945E1+569377]\n\tMicrosoft::Applications::Events::time_ticks_t::time_ticks_t [0x00007FF670A99014+588372]\n\tMicrosoft::Applications::Events::time_ticks_t::time_ticks_t [0x00007FF670A9916D+588717]\n\tMicrosoft::Applications::Events::time_ticks_t::time_ticks_t [0x00007FF670AA28FE+627518]\n\tBaseThreadInitThunk [0x00007FFE34017034+20]\n\tRtlUserThreadStart [0x00007FFE351A2651+33]\n\n", "trace": "  File \"C:\\Users\\Admin\\AppData\\Local\\Programs\\Python\\Python310\\lib\\site-packages\\behave\\model.py\", line 1329, in run\n    match.run(runner.context)\n  File \"C:\\Users\\Admin\\AppData\\Local\\Programs\\Python\\Python310\\lib\\site-packages\\behave\\matchers.py\", line 98, in run\n    self.func(context, *args, **kwargs)\n  File \"features\\steps\\SearchPageSteps.py\", line 44, in step_impl\n    actual_title = context.driver.title\n  File \"C:\\Users\\Admin\\AppData\\Local\\Programs\\Python\\Python310\\lib\\site-packages\\selenium\\webdriver\\remote\\webdriver.py\", line 448, in title\n    resp = self.execute(Command.GET_TITLE)\n  File \"C:\\Users\\Admin\\AppData\\Local\\Programs\\Python\\Python310\\lib\\site-packages\\selenium\\webdriver\\remote\\webdriver.py\", line 425, in execute\n    self.error_handler.check_response(response)\n  File \"C:\\Users\\Admin\\AppData\\Local\\Programs\\Python\\Python310\\lib\\site-packages\\selenium\\webdriver\\remote\\errorhandler.py\", line 247, in check_response\n    raise exception_class(message, screen, stacktrace)\n"}, "steps": [{"name": "Given Launch the browser search", "status": "passed", "start": 1651742117536, "stop": 1651742122789}, {"name": "When identify search box & enter search text", "status": "broken", "statusDetails": {"message": "selenium.common.exceptions.NoSuchWindowException: Message: no such window: target window already closed\nfrom unknown error: web view not found\n  (Session info: MicrosoftEdge=101.0.1210.32)\nStacktrace:\nBacktrace:\n\tMicrosoft::Applications::Events::EventProperties::unpack [0x00007FF670B4CC22+24658]\n\tMicrosoft::Applications::Events::time_ticks_t::time_ticks_t [0x00007FF670A8D312+539986]\n\tOrdinal0 [0x00007FF670590F05+659205]\n\tOrdinal0 [0x00007FF670570EAB+528043]\n\tOrdinal0 [0x00007FF6705EA214+1024532]\n\tOrdinal0 [0x00007FF6705FAFF2+1093618]\n\tOrdinal0 [0x00007FF6705E74B3+1012915]\n\tOrdinal0 [0x00007FF6705BE440+844864]\n\tOrdinal0 [0x00007FF6705BF848+849992]\n\tMicrosoft::Applications::Events::EventProperty::EventProperty [0x00007FF6708517D8+120584]\n\tMicrosoft::Applications::Events::EventProperty::EventProperty [0x00007FF67083CE1E+36174]\n\tMicrosoft::Applications::Events::EventProperty::EventProperty [0x00007FF67084001C+48972]\n\tMicrosoft::Applications::Events::EventProperty::to_string [0x00007FF670690716+30806]\n\tMicrosoft::Applications::Events::time_ticks_t::time_ticks_t [0x00007FF670A945E1+569377]\n\tMicrosoft::Applications::Events::time_ticks_t::time_ticks_t [0x00007FF670A99014+588372]\n\tMicrosoft::Applications::Events::time_ticks_t::time_ticks_t [0x00007FF670A9916D+588717]\n\tMicrosoft::Applications::Events::time_ticks_t::time_ticks_t [0x00007FF670AA28FE+627518]\n\tBaseThreadInitThunk [0x00007FFE34017034+20]\n\tRtlUserThreadStart [0x00007FFE351A2651+33]\n\n", "trace": "  File \"C:\\Users\\Admin\\AppData\\Local\\Programs\\Python\\Python310\\lib\\site-packages\\behave\\model.py\", line 1329, in run\n    match.run(runner.context)\n  File \"C:\\Users\\Admin\\AppData\\Local\\Programs\\Python\\Python310\\lib\\site-packages\\behave\\matchers.py\", line 98, in run\n    self.func(context, *args, **kwargs)\n  File \"features\\steps\\SearchPageSteps.py\", line 44, in step_impl\n    actual_title = context.driver.title\n  File \"C:\\Users\\Admin\\AppData\\Local\\Programs\\Python\\Python310\\lib\\site-packages\\selenium\\webdriver\\remote\\webdriver.py\", line 448, in title\n    resp = self.execute(Command.GET_TITLE)\n  File \"C:\\Users\\Admin\\AppData\\Local\\Programs\\Python\\Python310\\lib\\site-packages\\selenium\\webdriver\\remote\\webdriver.py\", line 425, in execute\n    self.error_handler.check_response(response)\n  File \"C:\\Users\\Admin\\AppData\\Local\\Programs\\Python\\Python310\\lib\\site-packages\\selenium\\webdriver\\remote\\errorhandler.py\", line 247, in check_response\n    raise exception_class(message, screen, stacktrace)\n"}, "start": 1651742122789, "stop": 1651742148713}], "start": 1651742117536, "stop": 1651742148713, "uuid": "d607a472-8d33-4836-939c-e830031f6878", "historyId": "a19b099830267cd482319767c78a8669", "fullName": "Test the browserstack application Home Page: Search Automation in Home Page", "labels": [{"name": "severity", "value": "normal"}, {"name": "feature", "value": "Test the browserstack application Home Page"}, {"name": "framework", "value": "behave"}, {"name": "language", "value": "cpython3"}]}