{"name": "Search Automation in Home Page", "status": "broken", "statusDetails": {"message": "selenium.common.exceptions.NoSuchElementException: Message: no such element: Unable to locate element: {\"method\":\"xpath\",\"selector\":\"//body/main[1]/div[2]/div[1]/div[2]/div[2]/div[1]/div[1]/ol[1]/li[1]/div[1]/a[1]\"}\n  (Session info: MicrosoftEdge=101.0.1210.32)\nStacktrace:\nBacktrace:\n\tMicrosoft::Applications::Events::EventProperties::unpack [0x00007FF79D95CC22+24658]\n\tMicrosoft::Applications::Events::time_ticks_t::time_ticks_t [0x00007FF79D89D312+539986]\n\tOrdinal0 [0x00007FF79D3A0F05+659205]\n\tOrdinal0 [0x00007FF79D3DC1F1+901617]\n\tOrdinal0 [0x00007FF79D3DC403+902147]\n\tOrdinal0 [0x00007FF79D40E397+1106839]\n\tOrdinal0 [0x00007FF79D3F76DF+1013471]\n\tOrdinal0 [0x00007FF79D40B9E7+1096167]\n\tOrdinal0 [0x00007FF79D3F74B3+1012915]\n\tOrdinal0 [0x00007FF79D3CE440+844864]\n\tOrdinal0 [0x00007FF79D3CF848+849992]\n\tMicrosoft::Applications::Events::EventProperty::EventProperty [0x00007FF79D6617D8+120584]\n\tMicrosoft::Applications::Events::EventProperty::EventProperty [0x00007FF79D64CE1E+36174]\n\tMicrosoft::Applications::Events::EventProperty::EventProperty [0x00007FF79D65001C+48972]\n\tMicrosoft::Applications::Events::EventProperty::to_string [0x00007FF79D4A0716+30806]\n\tMicrosoft::Applications::Events::time_ticks_t::time_ticks_t [0x00007FF79D8A45E1+569377]\n\tMicrosoft::Applications::Events::time_ticks_t::time_ticks_t [0x00007FF79D8A9014+588372]\n\tMicrosoft::Applications::Events::time_ticks_t::time_ticks_t [0x00007FF79D8A916D+588717]\n\tMicrosoft::Applications::Events::time_ticks_t::time_ticks_t [0x00007FF79D8B28FE+627518]\n\tBaseThreadInitThunk [0x00007FFE34017034+20]\n\tRtlUserThreadStart [0x00007FFE351A2651+33]\n\n", "trace": "  File \"C:\\Users\\Admin\\AppData\\Local\\Programs\\Python\\Python310\\lib\\site-packages\\behave\\model.py\", line 1329, in run\n    match.run(runner.context)\n  File \"C:\\Users\\Admin\\AppData\\Local\\Programs\\Python\\Python310\\lib\\site-packages\\behave\\matchers.py\", line 98, in run\n    self.func(context, *args, **kwargs)\n  File \"features\\steps\\SearchPageSteps.py\", line 49, in step_impl\n    hpage.scrollSearchPage()\n  File \"C:\\Users\\Admin\\PycharmProjects\\pythonProject\\pages\\homePage.py\", line 32, in scrollSearchPage\n    self.driver.find_element_by_xpath(self.item_search_xpath).click()\n  File \"C:\\Users\\Admin\\AppData\\Local\\Programs\\Python\\Python310\\lib\\site-packages\\selenium\\webdriver\\remote\\webdriver.py\", line 521, in find_element_by_xpath\n    return self.find_element(by=By.XPATH, value=xpath)\n  File \"C:\\Users\\Admin\\AppData\\Local\\Programs\\Python\\Python310\\lib\\site-packages\\selenium\\webdriver\\remote\\webdriver.py\", line 1248, in find_element\n    return self.execute(Command.FIND_ELEMENT, {\n  File \"C:\\Users\\Admin\\AppData\\Local\\Programs\\Python\\Python310\\lib\\site-packages\\selenium\\webdriver\\remote\\webdriver.py\", line 425, in execute\n    self.error_handler.check_response(response)\n  File \"C:\\Users\\Admin\\AppData\\Local\\Programs\\Python\\Python310\\lib\\site-packages\\selenium\\webdriver\\remote\\errorhandler.py\", line 247, in check_response\n    raise exception_class(message, screen, stacktrace)\n"}, "steps": [{"name": "Given Launch the browser search", "status": "passed", "start": 1651735453629, "stop": 1651735461401}, {"name": "When enter icon search", "status": "passed", "start": 1651735461401, "stop": 1651735463477}, {"name": "Then identify search box & enter search text", "status": "passed", "start": 1651735463478, "stop": 1651735468320}, {"name": "Then perform Google search", "status": "passed", "start": 1651735468320, "stop": 1651735470079}, {"name": "Then scroll search Page", "status": "broken", "statusDetails": {"message": "selenium.common.exceptions.NoSuchElementException: Message: no such element: Unable to locate element: {\"method\":\"xpath\",\"selector\":\"//body/main[1]/div[2]/div[1]/div[2]/div[2]/div[1]/div[1]/ol[1]/li[1]/div[1]/a[1]\"}\n  (Session info: MicrosoftEdge=101.0.1210.32)\nStacktrace:\nBacktrace:\n\tMicrosoft::Applications::Events::EventProperties::unpack [0x00007FF79D95CC22+24658]\n\tMicrosoft::Applications::Events::time_ticks_t::time_ticks_t [0x00007FF79D89D312+539986]\n\tOrdinal0 [0x00007FF79D3A0F05+659205]\n\tOrdinal0 [0x00007FF79D3DC1F1+901617]\n\tOrdinal0 [0x00007FF79D3DC403+902147]\n\tOrdinal0 [0x00007FF79D40E397+1106839]\n\tOrdinal0 [0x00007FF79D3F76DF+1013471]\n\tOrdinal0 [0x00007FF79D40B9E7+1096167]\n\tOrdinal0 [0x00007FF79D3F74B3+1012915]\n\tOrdinal0 [0x00007FF79D3CE440+844864]\n\tOrdinal0 [0x00007FF79D3CF848+849992]\n\tMicrosoft::Applications::Events::EventProperty::EventProperty [0x00007FF79D6617D8+120584]\n\tMicrosoft::Applications::Events::EventProperty::EventProperty [0x00007FF79D64CE1E+36174]\n\tMicrosoft::Applications::Events::EventProperty::EventProperty [0x00007FF79D65001C+48972]\n\tMicrosoft::Applications::Events::EventProperty::to_string [0x00007FF79D4A0716+30806]\n\tMicrosoft::Applications::Events::time_ticks_t::time_ticks_t [0x00007FF79D8A45E1+569377]\n\tMicrosoft::Applications::Events::time_ticks_t::time_ticks_t [0x00007FF79D8A9014+588372]\n\tMicrosoft::Applications::Events::time_ticks_t::time_ticks_t [0x00007FF79D8A916D+588717]\n\tMicrosoft::Applications::Events::time_ticks_t::time_ticks_t [0x00007FF79D8B28FE+627518]\n\tBaseThreadInitThunk [0x00007FFE34017034+20]\n\tRtlUserThreadStart [0x00007FFE351A2651+33]\n\n", "trace": "  File \"C:\\Users\\Admin\\AppData\\Local\\Programs\\Python\\Python310\\lib\\site-packages\\behave\\model.py\", line 1329, in run\n    match.run(runner.context)\n  File \"C:\\Users\\Admin\\AppData\\Local\\Programs\\Python\\Python310\\lib\\site-packages\\behave\\matchers.py\", line 98, in run\n    self.func(context, *args, **kwargs)\n  File \"features\\steps\\SearchPageSteps.py\", line 49, in step_impl\n    hpage.scrollSearchPage()\n  File \"C:\\Users\\Admin\\PycharmProjects\\pythonProject\\pages\\homePage.py\", line 32, in scrollSearchPage\n    self.driver.find_element_by_xpath(self.item_search_xpath).click()\n  File \"C:\\Users\\Admin\\AppData\\Local\\Programs\\Python\\Python310\\lib\\site-packages\\selenium\\webdriver\\remote\\webdriver.py\", line 521, in find_element_by_xpath\n    return self.find_element(by=By.XPATH, value=xpath)\n  File \"C:\\Users\\Admin\\AppData\\Local\\Programs\\Python\\Python310\\lib\\site-packages\\selenium\\webdriver\\remote\\webdriver.py\", line 1248, in find_element\n    return self.execute(Command.FIND_ELEMENT, {\n  File \"C:\\Users\\Admin\\AppData\\Local\\Programs\\Python\\Python310\\lib\\site-packages\\selenium\\webdriver\\remote\\webdriver.py\", line 425, in execute\n    self.error_handler.check_response(response)\n  File \"C:\\Users\\Admin\\AppData\\Local\\Programs\\Python\\Python310\\lib\\site-packages\\selenium\\webdriver\\remote\\errorhandler.py\", line 247, in check_response\n    raise exception_class(message, screen, stacktrace)\n"}, "start": 1651735470079, "stop": 1651735470124}, {"name": "Then check title and screenShots search", "status": "skipped", "start": 1651735470125, "stop": 1651735470125}, {"name": "And close the browser search", "status": "skipped", "start": 1651735470125, "stop": 1651735470125}], "start": 1651735453629, "stop": 1651735470125, "uuid": "9195a974-8b1c-4188-bf02-dcc1fb14477a", "historyId": "a19b099830267cd482319767c78a8669", "fullName": "Test the browserstack application Home Page: Search Automation in Home Page", "labels": [{"name": "severity", "value": "normal"}, {"name": "feature", "value": "Test the browserstack application Home Page"}, {"name": "framework", "value": "behave"}, {"name": "language", "value": "cpython3"}]}