{"name": "Search Automation in Home Page", "status": "broken", "statusDetails": {"message": "selenium.common.exceptions.NoSuchElementException: Message: no such element: Unable to locate element: {\"method\":\"xpath\",\"selector\":\"//*[@id=\"all-search-ds-results\"]/div/div/ol\"}\n  (Session info: MicrosoftEdge=101.0.1210.47)\nStacktrace:\nBacktrace:\n\tMicrosoft::Applications::Events::EventProperties::unpack [0x00007FF6DAD6CC52+24658]\n\tMicrosoft::Applications::Events::time_ticks_t::time_ticks_t [0x00007FF6DACAD342+539922]\n\tOrdinal0 [0x00007FF6DA7B0F05+659205]\n\tOrdinal0 [0x00007FF6DA7EC1F1+901617]\n\tOrdinal0 [0x00007FF6DA7EC403+902147]\n\tOrdinal0 [0x00007FF6DA81E397+1106839]\n\tOrdinal0 [0x00007FF6DA8076DF+1013471]\n\tOrdinal0 [0x00007FF6DA81B9E7+1096167]\n\tOrdinal0 [0x00007FF6DA8074B3+1012915]\n\tOrdinal0 [0x00007FF6DA7DE440+844864]\n\tOrdinal0 [0x00007FF6DA7DF848+849992]\n\tMicrosoft::Applications::Events::EventProperty::EventProperty [0x00007FF6DAA717D8+120584]\n\tMicrosoft::Applications::Events::EventProperty::EventProperty [0x00007FF6DAA5CE1E+36174]\n\tMicrosoft::Applications::Events::EventProperty::EventProperty [0x00007FF6DAA6001C+48972]\n\tMicrosoft::Applications::Events::EventProperty::to_string [0x00007FF6DA8B0716+30806]\n\tMicrosoft::Applications::Events::time_ticks_t::time_ticks_t [0x00007FF6DACB4611+569313]\n\tMicrosoft::Applications::Events::time_ticks_t::time_ticks_t [0x00007FF6DACB9044+588308]\n\tMicrosoft::Applications::Events::time_ticks_t::time_ticks_t [0x00007FF6DACB919D+588653]\n\tMicrosoft::Applications::Events::time_ticks_t::time_ticks_t [0x00007FF6DACC292E+627454]\n\tBaseThreadInitThunk [0x00007FFACD497034+20]\n\tRtlUserThreadStart [0x00007FFACECA2651+33]\n\n", "trace": "  File \"C:\\Users\\Admin\\AppData\\Local\\Programs\\Python\\Python310\\lib\\site-packages\\behave\\model.py\", line 1329, in run\n    match.run(runner.context)\n  File \"C:\\Users\\Admin\\AppData\\Local\\Programs\\Python\\Python310\\lib\\site-packages\\behave\\matchers.py\", line 98, in run\n    self.func(context, *args, **kwargs)\n  File \"features\\steps\\SearchPageSteps.py\", line 53, in step_impl\n    isCheck = context.driver.find_element_by_xpath(list_item).is_enabled()\n  File \"C:\\Users\\Admin\\AppData\\Local\\Programs\\Python\\Python310\\lib\\site-packages\\selenium\\webdriver\\remote\\webdriver.py\", line 521, in find_element_by_xpath\n    return self.find_element(by=By.XPATH, value=xpath)\n  File \"C:\\Users\\Admin\\AppData\\Local\\Programs\\Python\\Python310\\lib\\site-packages\\selenium\\webdriver\\remote\\webdriver.py\", line 1248, in find_element\n    return self.execute(Command.FIND_ELEMENT, {\n  File \"C:\\Users\\Admin\\AppData\\Local\\Programs\\Python\\Python310\\lib\\site-packages\\selenium\\webdriver\\remote\\webdriver.py\", line 425, in execute\n    self.error_handler.check_response(response)\n  File \"C:\\Users\\Admin\\AppData\\Local\\Programs\\Python\\Python310\\lib\\site-packages\\selenium\\webdriver\\remote\\errorhandler.py\", line 247, in check_response\n    raise exception_class(message, screen, stacktrace)\n"}, "steps": [{"name": "Given Launch the browser search", "status": "passed", "start": 1652842456815, "stop": 1652842467503}, {"name": "When identify search box & enter search text", "status": "broken", "statusDetails": {"message": "selenium.common.exceptions.NoSuchElementException: Message: no such element: Unable to locate element: {\"method\":\"xpath\",\"selector\":\"//*[@id=\"all-search-ds-results\"]/div/div/ol\"}\n  (Session info: MicrosoftEdge=101.0.1210.47)\nStacktrace:\nBacktrace:\n\tMicrosoft::Applications::Events::EventProperties::unpack [0x00007FF6DAD6CC52+24658]\n\tMicrosoft::Applications::Events::time_ticks_t::time_ticks_t [0x00007FF6DACAD342+539922]\n\tOrdinal0 [0x00007FF6DA7B0F05+659205]\n\tOrdinal0 [0x00007FF6DA7EC1F1+901617]\n\tOrdinal0 [0x00007FF6DA7EC403+902147]\n\tOrdinal0 [0x00007FF6DA81E397+1106839]\n\tOrdinal0 [0x00007FF6DA8076DF+1013471]\n\tOrdinal0 [0x00007FF6DA81B9E7+1096167]\n\tOrdinal0 [0x00007FF6DA8074B3+1012915]\n\tOrdinal0 [0x00007FF6DA7DE440+844864]\n\tOrdinal0 [0x00007FF6DA7DF848+849992]\n\tMicrosoft::Applications::Events::EventProperty::EventProperty [0x00007FF6DAA717D8+120584]\n\tMicrosoft::Applications::Events::EventProperty::EventProperty [0x00007FF6DAA5CE1E+36174]\n\tMicrosoft::Applications::Events::EventProperty::EventProperty [0x00007FF6DAA6001C+48972]\n\tMicrosoft::Applications::Events::EventProperty::to_string [0x00007FF6DA8B0716+30806]\n\tMicrosoft::Applications::Events::time_ticks_t::time_ticks_t [0x00007FF6DACB4611+569313]\n\tMicrosoft::Applications::Events::time_ticks_t::time_ticks_t [0x00007FF6DACB9044+588308]\n\tMicrosoft::Applications::Events::time_ticks_t::time_ticks_t [0x00007FF6DACB919D+588653]\n\tMicrosoft::Applications::Events::time_ticks_t::time_ticks_t [0x00007FF6DACC292E+627454]\n\tBaseThreadInitThunk [0x00007FFACD497034+20]\n\tRtlUserThreadStart [0x00007FFACECA2651+33]\n\n", "trace": "  File \"C:\\Users\\Admin\\AppData\\Local\\Programs\\Python\\Python310\\lib\\site-packages\\behave\\model.py\", line 1329, in run\n    match.run(runner.context)\n  File \"C:\\Users\\Admin\\AppData\\Local\\Programs\\Python\\Python310\\lib\\site-packages\\behave\\matchers.py\", line 98, in run\n    self.func(context, *args, **kwargs)\n  File \"features\\steps\\SearchPageSteps.py\", line 53, in step_impl\n    isCheck = context.driver.find_element_by_xpath(list_item).is_enabled()\n  File \"C:\\Users\\Admin\\AppData\\Local\\Programs\\Python\\Python310\\lib\\site-packages\\selenium\\webdriver\\remote\\webdriver.py\", line 521, in find_element_by_xpath\n    return self.find_element(by=By.XPATH, value=xpath)\n  File \"C:\\Users\\Admin\\AppData\\Local\\Programs\\Python\\Python310\\lib\\site-packages\\selenium\\webdriver\\remote\\webdriver.py\", line 1248, in find_element\n    return self.execute(Command.FIND_ELEMENT, {\n  File \"C:\\Users\\Admin\\AppData\\Local\\Programs\\Python\\Python310\\lib\\site-packages\\selenium\\webdriver\\remote\\webdriver.py\", line 425, in execute\n    self.error_handler.check_response(response)\n  File \"C:\\Users\\Admin\\AppData\\Local\\Programs\\Python\\Python310\\lib\\site-packages\\selenium\\webdriver\\remote\\errorhandler.py\", line 247, in check_response\n    raise exception_class(message, screen, stacktrace)\n"}, "start": 1652842467503, "stop": 1652842481412}], "start": 1652842456815, "stop": 1652842481412, "uuid": "f4f9bdc7-f30f-4800-a3c4-1b4d97a20def", "historyId": "a19b099830267cd482319767c78a8669", "fullName": "Test the browserstack application Home Page: Search Automation in Home Page", "labels": [{"name": "severity", "value": "normal"}, {"name": "feature", "value": "Test the browserstack application Home Page"}, {"name": "framework", "value": "behave"}, {"name": "language", "value": "cpython3"}]}