{"name": "Verify login functionality", "status": "broken", "statusDetails": {"message": "selenium.common.exceptions.ElementNotInteractableException: Message: element not interactable\n  (Session info: MicrosoftEdge=101.0.1210.47)\nStacktrace:\nBacktrace:\n\tMicrosoft::Applications::Events::EventProperties::unpack [0x00007FF6EAE8CC52+24658]\n\tMicrosoft::Applications::Events::time_ticks_t::time_ticks_t [0x00007FF6EADCD342+539922]\n\tOrdinal0 [0x00007FF6EA8D0DBB+658875]\n\tOrdinal0 [0x00007FF6EA9063BC+877500]\n\tOrdinal0 [0x00007FF6EA90577B+874363]\n\tOrdinal0 [0x00007FF6EA92769A+1013402]\n\tOrdinal0 [0x00007FF6EA8FFF34+851764]\n\tOrdinal0 [0x00007FF6EA9279B0+1014192]\n\tOrdinal0 [0x00007FF6EA93B9E7+1096167]\n\tOrdinal0 [0x00007FF6EA9274B3+1012915]\n\tOrdinal0 [0x00007FF6EA8FE440+844864]\n\tOrdinal0 [0x00007FF6EA8FF848+849992]\n\tMicrosoft::Applications::Events::EventProperty::EventProperty [0x00007FF6EAB917D8+120584]\n\tMicrosoft::Applications::Events::EventProperty::EventProperty [0x00007FF6EAB7CE1E+36174]\n\tMicrosoft::Applications::Events::EventProperty::EventProperty [0x00007FF6EAB8001C+48972]\n\tMicrosoft::Applications::Events::EventProperty::to_string [0x00007FF6EA9D0716+30806]\n\tMicrosoft::Applications::Events::time_ticks_t::time_ticks_t [0x00007FF6EADD4611+569313]\n\tMicrosoft::Applications::Events::time_ticks_t::time_ticks_t [0x00007FF6EADD9044+588308]\n\tMicrosoft::Applications::Events::time_ticks_t::time_ticks_t [0x00007FF6EADD919D+588653]\n\tMicrosoft::Applications::Events::time_ticks_t::time_ticks_t [0x00007FF6EADE292E+627454]\n\tBaseThreadInitThunk [0x00007FFACD497034+20]\n\tRtlUserThreadStart [0x00007FFACECA2651+33]\n\n", "trace": "  File \"C:\\Users\\Admin\\venv\\lib\\site-packages\\behave\\model.py\", line 1329, in run\n    match.run(runner.context)\n  File \"C:\\Users\\Admin\\venv\\lib\\site-packages\\behave\\matchers.py\", line 98, in run\n    self.func(context, *args, **kwargs)\n  File \"features\\steps\\LoginPageSteps.py\", line 46, in step_impl\n    lpage.setpassword(password)\n  File \"C:\\Users\\Admin\\PycharmProjects\\pythonProject\\pages\\loginPage.py\", line 23, in setpassword\n    self.driver.find_element_by_id(self.txt_password_id).send_keys(character)\n  File \"C:\\Users\\Admin\\venv\\lib\\site-packages\\selenium\\webdriver\\remote\\webelement.py\", line 540, in send_keys\n    self._execute(Command.SEND_KEYS_TO_ELEMENT,\n  File \"C:\\Users\\Admin\\venv\\lib\\site-packages\\selenium\\webdriver\\remote\\webelement.py\", line 710, in _execute\n    return self._parent.execute(command, params)\n  File \"C:\\Users\\Admin\\venv\\lib\\site-packages\\selenium\\webdriver\\remote\\webdriver.py\", line 425, in execute\n    self.error_handler.check_response(response)\n  File \"C:\\Users\\Admin\\venv\\lib\\site-packages\\selenium\\webdriver\\remote\\errorhandler.py\", line 247, in check_response\n    raise exception_class(message, screen, stacktrace)\n"}, "steps": [{"name": "Given Launch the App", "status": "passed", "start": 1652852112084, "stop": 1652852119615}, {"name": "When Enter login credentials", "status": "broken", "statusDetails": {"message": "selenium.common.exceptions.ElementNotInteractableException: Message: element not interactable\n  (Session info: MicrosoftEdge=101.0.1210.47)\nStacktrace:\nBacktrace:\n\tMicrosoft::Applications::Events::EventProperties::unpack [0x00007FF6EAE8CC52+24658]\n\tMicrosoft::Applications::Events::time_ticks_t::time_ticks_t [0x00007FF6EADCD342+539922]\n\tOrdinal0 [0x00007FF6EA8D0DBB+658875]\n\tOrdinal0 [0x00007FF6EA9063BC+877500]\n\tOrdinal0 [0x00007FF6EA90577B+874363]\n\tOrdinal0 [0x00007FF6EA92769A+1013402]\n\tOrdinal0 [0x00007FF6EA8FFF34+851764]\n\tOrdinal0 [0x00007FF6EA9279B0+1014192]\n\tOrdinal0 [0x00007FF6EA93B9E7+1096167]\n\tOrdinal0 [0x00007FF6EA9274B3+1012915]\n\tOrdinal0 [0x00007FF6EA8FE440+844864]\n\tOrdinal0 [0x00007FF6EA8FF848+849992]\n\tMicrosoft::Applications::Events::EventProperty::EventProperty [0x00007FF6EAB917D8+120584]\n\tMicrosoft::Applications::Events::EventProperty::EventProperty [0x00007FF6EAB7CE1E+36174]\n\tMicrosoft::Applications::Events::EventProperty::EventProperty [0x00007FF6EAB8001C+48972]\n\tMicrosoft::Applications::Events::EventProperty::to_string [0x00007FF6EA9D0716+30806]\n\tMicrosoft::Applications::Events::time_ticks_t::time_ticks_t [0x00007FF6EADD4611+569313]\n\tMicrosoft::Applications::Events::time_ticks_t::time_ticks_t [0x00007FF6EADD9044+588308]\n\tMicrosoft::Applications::Events::time_ticks_t::time_ticks_t [0x00007FF6EADD919D+588653]\n\tMicrosoft::Applications::Events::time_ticks_t::time_ticks_t [0x00007FF6EADE292E+627454]\n\tBaseThreadInitThunk [0x00007FFACD497034+20]\n\tRtlUserThreadStart [0x00007FFACECA2651+33]\n\n", "trace": "  File \"C:\\Users\\Admin\\venv\\lib\\site-packages\\behave\\model.py\", line 1329, in run\n    match.run(runner.context)\n  File \"C:\\Users\\Admin\\venv\\lib\\site-packages\\behave\\matchers.py\", line 98, in run\n    self.func(context, *args, **kwargs)\n  File \"features\\steps\\LoginPageSteps.py\", line 46, in step_impl\n    lpage.setpassword(password)\n  File \"C:\\Users\\Admin\\PycharmProjects\\pythonProject\\pages\\loginPage.py\", line 23, in setpassword\n    self.driver.find_element_by_id(self.txt_password_id).send_keys(character)\n  File \"C:\\Users\\Admin\\venv\\lib\\site-packages\\selenium\\webdriver\\remote\\webelement.py\", line 540, in send_keys\n    self._execute(Command.SEND_KEYS_TO_ELEMENT,\n  File \"C:\\Users\\Admin\\venv\\lib\\site-packages\\selenium\\webdriver\\remote\\webelement.py\", line 710, in _execute\n    return self._parent.execute(command, params)\n  File \"C:\\Users\\Admin\\venv\\lib\\site-packages\\selenium\\webdriver\\remote\\webdriver.py\", line 425, in execute\n    self.error_handler.check_response(response)\n  File \"C:\\Users\\Admin\\venv\\lib\\site-packages\\selenium\\webdriver\\remote\\errorhandler.py\", line 247, in check_response\n    raise exception_class(message, screen, stacktrace)\n"}, "start": 1652852119616, "stop": 1652852143692}, {"name": "Then Screenshot login", "status": "skipped", "start": 1652852143694, "stop": 1652852143694}, {"name": "Then Handle logout", "status": "skipped", "start": 1652852143694, "stop": 1652852143694}, {"name": "And Close the App", "status": "skipped", "start": 1652852143694, "stop": 1652852143694}], "start": 1652852112084, "stop": 1652852143694, "uuid": "2096f269-f7d1-4cf9-ba7f-398e3e65f7bc", "historyId": "78312a81aac68709df3e875a56139dfa", "fullName": "Test the browserstack application Login Page: Verify login functionality", "labels": [{"name": "severity", "value": "normal"}, {"name": "feature", "value": "Test the browserstack application Login Page"}, {"name": "framework", "value": "behave"}, {"name": "language", "value": "cpython3"}]}