{"name": "Search Automation in Home Page", "status": "broken", "statusDetails": {"message": "selenium.common.exceptions.NoSuchElementException: Message: no such element: Unable to locate element: {\"method\":\"xpath\",\"selector\":\"//*[@id=\"all-search-ds-results\"]/div/div/ol\"}\n  (Session info: MicrosoftEdge=101.0.1210.47)\nStacktrace:\nBacktrace:\n\tMicrosoft::Applications::Events::EventProperties::unpack [0x00007FF7B3A5CC52+24658]\n\tMicrosoft::Applications::Events::time_ticks_t::time_ticks_t [0x00007FF7B399D342+539922]\n\tOrdinal0 [0x00007FF7B34A0F05+659205]\n\tOrdinal0 [0x00007FF7B34DC1F1+901617]\n\tOrdinal0 [0x00007FF7B34DC403+902147]\n\tOrdinal0 [0x00007FF7B350E397+1106839]\n\tOrdinal0 [0x00007FF7B34F76DF+1013471]\n\tOrdinal0 [0x00007FF7B350B9E7+1096167]\n\tOrdinal0 [0x00007FF7B34F74B3+1012915]\n\tOrdinal0 [0x00007FF7B34CE440+844864]\n\tOrdinal0 [0x00007FF7B34CF848+849992]\n\tMicrosoft::Applications::Events::EventProperty::EventProperty [0x00007FF7B37617D8+120584]\n\tMicrosoft::Applications::Events::EventProperty::EventProperty [0x00007FF7B374CE1E+36174]\n\tMicrosoft::Applications::Events::EventProperty::EventProperty [0x00007FF7B375001C+48972]\n\tMicrosoft::Applications::Events::EventProperty::to_string [0x00007FF7B35A0716+30806]\n\tMicrosoft::Applications::Events::time_ticks_t::time_ticks_t [0x00007FF7B39A4611+569313]\n\tMicrosoft::Applications::Events::time_ticks_t::time_ticks_t [0x00007FF7B39A9044+588308]\n\tMicrosoft::Applications::Events::time_ticks_t::time_ticks_t [0x00007FF7B39A919D+588653]\n\tMicrosoft::Applications::Events::time_ticks_t::time_ticks_t [0x00007FF7B39B292E+627454]\n\tBaseThreadInitThunk [0x00007FFACD497034+20]\n\tRtlUserThreadStart [0x00007FFACECA2651+33]\n\n", "trace": "  File \"C:\\Users\\Admin\\AppData\\Local\\Programs\\Python\\Python310\\lib\\site-packages\\behave\\model.py\", line 1329, in run\n    match.run(runner.context)\n  File \"C:\\Users\\Admin\\AppData\\Local\\Programs\\Python\\Python310\\lib\\site-packages\\behave\\matchers.py\", line 98, in run\n    self.func(context, *args, **kwargs)\n  File \"features\\steps\\SearchPageSteps.py\", line 53, in step_impl\n    listElement = context.driver.find_element_by_xpath(list_item)\n  File \"C:\\Users\\Admin\\AppData\\Local\\Programs\\Python\\Python310\\lib\\site-packages\\selenium\\webdriver\\remote\\webdriver.py\", line 521, in find_element_by_xpath\n    return self.find_element(by=By.XPATH, value=xpath)\n  File \"C:\\Users\\Admin\\AppData\\Local\\Programs\\Python\\Python310\\lib\\site-packages\\selenium\\webdriver\\remote\\webdriver.py\", line 1248, in find_element\n    return self.execute(Command.FIND_ELEMENT, {\n  File \"C:\\Users\\Admin\\AppData\\Local\\Programs\\Python\\Python310\\lib\\site-packages\\selenium\\webdriver\\remote\\webdriver.py\", line 425, in execute\n    self.error_handler.check_response(response)\n  File \"C:\\Users\\Admin\\AppData\\Local\\Programs\\Python\\Python310\\lib\\site-packages\\selenium\\webdriver\\remote\\errorhandler.py\", line 247, in check_response\n    raise exception_class(message, screen, stacktrace)\n"}, "steps": [{"name": "Given Launch the browser search", "status": "passed", "start": 1652842984872, "stop": 1652842991014}, {"name": "When identify search box & enter search text", "status": "broken", "statusDetails": {"message": "selenium.common.exceptions.NoSuchElementException: Message: no such element: Unable to locate element: {\"method\":\"xpath\",\"selector\":\"//*[@id=\"all-search-ds-results\"]/div/div/ol\"}\n  (Session info: MicrosoftEdge=101.0.1210.47)\nStacktrace:\nBacktrace:\n\tMicrosoft::Applications::Events::EventProperties::unpack [0x00007FF7B3A5CC52+24658]\n\tMicrosoft::Applications::Events::time_ticks_t::time_ticks_t [0x00007FF7B399D342+539922]\n\tOrdinal0 [0x00007FF7B34A0F05+659205]\n\tOrdinal0 [0x00007FF7B34DC1F1+901617]\n\tOrdinal0 [0x00007FF7B34DC403+902147]\n\tOrdinal0 [0x00007FF7B350E397+1106839]\n\tOrdinal0 [0x00007FF7B34F76DF+1013471]\n\tOrdinal0 [0x00007FF7B350B9E7+1096167]\n\tOrdinal0 [0x00007FF7B34F74B3+1012915]\n\tOrdinal0 [0x00007FF7B34CE440+844864]\n\tOrdinal0 [0x00007FF7B34CF848+849992]\n\tMicrosoft::Applications::Events::EventProperty::EventProperty [0x00007FF7B37617D8+120584]\n\tMicrosoft::Applications::Events::EventProperty::EventProperty [0x00007FF7B374CE1E+36174]\n\tMicrosoft::Applications::Events::EventProperty::EventProperty [0x00007FF7B375001C+48972]\n\tMicrosoft::Applications::Events::EventProperty::to_string [0x00007FF7B35A0716+30806]\n\tMicrosoft::Applications::Events::time_ticks_t::time_ticks_t [0x00007FF7B39A4611+569313]\n\tMicrosoft::Applications::Events::time_ticks_t::time_ticks_t [0x00007FF7B39A9044+588308]\n\tMicrosoft::Applications::Events::time_ticks_t::time_ticks_t [0x00007FF7B39A919D+588653]\n\tMicrosoft::Applications::Events::time_ticks_t::time_ticks_t [0x00007FF7B39B292E+627454]\n\tBaseThreadInitThunk [0x00007FFACD497034+20]\n\tRtlUserThreadStart [0x00007FFACECA2651+33]\n\n", "trace": "  File \"C:\\Users\\Admin\\AppData\\Local\\Programs\\Python\\Python310\\lib\\site-packages\\behave\\model.py\", line 1329, in run\n    match.run(runner.context)\n  File \"C:\\Users\\Admin\\AppData\\Local\\Programs\\Python\\Python310\\lib\\site-packages\\behave\\matchers.py\", line 98, in run\n    self.func(context, *args, **kwargs)\n  File \"features\\steps\\SearchPageSteps.py\", line 53, in step_impl\n    listElement = context.driver.find_element_by_xpath(list_item)\n  File \"C:\\Users\\Admin\\AppData\\Local\\Programs\\Python\\Python310\\lib\\site-packages\\selenium\\webdriver\\remote\\webdriver.py\", line 521, in find_element_by_xpath\n    return self.find_element(by=By.XPATH, value=xpath)\n  File \"C:\\Users\\Admin\\AppData\\Local\\Programs\\Python\\Python310\\lib\\site-packages\\selenium\\webdriver\\remote\\webdriver.py\", line 1248, in find_element\n    return self.execute(Command.FIND_ELEMENT, {\n  File \"C:\\Users\\Admin\\AppData\\Local\\Programs\\Python\\Python310\\lib\\site-packages\\selenium\\webdriver\\remote\\webdriver.py\", line 425, in execute\n    self.error_handler.check_response(response)\n  File \"C:\\Users\\Admin\\AppData\\Local\\Programs\\Python\\Python310\\lib\\site-packages\\selenium\\webdriver\\remote\\errorhandler.py\", line 247, in check_response\n    raise exception_class(message, screen, stacktrace)\n"}, "start": 1652842991014, "stop": 1652843003746}], "start": 1652842984871, "stop": 1652843003746, "uuid": "ad52c67b-ff7d-4577-a46a-c23e48737584", "historyId": "a19b099830267cd482319767c78a8669", "fullName": "Test the browserstack application Home Page: Search Automation in Home Page", "labels": [{"name": "severity", "value": "normal"}, {"name": "feature", "value": "Test the browserstack application Home Page"}, {"name": "framework", "value": "behave"}, {"name": "language", "value": "cpython3"}]}